[0.793s] Invoking command in '/home/jash/ros2_ws2/build/sim': PYTHONPATH=/home/jash/ros2_ws2/build/sim/prefix_override:/home/jash/ros2_ws2/install/sim/lib/python3.10/site-packages:${PYTHONPATH} /usr/bin/python3 setup.py develop --uninstall --editable --build-directory /home/jash/ros2_ws2/build/sim/build
[1.006s] running develop
[1.137s] Removing /home/jash/ros2_ws2/install/sim/lib/python3.10/site-packages/sim.egg-link (link to .)
[1.176s] Invoked command in '/home/jash/ros2_ws2/build/sim' returned '0': PYTHONPATH=/home/jash/ros2_ws2/build/sim/prefix_override:/home/jash/ros2_ws2/install/sim/lib/python3.10/site-packages:${PYTHONPATH} /usr/bin/python3 setup.py develop --uninstall --editable --build-directory /home/jash/ros2_ws2/build/sim/build
[1.180s] Invoking command in '/home/jash/ros2_ws2/src/sim': PYTHONPATH=/home/jash/ros2_ws2/build/sim/prefix_override:/home/jash/ros2_ws2/install/sim/lib/python3.10/site-packages:${PYTHONPATH} /usr/bin/python3 setup.py egg_info --egg-base ../../build/sim build --build-base /home/jash/ros2_ws2/build/sim/build install --record /home/jash/ros2_ws2/build/sim/install.log --single-version-externally-managed
[1.369s] running egg_info
[1.369s] writing ../../build/sim/sim.egg-info/PKG-INFO
[1.370s] writing dependency_links to ../../build/sim/sim.egg-info/dependency_links.txt
[1.371s] writing entry points to ../../build/sim/sim.egg-info/entry_points.txt
[1.371s] writing requirements to ../../build/sim/sim.egg-info/requires.txt
[1.371s] writing top-level names to ../../build/sim/sim.egg-info/top_level.txt
[1.372s] reading manifest file '../../build/sim/sim.egg-info/SOURCES.txt'
[1.372s] adding license file 'LICENSE'
[1.373s] writing manifest file '../../build/sim/sim.egg-info/SOURCES.txt'
[1.373s] running build
[1.373s] running build_py
[1.374s] running install
[1.375s] running install_lib
[1.375s] copying /home/jash/ros2_ws2/build/sim/build/lib/sim/__init__.py -> /home/jash/ros2_ws2/install/sim/lib/python3.10/site-packages/sim
[1.375s] copying /home/jash/ros2_ws2/build/sim/build/lib/sim/sim0.py -> /home/jash/ros2_ws2/install/sim/lib/python3.10/site-packages/sim
[1.380s] byte-compiling /home/jash/ros2_ws2/install/sim/lib/python3.10/site-packages/sim/__init__.py to __init__.cpython-310.pyc
[1.381s] byte-compiling /home/jash/ros2_ws2/install/sim/lib/python3.10/site-packages/sim/sim0.py to sim0.cpython-310.pyc
[1.381s] running install_data
[1.381s] running install_egg_info
[1.382s] Copying ../../build/sim/sim.egg-info to /home/jash/ros2_ws2/install/sim/lib/python3.10/site-packages/sim-0.0.0-py3.10.egg-info
[1.382s] running install_scripts
[1.395s] Installing sim0 script to /home/jash/ros2_ws2/install/sim/lib/sim
[1.395s] writing list of installed files to '/home/jash/ros2_ws2/build/sim/install.log'
[1.431s] Invoked command in '/home/jash/ros2_ws2/src/sim' returned '0': PYTHONPATH=/home/jash/ros2_ws2/build/sim/prefix_override:/home/jash/ros2_ws2/install/sim/lib/python3.10/site-packages:${PYTHONPATH} /usr/bin/python3 setup.py egg_info --egg-base ../../build/sim build --build-base /home/jash/ros2_ws2/build/sim/build install --record /home/jash/ros2_ws2/build/sim/install.log --single-version-externally-managed
