[1.784s] Invoking command in '/home/jash/ros2_ws2/src/circle': PYTHONPATH=/home/jash/ros2_ws2/build/circle/prefix_override:/home/jash/ros2_ws2/install/circle/lib/python3.10/site-packages:${PYTHONPATH} /usr/bin/python3 setup.py egg_info --egg-base ../../build/circle build --build-base /home/jash/ros2_ws2/build/circle/build install --record /home/jash/ros2_ws2/build/circle/install.log --single-version-externally-managed
[2.113s] running egg_info
[2.114s] writing ../../build/circle/circle.egg-info/PKG-INFO
[2.114s] writing dependency_links to ../../build/circle/circle.egg-info/dependency_links.txt
[2.114s] writing entry points to ../../build/circle/circle.egg-info/entry_points.txt
[2.114s] writing requirements to ../../build/circle/circle.egg-info/requires.txt
[2.115s] writing top-level names to ../../build/circle/circle.egg-info/top_level.txt
[2.116s] reading manifest file '../../build/circle/circle.egg-info/SOURCES.txt'
[2.118s] writing manifest file '../../build/circle/circle.egg-info/SOURCES.txt'
[2.118s] running build
[2.118s] running build_py
[2.118s] running install
[2.118s] running install_lib
[2.119s] running install_data
[2.120s] running install_egg_info
[2.121s] removing '/home/jash/ros2_ws2/install/circle/lib/python3.10/site-packages/circle-0.0.0-py3.10.egg-info' (and everything under it)
[2.122s] Copying ../../build/circle/circle.egg-info to /home/jash/ros2_ws2/install/circle/lib/python3.10/site-packages/circle-0.0.0-py3.10.egg-info
[2.123s] running install_scripts
[2.146s] Installing circle_drawing script to /home/jash/ros2_ws2/install/circle/lib/circle
[2.147s] writing list of installed files to '/home/jash/ros2_ws2/build/circle/install.log'
[2.180s] Invoked command in '/home/jash/ros2_ws2/src/circle' returned '0': PYTHONPATH=/home/jash/ros2_ws2/build/circle/prefix_override:/home/jash/ros2_ws2/install/circle/lib/python3.10/site-packages:${PYTHONPATH} /usr/bin/python3 setup.py egg_info --egg-base ../../build/circle build --build-base /home/jash/ros2_ws2/build/circle/build install --record /home/jash/ros2_ws2/build/circle/install.log --single-version-externally-managed
