[1.923s] Invoking command in '/home/jash/ros2_ws2/src/circle': PYTHONPATH=/home/jash/ros2_ws2/build/circle/prefix_override:/home/jash/ros2_ws2/install/circle/lib/python3.10/site-packages:${PYTHONPATH} /usr/bin/python3 setup.py egg_info --egg-base ../../build/circle build --build-base /home/jash/ros2_ws2/build/circle/build install --record /home/jash/ros2_ws2/build/circle/install.log --single-version-externally-managed
[2.373s] running egg_info
[2.374s] writing ../../build/circle/circle.egg-info/PKG-INFO
[2.374s] writing dependency_links to ../../build/circle/circle.egg-info/dependency_links.txt
[2.374s] writing entry points to ../../build/circle/circle.egg-info/entry_points.txt
[2.374s] writing requirements to ../../build/circle/circle.egg-info/requires.txt
[2.374s] writing top-level names to ../../build/circle/circle.egg-info/top_level.txt
[2.374s] reading manifest file '../../build/circle/circle.egg-info/SOURCES.txt'
[2.374s] writing manifest file '../../build/circle/circle.egg-info/SOURCES.txt'
[2.377s] running build
[2.377s] running build_py
[2.377s] copying circle/circle_drawing.py -> /home/jash/ros2_ws2/build/circle/build/lib/circle
[2.380s] running install
[2.385s] running install_lib
[2.385s] copying /home/jash/ros2_ws2/build/circle/build/lib/circle/circle_drawing.py -> /home/jash/ros2_ws2/install/circle/lib/python3.10/site-packages/circle
[2.387s] byte-compiling /home/jash/ros2_ws2/install/circle/lib/python3.10/site-packages/circle/circle_drawing.py to circle_drawing.cpython-310.pyc
[2.392s] running install_data
[2.392s] running install_egg_info
[2.395s] removing '/home/jash/ros2_ws2/install/circle/lib/python3.10/site-packages/circle-0.0.0-py3.10.egg-info' (and everything under it)
[2.400s] Copying ../../build/circle/circle.egg-info to /home/jash/ros2_ws2/install/circle/lib/python3.10/site-packages/circle-0.0.0-py3.10.egg-info
[2.409s] running install_scripts
[2.465s] Installing circle_drawing script to /home/jash/ros2_ws2/install/circle/lib/circle
[2.466s] Installing circle_drawing2 script to /home/jash/ros2_ws2/install/circle/lib/circle
[2.466s] writing list of installed files to '/home/jash/ros2_ws2/build/circle/install.log'
[2.530s] Invoked command in '/home/jash/ros2_ws2/src/circle' returned '0': PYTHONPATH=/home/jash/ros2_ws2/build/circle/prefix_override:/home/jash/ros2_ws2/install/circle/lib/python3.10/site-packages:${PYTHONPATH} /usr/bin/python3 setup.py egg_info --egg-base ../../build/circle build --build-base /home/jash/ros2_ws2/build/circle/build install --record /home/jash/ros2_ws2/build/circle/install.log --single-version-externally-managed
