[1.232s] Invoking command in '/home/jash/ros2_ws2/src/circle': PYTHONPATH=/home/jash/ros2_ws2/build/circle/prefix_override:/home/jash/ros2_ws2/install/circle/lib/python3.10/site-packages:${PYTHONPATH} /usr/bin/python3 setup.py egg_info --egg-base ../../build/circle build --build-base /home/jash/ros2_ws2/build/circle/build install --record /home/jash/ros2_ws2/build/circle/install.log --single-version-externally-managed
[1.533s] running egg_info
[1.534s] writing ../../build/circle/circle.egg-info/PKG-INFO
[1.535s] writing dependency_links to ../../build/circle/circle.egg-info/dependency_links.txt
[1.536s] writing entry points to ../../build/circle/circle.egg-info/entry_points.txt
[1.536s] writing requirements to ../../build/circle/circle.egg-info/requires.txt
[1.539s] writing top-level names to ../../build/circle/circle.egg-info/top_level.txt
[1.541s] reading manifest file '../../build/circle/circle.egg-info/SOURCES.txt'
[1.542s] writing manifest file '../../build/circle/circle.egg-info/SOURCES.txt'
[1.542s] running build
[1.543s] running build_py
[1.543s] running install
[1.544s] running install_lib
[1.546s] running install_data
[1.546s] running install_egg_info
[1.548s] removing '/home/jash/ros2_ws2/install/circle/lib/python3.10/site-packages/circle-0.0.0-py3.10.egg-info' (and everything under it)
[1.550s] Copying ../../build/circle/circle.egg-info to /home/jash/ros2_ws2/install/circle/lib/python3.10/site-packages/circle-0.0.0-py3.10.egg-info
[1.555s] running install_scripts
[1.579s] Installing circle_drawing script to /home/jash/ros2_ws2/install/circle/lib/circle
[1.579s] Installing circle_drawing2 script to /home/jash/ros2_ws2/install/circle/lib/circle
[1.579s] writing list of installed files to '/home/jash/ros2_ws2/build/circle/install.log'
[1.627s] Invoked command in '/home/jash/ros2_ws2/src/circle' returned '0': PYTHONPATH=/home/jash/ros2_ws2/build/circle/prefix_override:/home/jash/ros2_ws2/install/circle/lib/python3.10/site-packages:${PYTHONPATH} /usr/bin/python3 setup.py egg_info --egg-base ../../build/circle build --build-base /home/jash/ros2_ws2/build/circle/build install --record /home/jash/ros2_ws2/build/circle/install.log --single-version-externally-managed
