[0.775s] Invoking command in '/home/jash/ros2_ws2/src/sim': PYTHONPATH=/home/jash/ros2_ws2/build/sim/prefix_override:/home/jash/ros2_ws2/install/sim/lib/python3.10/site-packages:${PYTHONPATH} /usr/bin/python3 setup.py egg_info --egg-base ../../build/sim build --build-base /home/jash/ros2_ws2/build/sim/build install --record /home/jash/ros2_ws2/build/sim/install.log --single-version-externally-managed
[0.992s] running egg_info
[0.992s] writing ../../build/sim/sim.egg-info/PKG-INFO
[0.993s] writing dependency_links to ../../build/sim/sim.egg-info/dependency_links.txt
[0.993s] writing entry points to ../../build/sim/sim.egg-info/entry_points.txt
[0.994s] writing requirements to ../../build/sim/sim.egg-info/requires.txt
[0.994s] writing top-level names to ../../build/sim/sim.egg-info/top_level.txt
[0.997s] reading manifest file '../../build/sim/sim.egg-info/SOURCES.txt'
[0.997s] adding license file 'LICENSE'
[0.998s] writing manifest file '../../build/sim/sim.egg-info/SOURCES.txt'
[0.998s] running build
[0.998s] running build_py
[0.999s] running install
[0.999s] running install_lib
[1.000s] running install_data
[1.001s] running install_egg_info
[1.002s] removing '/home/jash/ros2_ws2/install/sim/lib/python3.10/site-packages/sim-0.0.0-py3.10.egg-info' (and everything under it)
[1.004s] Copying ../../build/sim/sim.egg-info to /home/jash/ros2_ws2/install/sim/lib/python3.10/site-packages/sim-0.0.0-py3.10.egg-info
[1.008s] running install_scripts
[1.026s] Installing sim0 script to /home/jash/ros2_ws2/install/sim/lib/sim
[1.027s] writing list of installed files to '/home/jash/ros2_ws2/build/sim/install.log'
[1.075s] Invoked command in '/home/jash/ros2_ws2/src/sim' returned '0': PYTHONPATH=/home/jash/ros2_ws2/build/sim/prefix_override:/home/jash/ros2_ws2/install/sim/lib/python3.10/site-packages:${PYTHONPATH} /usr/bin/python3 setup.py egg_info --egg-base ../../build/sim build --build-base /home/jash/ros2_ws2/build/sim/build install --record /home/jash/ros2_ws2/build/sim/install.log --single-version-externally-managed
