[0.993s] Invoking command in '/home/jash/ros2_ws2/src/circle': PYTHONPATH=/home/jash/ros2_ws2/build/circle/prefix_override:/home/jash/ros2_ws2/install/circle/lib/python3.10/site-packages:${PYTHONPATH} /usr/bin/python3 setup.py egg_info --egg-base ../../build/circle build --build-base /home/jash/ros2_ws2/build/circle/build install --record /home/jash/ros2_ws2/build/circle/install.log --single-version-externally-managed
[1.205s] running egg_info
[1.206s] writing ../../build/circle/circle.egg-info/PKG-INFO
[1.206s] writing dependency_links to ../../build/circle/circle.egg-info/dependency_links.txt
[1.207s] writing entry points to ../../build/circle/circle.egg-info/entry_points.txt
[1.207s] writing requirements to ../../build/circle/circle.egg-info/requires.txt
[1.207s] writing top-level names to ../../build/circle/circle.egg-info/top_level.txt
[1.210s] reading manifest file '../../build/circle/circle.egg-info/SOURCES.txt'
[1.212s] writing manifest file '../../build/circle/circle.egg-info/SOURCES.txt'
[1.212s] running build
[1.212s] running build_py
[1.213s] copying circle/circle_drawing.py -> /home/jash/ros2_ws2/build/circle/build/lib/circle
[1.213s] running install
[1.213s] running install_lib
[1.215s] copying /home/jash/ros2_ws2/build/circle/build/lib/circle/circle_drawing.py -> /home/jash/ros2_ws2/install/circle/lib/python3.10/site-packages/circle
[1.215s] byte-compiling /home/jash/ros2_ws2/install/circle/lib/python3.10/site-packages/circle/circle_drawing.py to circle_drawing.cpython-310.pyc
[1.217s] running install_data
[1.217s] running install_egg_info
[1.220s] removing '/home/jash/ros2_ws2/install/circle/lib/python3.10/site-packages/circle-0.0.0-py3.10.egg-info' (and everything under it)
[1.225s] Copying ../../build/circle/circle.egg-info to /home/jash/ros2_ws2/install/circle/lib/python3.10/site-packages/circle-0.0.0-py3.10.egg-info
[1.225s] running install_scripts
[1.246s] Installing circle_drawing script to /home/jash/ros2_ws2/install/circle/lib/circle
[1.248s] Installing circle_drawing2 script to /home/jash/ros2_ws2/install/circle/lib/circle
[1.248s] writing list of installed files to '/home/jash/ros2_ws2/build/circle/install.log'
[1.324s] Invoked command in '/home/jash/ros2_ws2/src/circle' returned '0': PYTHONPATH=/home/jash/ros2_ws2/build/circle/prefix_override:/home/jash/ros2_ws2/install/circle/lib/python3.10/site-packages:${PYTHONPATH} /usr/bin/python3 setup.py egg_info --egg-base ../../build/circle build --build-base /home/jash/ros2_ws2/build/circle/build install --record /home/jash/ros2_ws2/build/circle/install.log --single-version-externally-managed
