[1.337s] Invoking command in '/home/jash/ros2_ws2/src/circle': PYTHONPATH=/home/jash/ros2_ws2/build/circle/prefix_override:/home/jash/ros2_ws2/install/circle/lib/python3.10/site-packages:${PYTHONPATH} /usr/bin/python3 setup.py egg_info --egg-base ../../build/circle build --build-base /home/jash/ros2_ws2/build/circle/build install --record /home/jash/ros2_ws2/build/circle/install.log --single-version-externally-managed
[1.662s] running egg_info
[1.663s] writing ../../build/circle/circle.egg-info/PKG-INFO
[1.664s] writing dependency_links to ../../build/circle/circle.egg-info/dependency_links.txt
[1.664s] writing entry points to ../../build/circle/circle.egg-info/entry_points.txt
[1.664s] writing requirements to ../../build/circle/circle.egg-info/requires.txt
[1.665s] writing top-level names to ../../build/circle/circle.egg-info/top_level.txt
[1.668s] reading manifest file '../../build/circle/circle.egg-info/SOURCES.txt'
[1.669s] writing manifest file '../../build/circle/circle.egg-info/SOURCES.txt'
[1.670s] running build
[1.670s] running build_py
[1.671s] copying circle/circle_drawing.py -> /home/jash/ros2_ws2/build/circle/build/lib/circle
[1.671s] running install
[1.672s] running install_lib
[1.673s] copying /home/jash/ros2_ws2/build/circle/build/lib/circle/circle_drawing.py -> /home/jash/ros2_ws2/install/circle/lib/python3.10/site-packages/circle
[1.673s] byte-compiling /home/jash/ros2_ws2/install/circle/lib/python3.10/site-packages/circle/circle_drawing.py to circle_drawing.cpython-310.pyc
[1.676s] running install_data
[1.678s] running install_egg_info
[1.680s] removing '/home/jash/ros2_ws2/install/circle/lib/python3.10/site-packages/circle-0.0.0-py3.10.egg-info' (and everything under it)
[1.680s] Copying ../../build/circle/circle.egg-info to /home/jash/ros2_ws2/install/circle/lib/python3.10/site-packages/circle-0.0.0-py3.10.egg-info
[1.681s] running install_scripts
[1.710s] Installing circle_drawing script to /home/jash/ros2_ws2/install/circle/lib/circle
[1.710s] Installing circle_drawing2 script to /home/jash/ros2_ws2/install/circle/lib/circle
[1.710s] writing list of installed files to '/home/jash/ros2_ws2/build/circle/install.log'
[1.780s] Invoked command in '/home/jash/ros2_ws2/src/circle' returned '0': PYTHONPATH=/home/jash/ros2_ws2/build/circle/prefix_override:/home/jash/ros2_ws2/install/circle/lib/python3.10/site-packages:${PYTHONPATH} /usr/bin/python3 setup.py egg_info --egg-base ../../build/circle build --build-base /home/jash/ros2_ws2/build/circle/build install --record /home/jash/ros2_ws2/build/circle/install.log --single-version-externally-managed
