[1.251s] DEBUG:colcon:Command line arguments: ['/usr/bin/colcon', 'build']
[1.251s] DEBUG:colcon:Parsed command line arguments: Namespace(log_base=None, log_level=None, verb_name='build', build_base='build', install_base='install', merge_install=False, symlink_install=False, test_result_base=None, continue_on_error=False, executor='parallel', parallel_workers=4, event_handlers=None, ignore_user_meta=False, metas=['./colcon.meta'], base_paths=['.'], packages_ignore=None, packages_ignore_regex=None, paths=None, packages_up_to=None, packages_up_to_regex=None, packages_above=None, packages_above_and_dependencies=None, packages_above_depth=None, packages_select_by_dep=None, packages_skip_by_dep=None, packages_skip_up_to=None, packages_select_build_failed=False, packages_skip_build_finished=False, packages_select_test_failures=False, packages_skip_test_passed=False, packages_select=None, packages_skip=None, packages_select_regex=None, packages_skip_regex=None, packages_start=None, packages_end=None, allow_overriding=[], cmake_args=None, cmake_target=None, cmake_target_skip_unavailable=False, cmake_clean_cache=False, cmake_clean_first=False, cmake_force_configure=False, ament_cmake_args=None, catkin_cmake_args=None, catkin_skip_building_tests=False, verb_parser=<colcon_defaults.argument_parser.defaults.DefaultArgumentsDecorator object at 0x7f73026b89a0>, verb_extension=<colcon_core.verb.build.BuildVerb object at 0x7f73026bb400>, main=<bound method BuildVerb.main of <colcon_core.verb.build.BuildVerb object at 0x7f73026bb400>>)
[1.318s] Level 1:colcon.colcon_core.package_discovery:discover_packages(colcon_meta) check parameters
[1.318s] Level 1:colcon.colcon_core.package_discovery:discover_packages(recursive) check parameters
[1.318s] Level 1:colcon.colcon_core.package_discovery:discover_packages(ignore) check parameters
[1.318s] Level 1:colcon.colcon_core.package_discovery:discover_packages(path) check parameters
[1.318s] Level 1:colcon.colcon_core.package_discovery:discover_packages(colcon_meta) discover
[1.318s] Level 1:colcon.colcon_core.package_discovery:discover_packages(recursive) discover
[1.318s] INFO:colcon.colcon_core.package_discovery:Crawling recursively for packages in '/home/jash/ros2_ws2'
[1.318s] Level 1:colcon.colcon_core.package_identification:_identify(.) by extensions ['ignore', 'ignore_ament_install']
[1.319s] Level 1:colcon.colcon_core.package_identification:_identify(.) by extension 'ignore'
[1.319s] Level 1:colcon.colcon_core.package_identification:_identify(.) by extension 'ignore_ament_install'
[1.319s] Level 1:colcon.colcon_core.package_identification:_identify(.) by extensions ['colcon_pkg']
[1.319s] Level 1:colcon.colcon_core.package_identification:_identify(.) by extension 'colcon_pkg'
[1.319s] Level 1:colcon.colcon_core.package_identification:_identify(.) by extensions ['colcon_meta']
[1.319s] Level 1:colcon.colcon_core.package_identification:_identify(.) by extension 'colcon_meta'
[1.319s] Level 1:colcon.colcon_core.package_identification:_identify(.) by extensions ['ros']
[1.319s] Level 1:colcon.colcon_core.package_identification:_identify(.) by extension 'ros'
[1.339s] Level 1:colcon.colcon_core.package_identification:_identify(.) by extensions ['cmake', 'python']
[1.339s] Level 1:colcon.colcon_core.package_identification:_identify(.) by extension 'cmake'
[1.339s] Level 1:colcon.colcon_core.package_identification:_identify(.) by extension 'python'
[1.339s] Level 1:colcon.colcon_core.package_identification:_identify(.) by extensions ['python_setup_py']
[1.339s] Level 1:colcon.colcon_core.package_identification:_identify(.) by extension 'python_setup_py'
[1.339s] Level 1:colcon.colcon_core.package_identification:_identify(build) by extensions ['ignore', 'ignore_ament_install']
[1.340s] Level 1:colcon.colcon_core.package_identification:_identify(build) by extension 'ignore'
[1.340s] Level 1:colcon.colcon_core.package_identification:_identify(build) ignored
[1.340s] Level 1:colcon.colcon_core.package_identification:_identify(install) by extensions ['ignore', 'ignore_ament_install']
[1.340s] Level 1:colcon.colcon_core.package_identification:_identify(install) by extension 'ignore'
[1.340s] Level 1:colcon.colcon_core.package_identification:_identify(install) ignored
[1.340s] Level 1:colcon.colcon_core.package_identification:_identify(log) by extensions ['ignore', 'ignore_ament_install']
[1.340s] Level 1:colcon.colcon_core.package_identification:_identify(log) by extension 'ignore'
[1.340s] Level 1:colcon.colcon_core.package_identification:_identify(log) ignored
[1.340s] Level 1:colcon.colcon_core.package_identification:_identify(src) by extensions ['ignore', 'ignore_ament_install']
[1.340s] Level 1:colcon.colcon_core.package_identification:_identify(src) by extension 'ignore'
[1.340s] Level 1:colcon.colcon_core.package_identification:_identify(src) by extension 'ignore_ament_install'
[1.341s] Level 1:colcon.colcon_core.package_identification:_identify(src) by extensions ['colcon_pkg']
[1.341s] Level 1:colcon.colcon_core.package_identification:_identify(src) by extension 'colcon_pkg'
[1.341s] Level 1:colcon.colcon_core.package_identification:_identify(src) by extensions ['colcon_meta']
[1.341s] Level 1:colcon.colcon_core.package_identification:_identify(src) by extension 'colcon_meta'
[1.341s] Level 1:colcon.colcon_core.package_identification:_identify(src) by extensions ['ros']
[1.341s] Level 1:colcon.colcon_core.package_identification:_identify(src) by extension 'ros'
[1.341s] Level 1:colcon.colcon_core.package_identification:_identify(src) by extensions ['cmake', 'python']
[1.341s] Level 1:colcon.colcon_core.package_identification:_identify(src) by extension 'cmake'
[1.341s] Level 1:colcon.colcon_core.package_identification:_identify(src) by extension 'python'
[1.341s] Level 1:colcon.colcon_core.package_identification:_identify(src) by extensions ['python_setup_py']
[1.341s] Level 1:colcon.colcon_core.package_identification:_identify(src) by extension 'python_setup_py'
[1.341s] Level 1:colcon.colcon_core.package_identification:_identify(src/circle) by extensions ['ignore', 'ignore_ament_install']
[1.341s] Level 1:colcon.colcon_core.package_identification:_identify(src/circle) by extension 'ignore'
[1.341s] Level 1:colcon.colcon_core.package_identification:_identify(src/circle) by extension 'ignore_ament_install'
[1.341s] Level 1:colcon.colcon_core.package_identification:_identify(src/circle) by extensions ['colcon_pkg']
[1.341s] Level 1:colcon.colcon_core.package_identification:_identify(src/circle) by extension 'colcon_pkg'
[1.341s] Level 1:colcon.colcon_core.package_identification:_identify(src/circle) by extensions ['colcon_meta']
[1.341s] Level 1:colcon.colcon_core.package_identification:_identify(src/circle) by extension 'colcon_meta'
[1.342s] Level 1:colcon.colcon_core.package_identification:_identify(src/circle) by extensions ['ros']
[1.342s] Level 1:colcon.colcon_core.package_identification:_identify(src/circle) by extension 'ros'
[1.345s] DEBUG:colcon.colcon_core.package_identification:Package 'src/circle' with type 'ros.ament_python' and name 'circle'
[1.345s] Level 1:colcon.colcon_core.package_identification:_identify(src/sim) by extensions ['ignore', 'ignore_ament_install']
[1.345s] Level 1:colcon.colcon_core.package_identification:_identify(src/sim) by extension 'ignore'
[1.345s] Level 1:colcon.colcon_core.package_identification:_identify(src/sim) by extension 'ignore_ament_install'
[1.345s] Level 1:colcon.colcon_core.package_identification:_identify(src/sim) by extensions ['colcon_pkg']
[1.345s] Level 1:colcon.colcon_core.package_identification:_identify(src/sim) by extension 'colcon_pkg'
[1.345s] Level 1:colcon.colcon_core.package_identification:_identify(src/sim) by extensions ['colcon_meta']
[1.345s] Level 1:colcon.colcon_core.package_identification:_identify(src/sim) by extension 'colcon_meta'
[1.345s] Level 1:colcon.colcon_core.package_identification:_identify(src/sim) by extensions ['ros']
[1.345s] Level 1:colcon.colcon_core.package_identification:_identify(src/sim) by extension 'ros'
[1.346s] DEBUG:colcon.colcon_core.package_identification:Package 'src/sim' with type 'ros.ament_python' and name 'sim'
[1.346s] Level 1:colcon.colcon_core.package_discovery:discover_packages(recursive) using defaults
[1.346s] Level 1:colcon.colcon_core.package_discovery:discover_packages(ignore) discover
[1.346s] Level 1:colcon.colcon_core.package_discovery:discover_packages(ignore) using defaults
[1.346s] Level 1:colcon.colcon_core.package_discovery:discover_packages(path) discover
[1.346s] Level 1:colcon.colcon_core.package_discovery:discover_packages(path) using defaults
[1.468s] Level 1:colcon.colcon_core.package_discovery:discover_packages(prefix_path) check parameters
[1.468s] Level 1:colcon.colcon_core.package_discovery:discover_packages(prefix_path) discover
[1.511s] DEBUG:colcon.colcon_installed_package_information.package_discovery:Found 2 installed packages in /home/jash/ros2_ws2/install
[1.533s] DEBUG:colcon.colcon_installed_package_information.package_discovery:Found 335 installed packages in /opt/ros/humble
[1.560s] Level 1:colcon.colcon_core.package_discovery:discover_packages(prefix_path) using defaults
[1.663s] Level 5:colcon.colcon_core.verb:set package 'circle' build argument 'cmake_args' from command line to 'None'
[1.663s] Level 5:colcon.colcon_core.verb:set package 'circle' build argument 'cmake_target' from command line to 'None'
[1.663s] Level 5:colcon.colcon_core.verb:set package 'circle' build argument 'cmake_target_skip_unavailable' from command line to 'False'
[1.663s] Level 5:colcon.colcon_core.verb:set package 'circle' build argument 'cmake_clean_cache' from command line to 'False'
[1.663s] Level 5:colcon.colcon_core.verb:set package 'circle' build argument 'cmake_clean_first' from command line to 'False'
[1.663s] Level 5:colcon.colcon_core.verb:set package 'circle' build argument 'cmake_force_configure' from command line to 'False'
[1.663s] Level 5:colcon.colcon_core.verb:set package 'circle' build argument 'ament_cmake_args' from command line to 'None'
[1.663s] Level 5:colcon.colcon_core.verb:set package 'circle' build argument 'catkin_cmake_args' from command line to 'None'
[1.663s] Level 5:colcon.colcon_core.verb:set package 'circle' build argument 'catkin_skip_building_tests' from command line to 'False'
[1.663s] DEBUG:colcon.colcon_core.verb:Building package 'circle' with the following arguments: {'ament_cmake_args': None, 'build_base': '/home/jash/ros2_ws2/build/circle', 'catkin_cmake_args': None, 'catkin_skip_building_tests': False, 'cmake_args': None, 'cmake_clean_cache': False, 'cmake_clean_first': False, 'cmake_force_configure': False, 'cmake_target': None, 'cmake_target_skip_unavailable': False, 'install_base': '/home/jash/ros2_ws2/install/circle', 'merge_install': False, 'path': '/home/jash/ros2_ws2/src/circle', 'symlink_install': False, 'test_result_base': None}
[1.676s] Level 5:colcon.colcon_core.verb:set package 'sim' build argument 'cmake_args' from command line to 'None'
[1.676s] Level 5:colcon.colcon_core.verb:set package 'sim' build argument 'cmake_target' from command line to 'None'
[1.677s] Level 5:colcon.colcon_core.verb:set package 'sim' build argument 'cmake_target_skip_unavailable' from command line to 'False'
[1.677s] Level 5:colcon.colcon_core.verb:set package 'sim' build argument 'cmake_clean_cache' from command line to 'False'
[1.677s] Level 5:colcon.colcon_core.verb:set package 'sim' build argument 'cmake_clean_first' from command line to 'False'
[1.677s] Level 5:colcon.colcon_core.verb:set package 'sim' build argument 'cmake_force_configure' from command line to 'False'
[1.677s] Level 5:colcon.colcon_core.verb:set package 'sim' build argument 'ament_cmake_args' from command line to 'None'
[1.677s] Level 5:colcon.colcon_core.verb:set package 'sim' build argument 'catkin_cmake_args' from command line to 'None'
[1.677s] Level 5:colcon.colcon_core.verb:set package 'sim' build argument 'catkin_skip_building_tests' from command line to 'False'
[1.677s] DEBUG:colcon.colcon_core.verb:Building package 'sim' with the following arguments: {'ament_cmake_args': None, 'build_base': '/home/jash/ros2_ws2/build/sim', 'catkin_cmake_args': None, 'catkin_skip_building_tests': False, 'cmake_args': None, 'cmake_clean_cache': False, 'cmake_clean_first': False, 'cmake_force_configure': False, 'cmake_target': None, 'cmake_target_skip_unavailable': False, 'install_base': '/home/jash/ros2_ws2/install/sim', 'merge_install': False, 'path': '/home/jash/ros2_ws2/src/sim', 'symlink_install': False, 'test_result_base': None}
[1.697s] INFO:colcon.colcon_core.executor:Executing jobs using 'parallel' executor
[1.713s] DEBUG:colcon.colcon_parallel_executor.executor.parallel:run_until_complete
[1.714s] INFO:colcon.colcon_ros.task.ament_python.build:Building ROS package in '/home/jash/ros2_ws2/src/circle' with build type 'ament_python'
[1.714s] Level 1:colcon.colcon_core.shell:create_environment_hook('circle', 'ament_prefix_path')
[1.731s] INFO:colcon.colcon_core.plugin_system:Skipping extension 'colcon_core.shell.bat': Not used on non-Windows systems
[1.732s] INFO:colcon.colcon_core.shell:Creating environment hook '/home/jash/ros2_ws2/install/circle/share/circle/hook/ament_prefix_path.ps1'
[1.733s] INFO:colcon.colcon_core.shell:Creating environment descriptor '/home/jash/ros2_ws2/install/circle/share/circle/hook/ament_prefix_path.dsv'
[1.733s] INFO:colcon.colcon_core.shell:Creating environment hook '/home/jash/ros2_ws2/install/circle/share/circle/hook/ament_prefix_path.sh'
[1.749s] INFO:colcon.colcon_core.shell:Skip shell extension 'powershell' for command environment: Not usable outside of PowerShell
[1.749s] DEBUG:colcon.colcon_core.shell:Skip shell extension 'dsv' for command environment
[1.807s] INFO:colcon.colcon_ros.task.ament_python.build:Building ROS package in '/home/jash/ros2_ws2/src/sim' with build type 'ament_python'
[1.807s] Level 1:colcon.colcon_core.shell:create_environment_hook('sim', 'ament_prefix_path')
[1.831s] INFO:colcon.colcon_core.shell:Creating environment hook '/home/jash/ros2_ws2/install/sim/share/sim/hook/ament_prefix_path.ps1'
[1.832s] INFO:colcon.colcon_core.shell:Creating environment descriptor '/home/jash/ros2_ws2/install/sim/share/sim/hook/ament_prefix_path.dsv'
[1.833s] INFO:colcon.colcon_core.shell:Creating environment hook '/home/jash/ros2_ws2/install/sim/share/sim/hook/ament_prefix_path.sh'
[1.867s] INFO:colcon.colcon_core.shell:Skip shell extension 'powershell' for command environment: Not usable outside of PowerShell
[1.868s] DEBUG:colcon.colcon_core.shell:Skip shell extension 'dsv' for command environment
[2.336s] INFO:colcon.colcon_core.task.python.build:Building Python package in '/home/jash/ros2_ws2/src/circle'
[2.354s] INFO:colcon.colcon_core.shell:Skip shell extension 'powershell' for command environment: Not usable outside of PowerShell
[2.355s] DEBUG:colcon.colcon_core.shell:Skip shell extension 'dsv' for command environment
[2.832s] INFO:colcon.colcon_core.task.python.build:Building Python package in '/home/jash/ros2_ws2/src/sim'
[2.845s] INFO:colcon.colcon_core.shell:Skip shell extension 'powershell' for command environment: Not usable outside of PowerShell
[2.845s] DEBUG:colcon.colcon_core.shell:Skip shell extension 'dsv' for command environment
[3.425s] DEBUG:colcon.colcon_core.event_handler.log_command:Invoking command in '/home/jash/ros2_ws2/src/sim': PYTHONPATH=/home/jash/ros2_ws2/build/sim/prefix_override:/home/jash/ros2_ws2/install/sim/lib/python3.10/site-packages:${PYTHONPATH} /usr/bin/python3 setup.py egg_info --egg-base ../../build/sim build --build-base /home/jash/ros2_ws2/build/sim/build install --record /home/jash/ros2_ws2/build/sim/install.log --single-version-externally-managed
[3.483s] DEBUG:colcon.colcon_core.event_handler.log_command:Invoking command in '/home/jash/ros2_ws2/src/circle': PYTHONPATH=/home/jash/ros2_ws2/build/circle/prefix_override:/home/jash/ros2_ws2/install/circle/lib/python3.10/site-packages:${PYTHONPATH} /usr/bin/python3 setup.py egg_info --egg-base ../../build/circle build --build-base /home/jash/ros2_ws2/build/circle/build install --record /home/jash/ros2_ws2/build/circle/install.log --single-version-externally-managed
[3.949s] DEBUG:colcon.colcon_core.event_handler.log_command:Invoked command in '/home/jash/ros2_ws2/src/sim' returned '0': PYTHONPATH=/home/jash/ros2_ws2/build/sim/prefix_override:/home/jash/ros2_ws2/install/sim/lib/python3.10/site-packages:${PYTHONPATH} /usr/bin/python3 setup.py egg_info --egg-base ../../build/sim build --build-base /home/jash/ros2_ws2/build/sim/build install --record /home/jash/ros2_ws2/build/sim/install.log --single-version-externally-managed
[3.976s] Level 1:colcon.colcon_core.environment:checking '/home/jash/ros2_ws2/install/sim' for CMake module files
[3.978s] Level 1:colcon.colcon_core.environment:checking '/home/jash/ros2_ws2/install/sim' for CMake config files
[3.979s] Level 1:colcon.colcon_core.environment:checking '/home/jash/ros2_ws2/install/sim/lib'
[3.980s] Level 1:colcon.colcon_core.environment:checking '/home/jash/ros2_ws2/install/sim/bin'
[3.980s] Level 1:colcon.colcon_core.environment:checking '/home/jash/ros2_ws2/install/sim/lib/pkgconfig/sim.pc'
[3.980s] Level 1:colcon.colcon_core.environment:checking '/home/jash/ros2_ws2/install/sim/lib/python3.10/site-packages'
[3.980s] Level 1:colcon.colcon_core.shell:create_environment_hook('sim', 'pythonpath')
[4.012s] INFO:colcon.colcon_core.shell:Creating environment hook '/home/jash/ros2_ws2/install/sim/share/sim/hook/pythonpath.ps1'
[4.013s] INFO:colcon.colcon_core.shell:Creating environment descriptor '/home/jash/ros2_ws2/install/sim/share/sim/hook/pythonpath.dsv'
[4.013s] INFO:colcon.colcon_core.shell:Creating environment hook '/home/jash/ros2_ws2/install/sim/share/sim/hook/pythonpath.sh'
[4.014s] Level 1:colcon.colcon_core.environment:checking '/home/jash/ros2_ws2/install/sim/bin'
[4.014s] Level 1:colcon.colcon_core.environment:create_environment_scripts_only(sim)
[4.039s] INFO:colcon.colcon_core.shell:Creating package script '/home/jash/ros2_ws2/install/sim/share/sim/package.ps1'
[4.040s] INFO:colcon.colcon_core.shell:Creating package descriptor '/home/jash/ros2_ws2/install/sim/share/sim/package.dsv'
[4.041s] INFO:colcon.colcon_core.shell:Creating package script '/home/jash/ros2_ws2/install/sim/share/sim/package.sh'
[4.042s] INFO:colcon.colcon_core.shell:Creating package script '/home/jash/ros2_ws2/install/sim/share/sim/package.bash'
[4.043s] INFO:colcon.colcon_core.shell:Creating package script '/home/jash/ros2_ws2/install/sim/share/sim/package.zsh'
[4.044s] Level 1:colcon.colcon_core.environment:create_file_with_runtime_dependencies(/home/jash/ros2_ws2/install/sim/share/colcon-core/packages/sim)
[4.046s] DEBUG:colcon.colcon_core.event_handler.log_command:Invoked command in '/home/jash/ros2_ws2/src/circle' returned '0': PYTHONPATH=/home/jash/ros2_ws2/build/circle/prefix_override:/home/jash/ros2_ws2/install/circle/lib/python3.10/site-packages:${PYTHONPATH} /usr/bin/python3 setup.py egg_info --egg-base ../../build/circle build --build-base /home/jash/ros2_ws2/build/circle/build install --record /home/jash/ros2_ws2/build/circle/install.log --single-version-externally-managed
[4.063s] Level 1:colcon.colcon_core.environment:checking '/home/jash/ros2_ws2/install/circle' for CMake module files
[4.063s] Level 1:colcon.colcon_core.environment:checking '/home/jash/ros2_ws2/install/circle' for CMake config files
[4.064s] Level 1:colcon.colcon_core.environment:checking '/home/jash/ros2_ws2/install/circle/lib'
[4.064s] Level 1:colcon.colcon_core.environment:checking '/home/jash/ros2_ws2/install/circle/bin'
[4.064s] Level 1:colcon.colcon_core.environment:checking '/home/jash/ros2_ws2/install/circle/lib/pkgconfig/circle.pc'
[4.065s] Level 1:colcon.colcon_core.environment:checking '/home/jash/ros2_ws2/install/circle/lib/python3.10/site-packages'
[4.065s] Level 1:colcon.colcon_core.shell:create_environment_hook('circle', 'pythonpath')
[4.087s] INFO:colcon.colcon_core.shell:Creating environment hook '/home/jash/ros2_ws2/install/circle/share/circle/hook/pythonpath.ps1'
[4.088s] INFO:colcon.colcon_core.shell:Creating environment descriptor '/home/jash/ros2_ws2/install/circle/share/circle/hook/pythonpath.dsv'
[4.089s] INFO:colcon.colcon_core.shell:Creating environment hook '/home/jash/ros2_ws2/install/circle/share/circle/hook/pythonpath.sh'
[4.090s] Level 1:colcon.colcon_core.environment:checking '/home/jash/ros2_ws2/install/circle/bin'
[4.090s] Level 1:colcon.colcon_core.environment:create_environment_scripts_only(circle)
[4.107s] INFO:colcon.colcon_core.shell:Creating package script '/home/jash/ros2_ws2/install/circle/share/circle/package.ps1'
[4.108s] INFO:colcon.colcon_core.shell:Creating package descriptor '/home/jash/ros2_ws2/install/circle/share/circle/package.dsv'
[4.108s] INFO:colcon.colcon_core.shell:Creating package script '/home/jash/ros2_ws2/install/circle/share/circle/package.sh'
[4.109s] INFO:colcon.colcon_core.shell:Creating package script '/home/jash/ros2_ws2/install/circle/share/circle/package.bash'
[4.109s] INFO:colcon.colcon_core.shell:Creating package script '/home/jash/ros2_ws2/install/circle/share/circle/package.zsh'
[4.110s] Level 1:colcon.colcon_core.environment:create_file_with_runtime_dependencies(/home/jash/ros2_ws2/install/circle/share/colcon-core/packages/circle)
[4.110s] DEBUG:colcon.colcon_parallel_executor.executor.parallel:closing loop
[4.111s] DEBUG:colcon.colcon_parallel_executor.executor.parallel:loop closed
[4.111s] DEBUG:colcon.colcon_parallel_executor.executor.parallel:run_until_complete finished with '0'
[4.111s] DEBUG:colcon.colcon_core.event_reactor:joining thread
[4.145s] INFO:colcon.colcon_core.plugin_system:Skipping extension 'colcon_notification.desktop_notification.terminal_notifier': Not used on non-Darwin systems
[4.146s] INFO:colcon.colcon_core.plugin_system:Skipping extension 'colcon_notification.desktop_notification.win32': Not used on non-Windows systems
[4.146s] INFO:colcon.colcon_notification.desktop_notification:Sending desktop notification using 'notify2'
[4.172s] DEBUG:colcon.colcon_core.event_reactor:joined thread
[4.209s] INFO:colcon.colcon_core.shell:Creating prefix script '/home/jash/ros2_ws2/install/local_setup.ps1'
[4.211s] INFO:colcon.colcon_core.shell:Creating prefix util module '/home/jash/ros2_ws2/install/_local_setup_util_ps1.py'
[4.214s] INFO:colcon.colcon_core.shell:Creating prefix chain script '/home/jash/ros2_ws2/install/setup.ps1'
[4.237s] INFO:colcon.colcon_core.shell:Creating prefix script '/home/jash/ros2_ws2/install/local_setup.sh'
[4.238s] INFO:colcon.colcon_core.shell:Creating prefix util module '/home/jash/ros2_ws2/install/_local_setup_util_sh.py'
[4.239s] INFO:colcon.colcon_core.shell:Creating prefix chain script '/home/jash/ros2_ws2/install/setup.sh'
[4.263s] INFO:colcon.colcon_core.shell:Creating prefix script '/home/jash/ros2_ws2/install/local_setup.bash'
[4.264s] INFO:colcon.colcon_core.shell:Creating prefix chain script '/home/jash/ros2_ws2/install/setup.bash'
[4.287s] INFO:colcon.colcon_core.shell:Creating prefix script '/home/jash/ros2_ws2/install/local_setup.zsh'
[4.288s] INFO:colcon.colcon_core.shell:Creating prefix chain script '/home/jash/ros2_ws2/install/setup.zsh'
