[1.688s] Invoking command in '/home/jash/ros2_ws2/src/circle': PYTHONPATH=/home/jash/ros2_ws2/build/circle/prefix_override:/home/jash/ros2_ws2/install/circle/lib/python3.10/site-packages:${PYTHONPATH} /usr/bin/python3 setup.py egg_info --egg-base ../../build/circle build --build-base /home/jash/ros2_ws2/build/circle/build install --record /home/jash/ros2_ws2/build/circle/install.log --single-version-externally-managed
[2.053s] running egg_info
[2.054s] writing ../../build/circle/circle.egg-info/PKG-INFO
[2.054s] writing dependency_links to ../../build/circle/circle.egg-info/dependency_links.txt
[2.056s] writing entry points to ../../build/circle/circle.egg-info/entry_points.txt
[2.057s] writing requirements to ../../build/circle/circle.egg-info/requires.txt
[2.057s] writing top-level names to ../../build/circle/circle.egg-info/top_level.txt
[2.062s] reading manifest file '../../build/circle/circle.egg-info/SOURCES.txt'
[2.063s] writing manifest file '../../build/circle/circle.egg-info/SOURCES.txt'
[2.064s] running build
[2.065s] running build_py
[2.065s] copying circle/circle_drawing2.py -> /home/jash/ros2_ws2/build/circle/build/lib/circle
[2.066s] copying circle/circle_drawing.py -> /home/jash/ros2_ws2/build/circle/build/lib/circle
[2.068s] running install
[2.069s] running install_lib
[2.070s] copying /home/jash/ros2_ws2/build/circle/build/lib/circle/circle_drawing2.py -> /home/jash/ros2_ws2/install/circle/lib/python3.10/site-packages/circle
[2.071s] copying /home/jash/ros2_ws2/build/circle/build/lib/circle/circle_drawing.py -> /home/jash/ros2_ws2/install/circle/lib/python3.10/site-packages/circle
[2.074s] byte-compiling /home/jash/ros2_ws2/install/circle/lib/python3.10/site-packages/circle/circle_drawing2.py to circle_drawing2.cpython-310.pyc
[2.076s] byte-compiling /home/jash/ros2_ws2/install/circle/lib/python3.10/site-packages/circle/circle_drawing.py to circle_drawing.cpython-310.pyc
[2.078s] running install_data
[2.079s] running install_egg_info
[2.082s] removing '/home/jash/ros2_ws2/install/circle/lib/python3.10/site-packages/circle-0.0.0-py3.10.egg-info' (and everything under it)
[2.085s] Copying ../../build/circle/circle.egg-info to /home/jash/ros2_ws2/install/circle/lib/python3.10/site-packages/circle-0.0.0-py3.10.egg-info
[2.092s] running install_scripts
[2.127s] Installing circle_drawing script to /home/jash/ros2_ws2/install/circle/lib/circle
[2.128s] Installing circle_drawing2 script to /home/jash/ros2_ws2/install/circle/lib/circle
[2.130s] writing list of installed files to '/home/jash/ros2_ws2/build/circle/install.log'
[2.258s] Invoked command in '/home/jash/ros2_ws2/src/circle' returned '0': PYTHONPATH=/home/jash/ros2_ws2/build/circle/prefix_override:/home/jash/ros2_ws2/install/circle/lib/python3.10/site-packages:${PYTHONPATH} /usr/bin/python3 setup.py egg_info --egg-base ../../build/circle build --build-base /home/jash/ros2_ws2/build/circle/build install --record /home/jash/ros2_ws2/build/circle/install.log --single-version-externally-managed
