[1.197s] Invoking command in '/home/jash/ros2_ws2/src/circle': PYTHONPATH=/home/jash/ros2_ws2/build/circle/prefix_override:/home/jash/ros2_ws2/install/circle/lib/python3.10/site-packages:${PYTHONPATH} /usr/bin/python3 setup.py egg_info --egg-base ../../build/circle build --build-base /home/jash/ros2_ws2/build/circle/build install --record /home/jash/ros2_ws2/build/circle/install.log --single-version-externally-managed
[1.463s] running egg_info
[1.464s] writing ../../build/circle/circle.egg-info/PKG-INFO
[1.465s] writing dependency_links to ../../build/circle/circle.egg-info/dependency_links.txt
[1.466s] writing entry points to ../../build/circle/circle.egg-info/entry_points.txt
[1.466s] writing requirements to ../../build/circle/circle.egg-info/requires.txt
[1.468s] writing top-level names to ../../build/circle/circle.egg-info/top_level.txt
[1.469s] reading manifest file '../../build/circle/circle.egg-info/SOURCES.txt'
[1.473s] writing manifest file '../../build/circle/circle.egg-info/SOURCES.txt'
[1.475s] running build
[1.476s] running build_py
[1.477s] copying circle/circle_drawing.py -> /home/jash/ros2_ws2/build/circle/build/lib/circle
[1.478s] running install
[1.479s] running install_lib
[1.480s] copying /home/jash/ros2_ws2/build/circle/build/lib/circle/circle_drawing.py -> /home/jash/ros2_ws2/install/circle/lib/python3.10/site-packages/circle
[1.482s] byte-compiling /home/jash/ros2_ws2/install/circle/lib/python3.10/site-packages/circle/circle_drawing.py to circle_drawing.cpython-310.pyc
[1.487s] running install_data
[1.487s] running install_egg_info
[1.492s] removing '/home/jash/ros2_ws2/install/circle/lib/python3.10/site-packages/circle-0.0.0-py3.10.egg-info' (and everything under it)
[1.493s] Copying ../../build/circle/circle.egg-info to /home/jash/ros2_ws2/install/circle/lib/python3.10/site-packages/circle-0.0.0-py3.10.egg-info
[1.494s] running install_scripts
[1.503s] Installing circle_drawing script to /home/jash/ros2_ws2/install/circle/lib/circle
[1.504s] Installing circle_drawing2 script to /home/jash/ros2_ws2/install/circle/lib/circle
[1.504s] writing list of installed files to '/home/jash/ros2_ws2/build/circle/install.log'
[1.538s] Invoked command in '/home/jash/ros2_ws2/src/circle' returned '0': PYTHONPATH=/home/jash/ros2_ws2/build/circle/prefix_override:/home/jash/ros2_ws2/install/circle/lib/python3.10/site-packages:${PYTHONPATH} /usr/bin/python3 setup.py egg_info --egg-base ../../build/circle build --build-base /home/jash/ros2_ws2/build/circle/build install --record /home/jash/ros2_ws2/build/circle/install.log --single-version-externally-managed
