[0.933s] Invoking command in '/home/jash/ros2_ws2/src/sim': PYTHONPATH=/home/jash/ros2_ws2/build/sim/prefix_override:/home/jash/ros2_ws2/install/sim/lib/python3.10/site-packages:${PYTHONPATH} /usr/bin/python3 setup.py egg_info --egg-base ../../build/sim build --build-base /home/jash/ros2_ws2/build/sim/build install --record /home/jash/ros2_ws2/build/sim/install.log --single-version-externally-managed
[1.150s] running egg_info
[1.151s] writing ../../build/sim/sim.egg-info/PKG-INFO
[1.151s] writing dependency_links to ../../build/sim/sim.egg-info/dependency_links.txt
[1.152s] writing entry points to ../../build/sim/sim.egg-info/entry_points.txt
[1.152s] writing requirements to ../../build/sim/sim.egg-info/requires.txt
[1.152s] writing top-level names to ../../build/sim/sim.egg-info/top_level.txt
[1.154s] reading manifest file '../../build/sim/sim.egg-info/SOURCES.txt'
[1.154s] adding license file 'LICENSE'
[1.155s] writing manifest file '../../build/sim/sim.egg-info/SOURCES.txt'
[1.155s] running build
[1.155s] running build_py
[1.155s] running install
[1.156s] running install_lib
[1.156s] running install_data
[1.157s] running install_egg_info
[1.158s] removing '/home/jash/ros2_ws2/install/sim/lib/python3.10/site-packages/sim-0.0.0-py3.10.egg-info' (and everything under it)
[1.160s] Copying ../../build/sim/sim.egg-info to /home/jash/ros2_ws2/install/sim/lib/python3.10/site-packages/sim-0.0.0-py3.10.egg-info
[1.160s] running install_scripts
[1.181s] Installing circle script to /home/jash/ros2_ws2/install/sim/lib/sim
[1.181s] Installing sim0 script to /home/jash/ros2_ws2/install/sim/lib/sim
[1.182s] Installing sim1 script to /home/jash/ros2_ws2/install/sim/lib/sim
[1.182s] writing list of installed files to '/home/jash/ros2_ws2/build/sim/install.log'
[1.213s] Invoked command in '/home/jash/ros2_ws2/src/sim' returned '0': PYTHONPATH=/home/jash/ros2_ws2/build/sim/prefix_override:/home/jash/ros2_ws2/install/sim/lib/python3.10/site-packages:${PYTHONPATH} /usr/bin/python3 setup.py egg_info --egg-base ../../build/sim build --build-base /home/jash/ros2_ws2/build/sim/build install --record /home/jash/ros2_ws2/build/sim/install.log --single-version-externally-managed
