[1.096s] DEBUG:colcon:Command line arguments: ['/usr/bin/colcon', 'build']
[1.096s] DEBUG:colcon:Parsed command line arguments: Namespace(log_base=None, log_level=None, verb_name='build', build_base='build', install_base='install', merge_install=False, symlink_install=False, test_result_base=None, continue_on_error=False, executor='parallel', parallel_workers=4, event_handlers=None, ignore_user_meta=False, metas=['./colcon.meta'], base_paths=['.'], packages_ignore=None, packages_ignore_regex=None, paths=None, packages_up_to=None, packages_up_to_regex=None, packages_above=None, packages_above_and_dependencies=None, packages_above_depth=None, packages_select_by_dep=None, packages_skip_by_dep=None, packages_skip_up_to=None, packages_select_build_failed=False, packages_skip_build_finished=False, packages_select_test_failures=False, packages_skip_test_passed=False, packages_select=None, packages_skip=None, packages_select_regex=None, packages_skip_regex=None, packages_start=None, packages_end=None, allow_overriding=[], cmake_args=None, cmake_target=None, cmake_target_skip_unavailable=False, cmake_clean_cache=False, cmake_clean_first=False, cmake_force_configure=False, ament_cmake_args=None, catkin_cmake_args=None, catkin_skip_building_tests=False, verb_parser=<colcon_defaults.argument_parser.defaults.DefaultArgumentsDecorator object at 0x7fe1943a4910>, verb_extension=<colcon_core.verb.build.BuildVerb object at 0x7fe1943a73a0>, main=<bound method BuildVerb.main of <colcon_core.verb.build.BuildVerb object at 0x7fe1943a73a0>>)
[1.161s] Level 1:colcon.colcon_core.package_discovery:discover_packages(colcon_meta) check parameters
[1.161s] Level 1:colcon.colcon_core.package_discovery:discover_packages(recursive) check parameters
[1.161s] Level 1:colcon.colcon_core.package_discovery:discover_packages(ignore) check parameters
[1.161s] Level 1:colcon.colcon_core.package_discovery:discover_packages(path) check parameters
[1.161s] Level 1:colcon.colcon_core.package_discovery:discover_packages(colcon_meta) discover
[1.161s] Level 1:colcon.colcon_core.package_discovery:discover_packages(recursive) discover
[1.161s] INFO:colcon.colcon_core.package_discovery:Crawling recursively for packages in '/home/jash/ros2_ws2'
[1.162s] Level 1:colcon.colcon_core.package_identification:_identify(.) by extensions ['ignore', 'ignore_ament_install']
[1.162s] Level 1:colcon.colcon_core.package_identification:_identify(.) by extension 'ignore'
[1.162s] Level 1:colcon.colcon_core.package_identification:_identify(.) by extension 'ignore_ament_install'
[1.162s] Level 1:colcon.colcon_core.package_identification:_identify(.) by extensions ['colcon_pkg']
[1.162s] Level 1:colcon.colcon_core.package_identification:_identify(.) by extension 'colcon_pkg'
[1.162s] Level 1:colcon.colcon_core.package_identification:_identify(.) by extensions ['colcon_meta']
[1.162s] Level 1:colcon.colcon_core.package_identification:_identify(.) by extension 'colcon_meta'
[1.162s] Level 1:colcon.colcon_core.package_identification:_identify(.) by extensions ['ros']
[1.162s] Level 1:colcon.colcon_core.package_identification:_identify(.) by extension 'ros'
[1.174s] Level 1:colcon.colcon_core.package_identification:_identify(.) by extensions ['cmake', 'python']
[1.174s] Level 1:colcon.colcon_core.package_identification:_identify(.) by extension 'cmake'
[1.174s] Level 1:colcon.colcon_core.package_identification:_identify(.) by extension 'python'
[1.174s] Level 1:colcon.colcon_core.package_identification:_identify(.) by extensions ['python_setup_py']
[1.174s] Level 1:colcon.colcon_core.package_identification:_identify(.) by extension 'python_setup_py'
[1.175s] Level 1:colcon.colcon_core.package_identification:_identify(build) by extensions ['ignore', 'ignore_ament_install']
[1.175s] Level 1:colcon.colcon_core.package_identification:_identify(build) by extension 'ignore'
[1.175s] Level 1:colcon.colcon_core.package_identification:_identify(build) ignored
[1.175s] Level 1:colcon.colcon_core.package_identification:_identify(install) by extensions ['ignore', 'ignore_ament_install']
[1.175s] Level 1:colcon.colcon_core.package_identification:_identify(install) by extension 'ignore'
[1.175s] Level 1:colcon.colcon_core.package_identification:_identify(install) ignored
[1.175s] Level 1:colcon.colcon_core.package_identification:_identify(log) by extensions ['ignore', 'ignore_ament_install']
[1.175s] Level 1:colcon.colcon_core.package_identification:_identify(log) by extension 'ignore'
[1.175s] Level 1:colcon.colcon_core.package_identification:_identify(log) ignored
[1.176s] Level 1:colcon.colcon_core.package_identification:_identify(src) by extensions ['ignore', 'ignore_ament_install']
[1.176s] Level 1:colcon.colcon_core.package_identification:_identify(src) by extension 'ignore'
[1.176s] Level 1:colcon.colcon_core.package_identification:_identify(src) by extension 'ignore_ament_install'
[1.176s] Level 1:colcon.colcon_core.package_identification:_identify(src) by extensions ['colcon_pkg']
[1.176s] Level 1:colcon.colcon_core.package_identification:_identify(src) by extension 'colcon_pkg'
[1.176s] Level 1:colcon.colcon_core.package_identification:_identify(src) by extensions ['colcon_meta']
[1.176s] Level 1:colcon.colcon_core.package_identification:_identify(src) by extension 'colcon_meta'
[1.176s] Level 1:colcon.colcon_core.package_identification:_identify(src) by extensions ['ros']
[1.176s] Level 1:colcon.colcon_core.package_identification:_identify(src) by extension 'ros'
[1.176s] Level 1:colcon.colcon_core.package_identification:_identify(src) by extensions ['cmake', 'python']
[1.176s] Level 1:colcon.colcon_core.package_identification:_identify(src) by extension 'cmake'
[1.176s] Level 1:colcon.colcon_core.package_identification:_identify(src) by extension 'python'
[1.176s] Level 1:colcon.colcon_core.package_identification:_identify(src) by extensions ['python_setup_py']
[1.176s] Level 1:colcon.colcon_core.package_identification:_identify(src) by extension 'python_setup_py'
[1.176s] Level 1:colcon.colcon_core.package_identification:_identify(src/circle) by extensions ['ignore', 'ignore_ament_install']
[1.176s] Level 1:colcon.colcon_core.package_identification:_identify(src/circle) by extension 'ignore'
[1.176s] Level 1:colcon.colcon_core.package_identification:_identify(src/circle) by extension 'ignore_ament_install'
[1.176s] Level 1:colcon.colcon_core.package_identification:_identify(src/circle) by extensions ['colcon_pkg']
[1.176s] Level 1:colcon.colcon_core.package_identification:_identify(src/circle) by extension 'colcon_pkg'
[1.176s] Level 1:colcon.colcon_core.package_identification:_identify(src/circle) by extensions ['colcon_meta']
[1.176s] Level 1:colcon.colcon_core.package_identification:_identify(src/circle) by extension 'colcon_meta'
[1.176s] Level 1:colcon.colcon_core.package_identification:_identify(src/circle) by extensions ['ros']
[1.176s] Level 1:colcon.colcon_core.package_identification:_identify(src/circle) by extension 'ros'
[1.180s] DEBUG:colcon.colcon_core.package_identification:Package 'src/circle' with type 'ros.ament_python' and name 'circle'
[1.181s] Level 1:colcon.colcon_core.package_identification:_identify(src/sim) by extensions ['ignore', 'ignore_ament_install']
[1.181s] Level 1:colcon.colcon_core.package_identification:_identify(src/sim) by extension 'ignore'
[1.181s] Level 1:colcon.colcon_core.package_identification:_identify(src/sim) by extension 'ignore_ament_install'
[1.181s] Level 1:colcon.colcon_core.package_identification:_identify(src/sim) by extensions ['colcon_pkg']
[1.181s] Level 1:colcon.colcon_core.package_identification:_identify(src/sim) by extension 'colcon_pkg'
[1.181s] Level 1:colcon.colcon_core.package_identification:_identify(src/sim) by extensions ['colcon_meta']
[1.181s] Level 1:colcon.colcon_core.package_identification:_identify(src/sim) by extension 'colcon_meta'
[1.181s] Level 1:colcon.colcon_core.package_identification:_identify(src/sim) by extensions ['ros']
[1.181s] Level 1:colcon.colcon_core.package_identification:_identify(src/sim) by extension 'ros'
[1.182s] DEBUG:colcon.colcon_core.package_identification:Package 'src/sim' with type 'ros.ament_python' and name 'sim'
[1.182s] Level 1:colcon.colcon_core.package_discovery:discover_packages(recursive) using defaults
[1.182s] Level 1:colcon.colcon_core.package_discovery:discover_packages(ignore) discover
[1.182s] Level 1:colcon.colcon_core.package_discovery:discover_packages(ignore) using defaults
[1.182s] Level 1:colcon.colcon_core.package_discovery:discover_packages(path) discover
[1.182s] Level 1:colcon.colcon_core.package_discovery:discover_packages(path) using defaults
[1.305s] Level 1:colcon.colcon_core.package_discovery:discover_packages(prefix_path) check parameters
[1.305s] Level 1:colcon.colcon_core.package_discovery:discover_packages(prefix_path) discover
[1.342s] DEBUG:colcon.colcon_installed_package_information.package_discovery:Found 2 installed packages in /home/jash/ros2_ws2/install
[1.362s] DEBUG:colcon.colcon_installed_package_information.package_discovery:Found 335 installed packages in /opt/ros/humble
[1.379s] Level 1:colcon.colcon_core.package_discovery:discover_packages(prefix_path) using defaults
[1.485s] Level 5:colcon.colcon_core.verb:set package 'circle' build argument 'cmake_args' from command line to 'None'
[1.485s] Level 5:colcon.colcon_core.verb:set package 'circle' build argument 'cmake_target' from command line to 'None'
[1.485s] Level 5:colcon.colcon_core.verb:set package 'circle' build argument 'cmake_target_skip_unavailable' from command line to 'False'
[1.485s] Level 5:colcon.colcon_core.verb:set package 'circle' build argument 'cmake_clean_cache' from command line to 'False'
[1.485s] Level 5:colcon.colcon_core.verb:set package 'circle' build argument 'cmake_clean_first' from command line to 'False'
[1.485s] Level 5:colcon.colcon_core.verb:set package 'circle' build argument 'cmake_force_configure' from command line to 'False'
[1.485s] Level 5:colcon.colcon_core.verb:set package 'circle' build argument 'ament_cmake_args' from command line to 'None'
[1.485s] Level 5:colcon.colcon_core.verb:set package 'circle' build argument 'catkin_cmake_args' from command line to 'None'
[1.485s] Level 5:colcon.colcon_core.verb:set package 'circle' build argument 'catkin_skip_building_tests' from command line to 'False'
[1.485s] DEBUG:colcon.colcon_core.verb:Building package 'circle' with the following arguments: {'ament_cmake_args': None, 'build_base': '/home/jash/ros2_ws2/build/circle', 'catkin_cmake_args': None, 'catkin_skip_building_tests': False, 'cmake_args': None, 'cmake_clean_cache': False, 'cmake_clean_first': False, 'cmake_force_configure': False, 'cmake_target': None, 'cmake_target_skip_unavailable': False, 'install_base': '/home/jash/ros2_ws2/install/circle', 'merge_install': False, 'path': '/home/jash/ros2_ws2/src/circle', 'symlink_install': False, 'test_result_base': None}
[1.502s] Level 5:colcon.colcon_core.verb:set package 'sim' build argument 'cmake_args' from command line to 'None'
[1.502s] Level 5:colcon.colcon_core.verb:set package 'sim' build argument 'cmake_target' from command line to 'None'
[1.502s] Level 5:colcon.colcon_core.verb:set package 'sim' build argument 'cmake_target_skip_unavailable' from command line to 'False'
[1.502s] Level 5:colcon.colcon_core.verb:set package 'sim' build argument 'cmake_clean_cache' from command line to 'False'
[1.502s] Level 5:colcon.colcon_core.verb:set package 'sim' build argument 'cmake_clean_first' from command line to 'False'
[1.502s] Level 5:colcon.colcon_core.verb:set package 'sim' build argument 'cmake_force_configure' from command line to 'False'
[1.502s] Level 5:colcon.colcon_core.verb:set package 'sim' build argument 'ament_cmake_args' from command line to 'None'
[1.502s] Level 5:colcon.colcon_core.verb:set package 'sim' build argument 'catkin_cmake_args' from command line to 'None'
[1.502s] Level 5:colcon.colcon_core.verb:set package 'sim' build argument 'catkin_skip_building_tests' from command line to 'False'
[1.502s] DEBUG:colcon.colcon_core.verb:Building package 'sim' with the following arguments: {'ament_cmake_args': None, 'build_base': '/home/jash/ros2_ws2/build/sim', 'catkin_cmake_args': None, 'catkin_skip_building_tests': False, 'cmake_args': None, 'cmake_clean_cache': False, 'cmake_clean_first': False, 'cmake_force_configure': False, 'cmake_target': None, 'cmake_target_skip_unavailable': False, 'install_base': '/home/jash/ros2_ws2/install/sim', 'merge_install': False, 'path': '/home/jash/ros2_ws2/src/sim', 'symlink_install': False, 'test_result_base': None}
[1.514s] INFO:colcon.colcon_core.executor:Executing jobs using 'parallel' executor
[1.525s] DEBUG:colcon.colcon_parallel_executor.executor.parallel:run_until_complete
[1.526s] INFO:colcon.colcon_ros.task.ament_python.build:Building ROS package in '/home/jash/ros2_ws2/src/circle' with build type 'ament_python'
[1.526s] Level 1:colcon.colcon_core.shell:create_environment_hook('circle', 'ament_prefix_path')
[1.543s] INFO:colcon.colcon_core.plugin_system:Skipping extension 'colcon_core.shell.bat': Not used on non-Windows systems
[1.543s] INFO:colcon.colcon_core.shell:Creating environment hook '/home/jash/ros2_ws2/install/circle/share/circle/hook/ament_prefix_path.ps1'
[1.544s] INFO:colcon.colcon_core.shell:Creating environment descriptor '/home/jash/ros2_ws2/install/circle/share/circle/hook/ament_prefix_path.dsv'
[1.545s] INFO:colcon.colcon_core.shell:Creating environment hook '/home/jash/ros2_ws2/install/circle/share/circle/hook/ament_prefix_path.sh'
[1.565s] INFO:colcon.colcon_core.shell:Skip shell extension 'powershell' for command environment: Not usable outside of PowerShell
[1.565s] DEBUG:colcon.colcon_core.shell:Skip shell extension 'dsv' for command environment
[1.624s] INFO:colcon.colcon_ros.task.ament_python.build:Building ROS package in '/home/jash/ros2_ws2/src/sim' with build type 'ament_python'
[1.624s] Level 1:colcon.colcon_core.shell:create_environment_hook('sim', 'ament_prefix_path')
[1.646s] INFO:colcon.colcon_core.shell:Creating environment hook '/home/jash/ros2_ws2/install/sim/share/sim/hook/ament_prefix_path.ps1'
[1.647s] INFO:colcon.colcon_core.shell:Creating environment descriptor '/home/jash/ros2_ws2/install/sim/share/sim/hook/ament_prefix_path.dsv'
[1.648s] INFO:colcon.colcon_core.shell:Creating environment hook '/home/jash/ros2_ws2/install/sim/share/sim/hook/ament_prefix_path.sh'
[1.671s] INFO:colcon.colcon_core.shell:Skip shell extension 'powershell' for command environment: Not usable outside of PowerShell
[1.671s] DEBUG:colcon.colcon_core.shell:Skip shell extension 'dsv' for command environment
[2.197s] INFO:colcon.colcon_core.task.python.build:Building Python package in '/home/jash/ros2_ws2/src/circle'
[2.218s] INFO:colcon.colcon_core.shell:Skip shell extension 'powershell' for command environment: Not usable outside of PowerShell
[2.219s] DEBUG:colcon.colcon_core.shell:Skip shell extension 'dsv' for command environment
[2.685s] INFO:colcon.colcon_core.task.python.build:Building Python package in '/home/jash/ros2_ws2/src/sim'
[2.705s] INFO:colcon.colcon_core.shell:Skip shell extension 'powershell' for command environment: Not usable outside of PowerShell
[2.705s] DEBUG:colcon.colcon_core.shell:Skip shell extension 'dsv' for command environment
[3.369s] DEBUG:colcon.colcon_core.event_handler.log_command:Invoking command in '/home/jash/ros2_ws2/src/sim': PYTHONPATH=/home/jash/ros2_ws2/build/sim/prefix_override:/home/jash/ros2_ws2/install/sim/lib/python3.10/site-packages:${PYTHONPATH} /usr/bin/python3 setup.py egg_info --egg-base ../../build/sim build --build-base /home/jash/ros2_ws2/build/sim/build install --record /home/jash/ros2_ws2/build/sim/install.log --single-version-externally-managed
[3.398s] DEBUG:colcon.colcon_core.event_handler.log_command:Invoking command in '/home/jash/ros2_ws2/src/circle': PYTHONPATH=/home/jash/ros2_ws2/build/circle/prefix_override:/home/jash/ros2_ws2/install/circle/lib/python3.10/site-packages:${PYTHONPATH} /usr/bin/python3 setup.py egg_info --egg-base ../../build/circle build --build-base /home/jash/ros2_ws2/build/circle/build install --record /home/jash/ros2_ws2/build/circle/install.log --single-version-externally-managed
[3.958s] DEBUG:colcon.colcon_core.event_handler.log_command:Invoked command in '/home/jash/ros2_ws2/src/sim' returned '0': PYTHONPATH=/home/jash/ros2_ws2/build/sim/prefix_override:/home/jash/ros2_ws2/install/sim/lib/python3.10/site-packages:${PYTHONPATH} /usr/bin/python3 setup.py egg_info --egg-base ../../build/sim build --build-base /home/jash/ros2_ws2/build/sim/build install --record /home/jash/ros2_ws2/build/sim/install.log --single-version-externally-managed
[4.013s] Level 1:colcon.colcon_core.environment:checking '/home/jash/ros2_ws2/install/sim' for CMake module files
[4.022s] Level 1:colcon.colcon_core.environment:checking '/home/jash/ros2_ws2/install/sim' for CMake config files
[4.023s] Level 1:colcon.colcon_core.environment:checking '/home/jash/ros2_ws2/install/sim/lib'
[4.024s] Level 1:colcon.colcon_core.environment:checking '/home/jash/ros2_ws2/install/sim/bin'
[4.024s] Level 1:colcon.colcon_core.environment:checking '/home/jash/ros2_ws2/install/sim/lib/pkgconfig/sim.pc'
[4.027s] Level 1:colcon.colcon_core.environment:checking '/home/jash/ros2_ws2/install/sim/lib/python3.10/site-packages'
[4.028s] Level 1:colcon.colcon_core.shell:create_environment_hook('sim', 'pythonpath')
[4.068s] INFO:colcon.colcon_core.shell:Creating environment hook '/home/jash/ros2_ws2/install/sim/share/sim/hook/pythonpath.ps1'
[4.070s] INFO:colcon.colcon_core.shell:Creating environment descriptor '/home/jash/ros2_ws2/install/sim/share/sim/hook/pythonpath.dsv'
[4.071s] INFO:colcon.colcon_core.shell:Creating environment hook '/home/jash/ros2_ws2/install/sim/share/sim/hook/pythonpath.sh'
[4.071s] Level 1:colcon.colcon_core.environment:checking '/home/jash/ros2_ws2/install/sim/bin'
[4.072s] Level 1:colcon.colcon_core.environment:create_environment_scripts_only(sim)
[4.113s] INFO:colcon.colcon_core.shell:Creating package script '/home/jash/ros2_ws2/install/sim/share/sim/package.ps1'
[4.116s] INFO:colcon.colcon_core.shell:Creating package descriptor '/home/jash/ros2_ws2/install/sim/share/sim/package.dsv'
[4.119s] INFO:colcon.colcon_core.shell:Creating package script '/home/jash/ros2_ws2/install/sim/share/sim/package.sh'
[4.125s] INFO:colcon.colcon_core.shell:Creating package script '/home/jash/ros2_ws2/install/sim/share/sim/package.bash'
[4.129s] INFO:colcon.colcon_core.shell:Creating package script '/home/jash/ros2_ws2/install/sim/share/sim/package.zsh'
[4.134s] Level 1:colcon.colcon_core.environment:create_file_with_runtime_dependencies(/home/jash/ros2_ws2/install/sim/share/colcon-core/packages/sim)
[4.149s] DEBUG:colcon.colcon_core.event_handler.log_command:Invoked command in '/home/jash/ros2_ws2/src/circle' returned '0': PYTHONPATH=/home/jash/ros2_ws2/build/circle/prefix_override:/home/jash/ros2_ws2/install/circle/lib/python3.10/site-packages:${PYTHONPATH} /usr/bin/python3 setup.py egg_info --egg-base ../../build/circle build --build-base /home/jash/ros2_ws2/build/circle/build install --record /home/jash/ros2_ws2/build/circle/install.log --single-version-externally-managed
[4.181s] Level 1:colcon.colcon_core.environment:checking '/home/jash/ros2_ws2/install/circle' for CMake module files
[4.182s] Level 1:colcon.colcon_core.environment:checking '/home/jash/ros2_ws2/install/circle' for CMake config files
[4.182s] Level 1:colcon.colcon_core.environment:checking '/home/jash/ros2_ws2/install/circle/lib'
[4.183s] Level 1:colcon.colcon_core.environment:checking '/home/jash/ros2_ws2/install/circle/bin'
[4.183s] Level 1:colcon.colcon_core.environment:checking '/home/jash/ros2_ws2/install/circle/lib/pkgconfig/circle.pc'
[4.183s] Level 1:colcon.colcon_core.environment:checking '/home/jash/ros2_ws2/install/circle/lib/python3.10/site-packages'
[4.183s] Level 1:colcon.colcon_core.shell:create_environment_hook('circle', 'pythonpath')
[4.211s] INFO:colcon.colcon_core.shell:Creating environment hook '/home/jash/ros2_ws2/install/circle/share/circle/hook/pythonpath.ps1'
[4.212s] INFO:colcon.colcon_core.shell:Creating environment descriptor '/home/jash/ros2_ws2/install/circle/share/circle/hook/pythonpath.dsv'
[4.216s] INFO:colcon.colcon_core.shell:Creating environment hook '/home/jash/ros2_ws2/install/circle/share/circle/hook/pythonpath.sh'
[4.218s] Level 1:colcon.colcon_core.environment:checking '/home/jash/ros2_ws2/install/circle/bin'
[4.218s] Level 1:colcon.colcon_core.environment:create_environment_scripts_only(circle)
[4.245s] INFO:colcon.colcon_core.shell:Creating package script '/home/jash/ros2_ws2/install/circle/share/circle/package.ps1'
[4.248s] INFO:colcon.colcon_core.shell:Creating package descriptor '/home/jash/ros2_ws2/install/circle/share/circle/package.dsv'
[4.248s] INFO:colcon.colcon_core.shell:Creating package script '/home/jash/ros2_ws2/install/circle/share/circle/package.sh'
[4.249s] INFO:colcon.colcon_core.shell:Creating package script '/home/jash/ros2_ws2/install/circle/share/circle/package.bash'
[4.249s] INFO:colcon.colcon_core.shell:Creating package script '/home/jash/ros2_ws2/install/circle/share/circle/package.zsh'
[4.249s] Level 1:colcon.colcon_core.environment:create_file_with_runtime_dependencies(/home/jash/ros2_ws2/install/circle/share/colcon-core/packages/circle)
[4.250s] DEBUG:colcon.colcon_parallel_executor.executor.parallel:closing loop
[4.250s] DEBUG:colcon.colcon_parallel_executor.executor.parallel:loop closed
[4.251s] DEBUG:colcon.colcon_parallel_executor.executor.parallel:run_until_complete finished with '0'
[4.251s] DEBUG:colcon.colcon_core.event_reactor:joining thread
[4.292s] INFO:colcon.colcon_core.plugin_system:Skipping extension 'colcon_notification.desktop_notification.terminal_notifier': Not used on non-Darwin systems
[4.292s] INFO:colcon.colcon_core.plugin_system:Skipping extension 'colcon_notification.desktop_notification.win32': Not used on non-Windows systems
[4.292s] INFO:colcon.colcon_notification.desktop_notification:Sending desktop notification using 'notify2'
[4.342s] DEBUG:colcon.colcon_core.event_reactor:joined thread
[4.387s] INFO:colcon.colcon_core.shell:Creating prefix script '/home/jash/ros2_ws2/install/local_setup.ps1'
[4.396s] INFO:colcon.colcon_core.shell:Creating prefix util module '/home/jash/ros2_ws2/install/_local_setup_util_ps1.py'
[4.398s] INFO:colcon.colcon_core.shell:Creating prefix chain script '/home/jash/ros2_ws2/install/setup.ps1'
[4.433s] INFO:colcon.colcon_core.shell:Creating prefix script '/home/jash/ros2_ws2/install/local_setup.sh'
[4.434s] INFO:colcon.colcon_core.shell:Creating prefix util module '/home/jash/ros2_ws2/install/_local_setup_util_sh.py'
[4.435s] INFO:colcon.colcon_core.shell:Creating prefix chain script '/home/jash/ros2_ws2/install/setup.sh'
[4.476s] INFO:colcon.colcon_core.shell:Creating prefix script '/home/jash/ros2_ws2/install/local_setup.bash'
[4.477s] INFO:colcon.colcon_core.shell:Creating prefix chain script '/home/jash/ros2_ws2/install/setup.bash'
[4.504s] INFO:colcon.colcon_core.shell:Creating prefix script '/home/jash/ros2_ws2/install/local_setup.zsh'
[4.506s] INFO:colcon.colcon_core.shell:Creating prefix chain script '/home/jash/ros2_ws2/install/setup.zsh'
