[1.575s] Invoking command in '/home/jash/ros2_ws2/src/sim': PYTHONPATH=/home/jash/ros2_ws2/build/sim/prefix_override:/home/jash/ros2_ws2/install/sim/lib/python3.10/site-packages:${PYTHONPATH} /usr/bin/python3 setup.py egg_info --egg-base ../../build/sim build --build-base /home/jash/ros2_ws2/build/sim/build install --record /home/jash/ros2_ws2/build/sim/install.log --single-version-externally-managed
[1.982s] running egg_info
[1.983s] writing ../../build/sim/sim.egg-info/PKG-INFO
[1.984s] writing dependency_links to ../../build/sim/sim.egg-info/dependency_links.txt
[1.984s] writing entry points to ../../build/sim/sim.egg-info/entry_points.txt
[1.989s] writing requirements to ../../build/sim/sim.egg-info/requires.txt
[1.990s] writing top-level names to ../../build/sim/sim.egg-info/top_level.txt
[1.992s] reading manifest file '../../build/sim/sim.egg-info/SOURCES.txt'
[1.994s] adding license file 'LICENSE'
[1.994s] writing manifest file '../../build/sim/sim.egg-info/SOURCES.txt'
[1.995s] running build
[1.996s] running build_py
[1.996s] running install
[1.996s] running install_lib
[1.996s] running install_data
[1.996s] running install_egg_info
[2.001s] removing '/home/jash/ros2_ws2/install/sim/lib/python3.10/site-packages/sim-0.0.0-py3.10.egg-info' (and everything under it)
[2.003s] Copying ../../build/sim/sim.egg-info to /home/jash/ros2_ws2/install/sim/lib/python3.10/site-packages/sim-0.0.0-py3.10.egg-info
[2.009s] running install_scripts
[2.040s] Installing circle script to /home/jash/ros2_ws2/install/sim/lib/sim
[2.041s] Installing sim0 script to /home/jash/ros2_ws2/install/sim/lib/sim
[2.042s] Installing sim1 script to /home/jash/ros2_ws2/install/sim/lib/sim
[2.043s] writing list of installed files to '/home/jash/ros2_ws2/build/sim/install.log'
[2.102s] Invoked command in '/home/jash/ros2_ws2/src/sim' returned '0': PYTHONPATH=/home/jash/ros2_ws2/build/sim/prefix_override:/home/jash/ros2_ws2/install/sim/lib/python3.10/site-packages:${PYTHONPATH} /usr/bin/python3 setup.py egg_info --egg-base ../../build/sim build --build-base /home/jash/ros2_ws2/build/sim/build install --record /home/jash/ros2_ws2/build/sim/install.log --single-version-externally-managed
