[1.517s] Invoking command in '/home/jash/ros2_ws2/src/sim': PYTHONPATH=/home/jash/ros2_ws2/build/sim/prefix_override:/home/jash/ros2_ws2/install/sim/lib/python3.10/site-packages:${PYTHONPATH} /usr/bin/python3 setup.py egg_info --egg-base ../../build/sim build --build-base /home/jash/ros2_ws2/build/sim/build install --record /home/jash/ros2_ws2/build/sim/install.log --single-version-externally-managed
[1.825s] running egg_info
[1.829s] writing ../../build/sim/sim.egg-info/PKG-INFO
[1.830s] writing dependency_links to ../../build/sim/sim.egg-info/dependency_links.txt
[1.831s] writing entry points to ../../build/sim/sim.egg-info/entry_points.txt
[1.836s] writing requirements to ../../build/sim/sim.egg-info/requires.txt
[1.837s] writing top-level names to ../../build/sim/sim.egg-info/top_level.txt
[1.838s] reading manifest file '../../build/sim/sim.egg-info/SOURCES.txt'
[1.838s] adding license file 'LICENSE'
[1.838s] writing manifest file '../../build/sim/sim.egg-info/SOURCES.txt'
[1.838s] running build
[1.838s] running build_py
[1.838s] running install
[1.838s] running install_lib
[1.838s] running install_data
[1.838s] running install_egg_info
[1.844s] removing '/home/jash/ros2_ws2/install/sim/lib/python3.10/site-packages/sim-0.0.0-py3.10.egg-info' (and everything under it)
[1.845s] Copying ../../build/sim/sim.egg-info to /home/jash/ros2_ws2/install/sim/lib/python3.10/site-packages/sim-0.0.0-py3.10.egg-info
[1.845s] running install_scripts
[1.861s] Installing circle script to /home/jash/ros2_ws2/install/sim/lib/sim
[1.862s] Installing sim0 script to /home/jash/ros2_ws2/install/sim/lib/sim
[1.862s] Installing sim1 script to /home/jash/ros2_ws2/install/sim/lib/sim
[1.863s] writing list of installed files to '/home/jash/ros2_ws2/build/sim/install.log'
[1.895s] Invoked command in '/home/jash/ros2_ws2/src/sim' returned '0': PYTHONPATH=/home/jash/ros2_ws2/build/sim/prefix_override:/home/jash/ros2_ws2/install/sim/lib/python3.10/site-packages:${PYTHONPATH} /usr/bin/python3 setup.py egg_info --egg-base ../../build/sim build --build-base /home/jash/ros2_ws2/build/sim/build install --record /home/jash/ros2_ws2/build/sim/install.log --single-version-externally-managed
