[1.437s] Invoking command in '/home/jash/ros2_ws2/src/circle': PYTHONPATH=/home/jash/ros2_ws2/build/circle/prefix_override:/home/jash/ros2_ws2/install/circle/lib/python3.10/site-packages:${PYTHONPATH} /usr/bin/python3 setup.py egg_info --egg-base ../../build/circle build --build-base /home/jash/ros2_ws2/build/circle/build install --record /home/jash/ros2_ws2/build/circle/install.log --single-version-externally-managed
[1.720s] running egg_info
[1.720s] writing ../../build/circle/circle.egg-info/PKG-INFO
[1.721s] writing dependency_links to ../../build/circle/circle.egg-info/dependency_links.txt
[1.721s] writing entry points to ../../build/circle/circle.egg-info/entry_points.txt
[1.721s] writing requirements to ../../build/circle/circle.egg-info/requires.txt
[1.721s] writing top-level names to ../../build/circle/circle.egg-info/top_level.txt
[1.722s] reading manifest file '../../build/circle/circle.egg-info/SOURCES.txt'
[1.723s] writing manifest file '../../build/circle/circle.egg-info/SOURCES.txt'
[1.723s] running build
[1.723s] running build_py
[1.724s] running install
[1.724s] running install_lib
[1.724s] running install_data
[1.725s] running install_egg_info
[1.726s] removing '/home/jash/ros2_ws2/install/circle/lib/python3.10/site-packages/circle-0.0.0-py3.10.egg-info' (and everything under it)
[1.728s] Copying ../../build/circle/circle.egg-info to /home/jash/ros2_ws2/install/circle/lib/python3.10/site-packages/circle-0.0.0-py3.10.egg-info
[1.728s] running install_scripts
[1.755s] Installing circle_drawing script to /home/jash/ros2_ws2/install/circle/lib/circle
[1.755s] Installing circle_drawing2 script to /home/jash/ros2_ws2/install/circle/lib/circle
[1.756s] writing list of installed files to '/home/jash/ros2_ws2/build/circle/install.log'
[1.795s] Invoked command in '/home/jash/ros2_ws2/src/circle' returned '0': PYTHONPATH=/home/jash/ros2_ws2/build/circle/prefix_override:/home/jash/ros2_ws2/install/circle/lib/python3.10/site-packages:${PYTHONPATH} /usr/bin/python3 setup.py egg_info --egg-base ../../build/circle build --build-base /home/jash/ros2_ws2/build/circle/build install --record /home/jash/ros2_ws2/build/circle/install.log --single-version-externally-managed
