[1.197s] Invoking command in '/home/jash/ros2_ws2/src/sim': PYTHONPATH=/home/jash/ros2_ws2/build/sim/prefix_override:/home/jash/ros2_ws2/install/sim/lib/python3.10/site-packages:${PYTHONPATH} /usr/bin/python3 setup.py egg_info --egg-base ../../build/sim build --build-base /home/jash/ros2_ws2/build/sim/build install --record /home/jash/ros2_ws2/build/sim/install.log --single-version-externally-managed
[1.562s] running egg_info
[1.564s] writing ../../build/sim/sim.egg-info/PKG-INFO
[1.565s] writing dependency_links to ../../build/sim/sim.egg-info/dependency_links.txt
[1.565s] writing entry points to ../../build/sim/sim.egg-info/entry_points.txt
[1.566s] writing requirements to ../../build/sim/sim.egg-info/requires.txt
[1.566s] writing top-level names to ../../build/sim/sim.egg-info/top_level.txt
[1.571s] reading manifest file '../../build/sim/sim.egg-info/SOURCES.txt'
[1.571s] adding license file 'LICENSE'
[1.571s] writing manifest file '../../build/sim/sim.egg-info/SOURCES.txt'
[1.576s] running build
[1.576s] running build_py
[1.577s] running install
[1.577s] running install_lib
[1.577s] running install_data
[1.578s] running install_egg_info
[1.580s] removing '/home/jash/ros2_ws2/install/sim/lib/python3.10/site-packages/sim-0.0.0-py3.10.egg-info' (and everything under it)
[1.581s] Copying ../../build/sim/sim.egg-info to /home/jash/ros2_ws2/install/sim/lib/python3.10/site-packages/sim-0.0.0-py3.10.egg-info
[1.587s] running install_scripts
[1.622s] Installing sim0 script to /home/jash/ros2_ws2/install/sim/lib/sim
[1.622s] writing list of installed files to '/home/jash/ros2_ws2/build/sim/install.log'
[1.724s] Invoked command in '/home/jash/ros2_ws2/src/sim' returned '0': PYTHONPATH=/home/jash/ros2_ws2/build/sim/prefix_override:/home/jash/ros2_ws2/install/sim/lib/python3.10/site-packages:${PYTHONPATH} /usr/bin/python3 setup.py egg_info --egg-base ../../build/sim build --build-base /home/jash/ros2_ws2/build/sim/build install --record /home/jash/ros2_ws2/build/sim/install.log --single-version-externally-managed
