[1.003s] Invoking command in '/home/jash/ros2_ws2/src/circle': PYTHONPATH=/home/jash/ros2_ws2/build/circle/prefix_override:/home/jash/ros2_ws2/install/circle/lib/python3.10/site-packages:${PYTHONPATH} /usr/bin/python3 setup.py egg_info --egg-base ../../build/circle build --build-base /home/jash/ros2_ws2/build/circle/build install --record /home/jash/ros2_ws2/build/circle/install.log --single-version-externally-managed
[1.255s] running egg_info
[1.255s] writing ../../build/circle/circle.egg-info/PKG-INFO
[1.257s] writing dependency_links to ../../build/circle/circle.egg-info/dependency_links.txt
[1.258s] writing entry points to ../../build/circle/circle.egg-info/entry_points.txt
[1.258s] writing requirements to ../../build/circle/circle.egg-info/requires.txt
[1.258s] writing top-level names to ../../build/circle/circle.egg-info/top_level.txt
[1.262s] reading manifest file '../../build/circle/circle.egg-info/SOURCES.txt'
[1.263s] writing manifest file '../../build/circle/circle.egg-info/SOURCES.txt'
[1.265s] running build
[1.265s] running build_py
[1.268s] copying circle/circle_drawing2.py -> /home/jash/ros2_ws2/build/circle/build/lib/circle
[1.268s] copying circle/circle_drawing.py -> /home/jash/ros2_ws2/build/circle/build/lib/circle
[1.268s] running install
[1.268s] running install_lib
[1.268s] copying /home/jash/ros2_ws2/build/circle/build/lib/circle/circle_drawing2.py -> /home/jash/ros2_ws2/install/circle/lib/python3.10/site-packages/circle
[1.269s] copying /home/jash/ros2_ws2/build/circle/build/lib/circle/circle_drawing.py -> /home/jash/ros2_ws2/install/circle/lib/python3.10/site-packages/circle
[1.270s] byte-compiling /home/jash/ros2_ws2/install/circle/lib/python3.10/site-packages/circle/circle_drawing2.py to circle_drawing2.cpython-310.pyc
[1.271s] byte-compiling /home/jash/ros2_ws2/install/circle/lib/python3.10/site-packages/circle/circle_drawing.py to circle_drawing.cpython-310.pyc
[1.273s] running install_data
[1.274s] running install_egg_info
[1.275s] removing '/home/jash/ros2_ws2/install/circle/lib/python3.10/site-packages/circle-0.0.0-py3.10.egg-info' (and everything under it)
[1.277s] Copying ../../build/circle/circle.egg-info to /home/jash/ros2_ws2/install/circle/lib/python3.10/site-packages/circle-0.0.0-py3.10.egg-info
[1.281s] running install_scripts
[1.300s] Installing circle_drawing script to /home/jash/ros2_ws2/install/circle/lib/circle
[1.301s] Installing circle_drawing2 script to /home/jash/ros2_ws2/install/circle/lib/circle
[1.302s] writing list of installed files to '/home/jash/ros2_ws2/build/circle/install.log'
[1.356s] Invoked command in '/home/jash/ros2_ws2/src/circle' returned '0': PYTHONPATH=/home/jash/ros2_ws2/build/circle/prefix_override:/home/jash/ros2_ws2/install/circle/lib/python3.10/site-packages:${PYTHONPATH} /usr/bin/python3 setup.py egg_info --egg-base ../../build/circle build --build-base /home/jash/ros2_ws2/build/circle/build install --record /home/jash/ros2_ws2/build/circle/install.log --single-version-externally-managed
