[1.768s] Invoking command in '/home/jash/ros2_ws2/src/circle': PYTHONPATH=/home/jash/ros2_ws2/build/circle/prefix_override:/home/jash/ros2_ws2/install/circle/lib/python3.10/site-packages:${PYTHONPATH} /usr/bin/python3 setup.py egg_info --egg-base ../../build/circle build --build-base /home/jash/ros2_ws2/build/circle/build install --record /home/jash/ros2_ws2/build/circle/install.log --single-version-externally-managed
[2.168s] running egg_info
[2.170s] writing ../../build/circle/circle.egg-info/PKG-INFO
[2.171s] writing dependency_links to ../../build/circle/circle.egg-info/dependency_links.txt
[2.172s] writing entry points to ../../build/circle/circle.egg-info/entry_points.txt
[2.172s] writing requirements to ../../build/circle/circle.egg-info/requires.txt
[2.173s] writing top-level names to ../../build/circle/circle.egg-info/top_level.txt
[2.175s] reading manifest file '../../build/circle/circle.egg-info/SOURCES.txt'
[2.176s] writing manifest file '../../build/circle/circle.egg-info/SOURCES.txt'
[2.177s] running build
[2.177s] running build_py
[2.178s] running install
[2.178s] running install_lib
[2.179s] running install_data
[2.180s] running install_egg_info
[2.185s] removing '/home/jash/ros2_ws2/install/circle/lib/python3.10/site-packages/circle-0.0.0-py3.10.egg-info' (and everything under it)
[2.186s] Copying ../../build/circle/circle.egg-info to /home/jash/ros2_ws2/install/circle/lib/python3.10/site-packages/circle-0.0.0-py3.10.egg-info
[2.186s] running install_scripts
[2.214s] Installing circle_drawing script to /home/jash/ros2_ws2/install/circle/lib/circle
[2.215s] Installing circle_drawing2 script to /home/jash/ros2_ws2/install/circle/lib/circle
[2.216s] writing list of installed files to '/home/jash/ros2_ws2/build/circle/install.log'
[2.332s] Invoked command in '/home/jash/ros2_ws2/src/circle' returned '0': PYTHONPATH=/home/jash/ros2_ws2/build/circle/prefix_override:/home/jash/ros2_ws2/install/circle/lib/python3.10/site-packages:${PYTHONPATH} /usr/bin/python3 setup.py egg_info --egg-base ../../build/circle build --build-base /home/jash/ros2_ws2/build/circle/build install --record /home/jash/ros2_ws2/build/circle/install.log --single-version-externally-managed
