[1.221s] Invoking command in '/home/jash/ros2_ws2/src/circle': PYTHONPATH=/home/jash/ros2_ws2/build/circle/prefix_override:/home/jash/ros2_ws2/install/circle/lib/python3.10/site-packages:${PYTHONPATH} /usr/bin/python3 setup.py egg_info --egg-base ../../build/circle build --build-base /home/jash/ros2_ws2/build/circle/build install --record /home/jash/ros2_ws2/build/circle/install.log --single-version-externally-managed
[1.523s] running egg_info
[1.524s] writing ../../build/circle/circle.egg-info/PKG-INFO
[1.525s] writing dependency_links to ../../build/circle/circle.egg-info/dependency_links.txt
[1.525s] writing entry points to ../../build/circle/circle.egg-info/entry_points.txt
[1.525s] writing requirements to ../../build/circle/circle.egg-info/requires.txt
[1.525s] writing top-level names to ../../build/circle/circle.egg-info/top_level.txt
[1.526s] reading manifest file '../../build/circle/circle.egg-info/SOURCES.txt'
[1.527s] writing manifest file '../../build/circle/circle.egg-info/SOURCES.txt'
[1.528s] running build
[1.528s] running build_py
[1.529s] running install
[1.529s] running install_lib
[1.530s] running install_data
[1.531s] running install_egg_info
[1.534s] removing '/home/jash/ros2_ws2/install/circle/lib/python3.10/site-packages/circle-0.0.0-py3.10.egg-info' (and everything under it)
[1.534s] Copying ../../build/circle/circle.egg-info to /home/jash/ros2_ws2/install/circle/lib/python3.10/site-packages/circle-0.0.0-py3.10.egg-info
[1.534s] running install_scripts
[1.571s] Installing circle_drawing script to /home/jash/ros2_ws2/install/circle/lib/circle
[1.571s] Installing circle_drawing2 script to /home/jash/ros2_ws2/install/circle/lib/circle
[1.571s] writing list of installed files to '/home/jash/ros2_ws2/build/circle/install.log'
[1.625s] Invoked command in '/home/jash/ros2_ws2/src/circle' returned '0': PYTHONPATH=/home/jash/ros2_ws2/build/circle/prefix_override:/home/jash/ros2_ws2/install/circle/lib/python3.10/site-packages:${PYTHONPATH} /usr/bin/python3 setup.py egg_info --egg-base ../../build/circle build --build-base /home/jash/ros2_ws2/build/circle/build install --record /home/jash/ros2_ws2/build/circle/install.log --single-version-externally-managed
