[1.450s] Invoking command in '/home/jash/ros2_ws2/src/sim': PYTHONPATH=/home/jash/ros2_ws2/build/sim/prefix_override:/home/jash/ros2_ws2/install/sim/lib/python3.10/site-packages:${PYTHONPATH} /usr/bin/python3 setup.py egg_info --egg-base ../../build/sim build --build-base /home/jash/ros2_ws2/build/sim/build install --record /home/jash/ros2_ws2/build/sim/install.log --single-version-externally-managed
[1.764s] running egg_info
[1.765s] writing ../../build/sim/sim.egg-info/PKG-INFO
[1.766s] writing dependency_links to ../../build/sim/sim.egg-info/dependency_links.txt
[1.767s] writing entry points to ../../build/sim/sim.egg-info/entry_points.txt
[1.769s] writing requirements to ../../build/sim/sim.egg-info/requires.txt
[1.771s] writing top-level names to ../../build/sim/sim.egg-info/top_level.txt
[1.778s] reading manifest file '../../build/sim/sim.egg-info/SOURCES.txt'
[1.778s] adding license file 'LICENSE'
[1.781s] writing manifest file '../../build/sim/sim.egg-info/SOURCES.txt'
[1.782s] running build
[1.782s] running build_py
[1.789s] running install
[1.789s] running install_lib
[1.790s] running install_data
[1.791s] running install_egg_info
[1.794s] removing '/home/jash/ros2_ws2/install/sim/lib/python3.10/site-packages/sim-0.0.0-py3.10.egg-info' (and everything under it)
[1.794s] Copying ../../build/sim/sim.egg-info to /home/jash/ros2_ws2/install/sim/lib/python3.10/site-packages/sim-0.0.0-py3.10.egg-info
[1.797s] running install_scripts
[1.822s] Installing circle script to /home/jash/ros2_ws2/install/sim/lib/sim
[1.823s] Installing sim0 script to /home/jash/ros2_ws2/install/sim/lib/sim
[1.823s] Installing sim1 script to /home/jash/ros2_ws2/install/sim/lib/sim
[1.824s] writing list of installed files to '/home/jash/ros2_ws2/build/sim/install.log'
[1.947s] Invoked command in '/home/jash/ros2_ws2/src/sim' returned '0': PYTHONPATH=/home/jash/ros2_ws2/build/sim/prefix_override:/home/jash/ros2_ws2/install/sim/lib/python3.10/site-packages:${PYTHONPATH} /usr/bin/python3 setup.py egg_info --egg-base ../../build/sim build --build-base /home/jash/ros2_ws2/build/sim/build install --record /home/jash/ros2_ws2/build/sim/install.log --single-version-externally-managed
