[1.233s] Invoking command in '/home/jash/ros2_ws2/src/circle': PYTHONPATH=/home/jash/ros2_ws2/build/circle/prefix_override:/home/jash/ros2_ws2/install/circle/lib/python3.10/site-packages:${PYTHONPATH} /usr/bin/python3 setup.py egg_info --egg-base ../../build/circle build --build-base /home/jash/ros2_ws2/build/circle/build install --record /home/jash/ros2_ws2/build/circle/install.log --single-version-externally-managed
[1.526s] running egg_info
[1.527s] writing ../../build/circle/circle.egg-info/PKG-INFO
[1.528s] writing dependency_links to ../../build/circle/circle.egg-info/dependency_links.txt
[1.528s] writing entry points to ../../build/circle/circle.egg-info/entry_points.txt
[1.529s] writing requirements to ../../build/circle/circle.egg-info/requires.txt
[1.529s] writing top-level names to ../../build/circle/circle.egg-info/top_level.txt
[1.530s] reading manifest file '../../build/circle/circle.egg-info/SOURCES.txt'
[1.531s] writing manifest file '../../build/circle/circle.egg-info/SOURCES.txt'
[1.531s] running build
[1.532s] running build_py
[1.533s] copying circle/circle_drawing.py -> /home/jash/ros2_ws2/build/circle/build/lib/circle
[1.533s] running install
[1.534s] running install_lib
[1.535s] copying /home/jash/ros2_ws2/build/circle/build/lib/circle/circle_drawing.py -> /home/jash/ros2_ws2/install/circle/lib/python3.10/site-packages/circle
[1.535s] byte-compiling /home/jash/ros2_ws2/install/circle/lib/python3.10/site-packages/circle/circle_drawing.py to circle_drawing.cpython-310.pyc
[1.539s] running install_data
[1.541s] running install_egg_info
[1.542s] removing '/home/jash/ros2_ws2/install/circle/lib/python3.10/site-packages/circle-0.0.0-py3.10.egg-info' (and everything under it)
[1.543s] Copying ../../build/circle/circle.egg-info to /home/jash/ros2_ws2/install/circle/lib/python3.10/site-packages/circle-0.0.0-py3.10.egg-info
[1.543s] running install_scripts
[1.569s] Installing circle_drawing script to /home/jash/ros2_ws2/install/circle/lib/circle
[1.569s] Installing circle_drawing2 script to /home/jash/ros2_ws2/install/circle/lib/circle
[1.570s] writing list of installed files to '/home/jash/ros2_ws2/build/circle/install.log'
[1.652s] Invoked command in '/home/jash/ros2_ws2/src/circle' returned '0': PYTHONPATH=/home/jash/ros2_ws2/build/circle/prefix_override:/home/jash/ros2_ws2/install/circle/lib/python3.10/site-packages:${PYTHONPATH} /usr/bin/python3 setup.py egg_info --egg-base ../../build/circle build --build-base /home/jash/ros2_ws2/build/circle/build install --record /home/jash/ros2_ws2/build/circle/install.log --single-version-externally-managed
