[1.797s] Invoking command in '/home/jash/ros2_ws2/src/circle': PYTHONPATH=/home/jash/ros2_ws2/build/circle/prefix_override:/home/jash/ros2_ws2/install/circle/lib/python3.10/site-packages:${PYTHONPATH} /usr/bin/python3 setup.py egg_info --egg-base ../../build/circle build --build-base /home/jash/ros2_ws2/build/circle/build install --record /home/jash/ros2_ws2/build/circle/install.log --single-version-externally-managed
[2.233s] running egg_info
[2.234s] writing ../../build/circle/circle.egg-info/PKG-INFO
[2.235s] writing dependency_links to ../../build/circle/circle.egg-info/dependency_links.txt
[2.235s] writing entry points to ../../build/circle/circle.egg-info/entry_points.txt
[2.235s] writing requirements to ../../build/circle/circle.egg-info/requires.txt
[2.235s] writing top-level names to ../../build/circle/circle.egg-info/top_level.txt
[2.238s] reading manifest file '../../build/circle/circle.egg-info/SOURCES.txt'
[2.240s] writing manifest file '../../build/circle/circle.egg-info/SOURCES.txt'
[2.240s] running build
[2.240s] running build_py
[2.241s] copying circle/circle_drawing.py -> /home/jash/ros2_ws2/build/circle/build/lib/circle
[2.242s] running install
[2.242s] running install_lib
[2.242s] copying /home/jash/ros2_ws2/build/circle/build/lib/circle/circle_drawing.py -> /home/jash/ros2_ws2/install/circle/lib/python3.10/site-packages/circle
[2.243s] byte-compiling /home/jash/ros2_ws2/install/circle/lib/python3.10/site-packages/circle/circle_drawing.py to circle_drawing.cpython-310.pyc
[2.246s] running install_data
[2.246s] running install_egg_info
[2.251s] removing '/home/jash/ros2_ws2/install/circle/lib/python3.10/site-packages/circle-0.0.0-py3.10.egg-info' (and everything under it)
[2.251s] Copying ../../build/circle/circle.egg-info to /home/jash/ros2_ws2/install/circle/lib/python3.10/site-packages/circle-0.0.0-py3.10.egg-info
[2.251s] running install_scripts
[2.288s] Installing circle_drawing script to /home/jash/ros2_ws2/install/circle/lib/circle
[2.290s] Installing circle_drawing2 script to /home/jash/ros2_ws2/install/circle/lib/circle
[2.290s] writing list of installed files to '/home/jash/ros2_ws2/build/circle/install.log'
[2.356s] Invoked command in '/home/jash/ros2_ws2/src/circle' returned '0': PYTHONPATH=/home/jash/ros2_ws2/build/circle/prefix_override:/home/jash/ros2_ws2/install/circle/lib/python3.10/site-packages:${PYTHONPATH} /usr/bin/python3 setup.py egg_info --egg-base ../../build/circle build --build-base /home/jash/ros2_ws2/build/circle/build install --record /home/jash/ros2_ws2/build/circle/install.log --single-version-externally-managed
