[0.781s] Invoking command in '/home/jash/ros2_ws2/build/sim': PYTHONPATH=/home/jash/ros2_ws2/build/sim/prefix_override:/home/jash/ros2_ws2/install/sim/lib/python3.10/site-packages:${PYTHONPATH} /usr/bin/python3 setup.py develop --uninstall --editable --build-directory /home/jash/ros2_ws2/build/sim/build
[0.980s] running develop
[1.094s] Removing /home/jash/ros2_ws2/install/sim/lib/python3.10/site-packages/sim.egg-link (link to .)
[1.122s] Invoked command in '/home/jash/ros2_ws2/build/sim' returned '0': PYTHONPATH=/home/jash/ros2_ws2/build/sim/prefix_override:/home/jash/ros2_ws2/install/sim/lib/python3.10/site-packages:${PYTHONPATH} /usr/bin/python3 setup.py develop --uninstall --editable --build-directory /home/jash/ros2_ws2/build/sim/build
[1.124s] Invoking command in '/home/jash/ros2_ws2/src/sim': PYTHONPATH=/home/jash/ros2_ws2/build/sim/prefix_override:/home/jash/ros2_ws2/install/sim/lib/python3.10/site-packages:${PYTHONPATH} /usr/bin/python3 setup.py egg_info --egg-base ../../build/sim build --build-base /home/jash/ros2_ws2/build/sim/build install --record /home/jash/ros2_ws2/build/sim/install.log --single-version-externally-managed
[1.327s] running egg_info
[1.327s] writing ../../build/sim/sim.egg-info/PKG-INFO
[1.327s] writing dependency_links to ../../build/sim/sim.egg-info/dependency_links.txt
[1.327s] writing entry points to ../../build/sim/sim.egg-info/entry_points.txt
[1.327s] writing requirements to ../../build/sim/sim.egg-info/requires.txt
[1.328s] writing top-level names to ../../build/sim/sim.egg-info/top_level.txt
[1.329s] reading manifest file '../../build/sim/sim.egg-info/SOURCES.txt'
[1.330s] adding license file 'LICENSE'
[1.330s] writing manifest file '../../build/sim/sim.egg-info/SOURCES.txt'
[1.331s] running build
[1.331s] running build_py
[1.333s] running install
[1.333s] running install_lib
[1.333s] copying /home/jash/ros2_ws2/build/sim/build/lib/sim/__init__.py -> /home/jash/ros2_ws2/install/sim/lib/python3.10/site-packages/sim
[1.333s] copying /home/jash/ros2_ws2/build/sim/build/lib/sim/sim0.py -> /home/jash/ros2_ws2/install/sim/lib/python3.10/site-packages/sim
[1.333s] byte-compiling /home/jash/ros2_ws2/install/sim/lib/python3.10/site-packages/sim/__init__.py to __init__.cpython-310.pyc
[1.333s] byte-compiling /home/jash/ros2_ws2/install/sim/lib/python3.10/site-packages/sim/sim0.py to sim0.cpython-310.pyc
[1.339s] running install_data
[1.339s] running install_egg_info
[1.339s] Copying ../../build/sim/sim.egg-info to /home/jash/ros2_ws2/install/sim/lib/python3.10/site-packages/sim-0.0.0-py3.10.egg-info
[1.347s] running install_scripts
[1.372s] Installing sim0 script to /home/jash/ros2_ws2/install/sim/lib/sim
[1.372s] writing list of installed files to '/home/jash/ros2_ws2/build/sim/install.log'
[1.424s] Invoked command in '/home/jash/ros2_ws2/src/sim' returned '0': PYTHONPATH=/home/jash/ros2_ws2/build/sim/prefix_override:/home/jash/ros2_ws2/install/sim/lib/python3.10/site-packages:${PYTHONPATH} /usr/bin/python3 setup.py egg_info --egg-base ../../build/sim build --build-base /home/jash/ros2_ws2/build/sim/build install --record /home/jash/ros2_ws2/build/sim/install.log --single-version-externally-managed
