[1.040s] Invoking command in '/home/jash/ros2_ws2/src/sim': PYTHONPATH=/home/jash/ros2_ws2/build/sim/prefix_override:/home/jash/ros2_ws2/install/sim/lib/python3.10/site-packages:${PYTHONPATH} /usr/bin/python3 setup.py egg_info --egg-base ../../build/sim build --build-base /home/jash/ros2_ws2/build/sim/build install --record /home/jash/ros2_ws2/build/sim/install.log --single-version-externally-managed
[1.260s] running egg_info
[1.261s] writing ../../build/sim/sim.egg-info/PKG-INFO
[1.261s] writing dependency_links to ../../build/sim/sim.egg-info/dependency_links.txt
[1.261s] writing entry points to ../../build/sim/sim.egg-info/entry_points.txt
[1.261s] writing requirements to ../../build/sim/sim.egg-info/requires.txt
[1.261s] writing top-level names to ../../build/sim/sim.egg-info/top_level.txt
[1.263s] reading manifest file '../../build/sim/sim.egg-info/SOURCES.txt'
[1.263s] adding license file 'LICENSE'
[1.263s] writing manifest file '../../build/sim/sim.egg-info/SOURCES.txt'
[1.263s] running build
[1.263s] running build_py
[1.263s] copying sim/move_robot.py -> /home/jash/ros2_ws2/build/sim/build/lib/sim
[1.265s] running install
[1.269s] running install_lib
[1.270s] copying /home/jash/ros2_ws2/build/sim/build/lib/sim/move_robot.py -> /home/jash/ros2_ws2/install/sim/lib/python3.10/site-packages/sim
[1.270s] byte-compiling /home/jash/ros2_ws2/install/sim/lib/python3.10/site-packages/sim/move_robot.py to move_robot.cpython-310.pyc
[1.271s] running install_data
[1.272s] running install_egg_info
[1.272s] removing '/home/jash/ros2_ws2/install/sim/lib/python3.10/site-packages/sim-0.0.0-py3.10.egg-info' (and everything under it)
[1.272s] Copying ../../build/sim/sim.egg-info to /home/jash/ros2_ws2/install/sim/lib/python3.10/site-packages/sim-0.0.0-py3.10.egg-info
[1.272s] running install_scripts
[1.288s] Installing sim0 script to /home/jash/ros2_ws2/install/sim/lib/sim
[1.288s] writing list of installed files to '/home/jash/ros2_ws2/build/sim/install.log'
[1.315s] Invoked command in '/home/jash/ros2_ws2/src/sim' returned '0': PYTHONPATH=/home/jash/ros2_ws2/build/sim/prefix_override:/home/jash/ros2_ws2/install/sim/lib/python3.10/site-packages:${PYTHONPATH} /usr/bin/python3 setup.py egg_info --egg-base ../../build/sim build --build-base /home/jash/ros2_ws2/build/sim/build install --record /home/jash/ros2_ws2/build/sim/install.log --single-version-externally-managed
