[0.945s] DEBUG:colcon:Command line arguments: ['/usr/bin/colcon', 'build']
[0.945s] DEBUG:colcon:Parsed command line arguments: Namespace(log_base=None, log_level=None, verb_name='build', build_base='build', install_base='install', merge_install=False, symlink_install=False, test_result_base=None, continue_on_error=False, executor='parallel', parallel_workers=4, event_handlers=None, ignore_user_meta=False, metas=['./colcon.meta'], base_paths=['.'], packages_ignore=None, packages_ignore_regex=None, paths=None, packages_up_to=None, packages_up_to_regex=None, packages_above=None, packages_above_and_dependencies=None, packages_above_depth=None, packages_select_by_dep=None, packages_skip_by_dep=None, packages_skip_up_to=None, packages_select_build_failed=False, packages_skip_build_finished=False, packages_select_test_failures=False, packages_skip_test_passed=False, packages_select=None, packages_skip=None, packages_select_regex=None, packages_skip_regex=None, packages_start=None, packages_end=None, allow_overriding=[], cmake_args=None, cmake_target=None, cmake_target_skip_unavailable=False, cmake_clean_cache=False, cmake_clean_first=False, cmake_force_configure=False, ament_cmake_args=None, catkin_cmake_args=None, catkin_skip_building_tests=False, verb_parser=<colcon_defaults.argument_parser.defaults.DefaultArgumentsDecorator object at 0x7fdc203483a0>, verb_extension=<colcon_core.verb.build.BuildVerb object at 0x7fdc20233700>, main=<bound method BuildVerb.main of <colcon_core.verb.build.BuildVerb object at 0x7fdc20233700>>)
[0.987s] Level 1:colcon.colcon_core.package_discovery:discover_packages(colcon_meta) check parameters
[0.987s] Level 1:colcon.colcon_core.package_discovery:discover_packages(recursive) check parameters
[0.987s] Level 1:colcon.colcon_core.package_discovery:discover_packages(ignore) check parameters
[0.987s] Level 1:colcon.colcon_core.package_discovery:discover_packages(path) check parameters
[0.987s] Level 1:colcon.colcon_core.package_discovery:discover_packages(colcon_meta) discover
[0.987s] Level 1:colcon.colcon_core.package_discovery:discover_packages(recursive) discover
[0.987s] INFO:colcon.colcon_core.package_discovery:Crawling recursively for packages in '/home/jash/ros2_ws2'
[0.987s] Level 1:colcon.colcon_core.package_identification:_identify(.) by extensions ['ignore', 'ignore_ament_install']
[0.987s] Level 1:colcon.colcon_core.package_identification:_identify(.) by extension 'ignore'
[0.987s] Level 1:colcon.colcon_core.package_identification:_identify(.) by extension 'ignore_ament_install'
[0.988s] Level 1:colcon.colcon_core.package_identification:_identify(.) by extensions ['colcon_pkg']
[0.988s] Level 1:colcon.colcon_core.package_identification:_identify(.) by extension 'colcon_pkg'
[0.988s] Level 1:colcon.colcon_core.package_identification:_identify(.) by extensions ['colcon_meta']
[0.988s] Level 1:colcon.colcon_core.package_identification:_identify(.) by extension 'colcon_meta'
[0.988s] Level 1:colcon.colcon_core.package_identification:_identify(.) by extensions ['ros']
[0.988s] Level 1:colcon.colcon_core.package_identification:_identify(.) by extension 'ros'
[1.000s] Level 1:colcon.colcon_core.package_identification:_identify(.) by extensions ['cmake', 'python']
[1.001s] Level 1:colcon.colcon_core.package_identification:_identify(.) by extension 'cmake'
[1.001s] Level 1:colcon.colcon_core.package_identification:_identify(.) by extension 'python'
[1.001s] Level 1:colcon.colcon_core.package_identification:_identify(.) by extensions ['python_setup_py']
[1.001s] Level 1:colcon.colcon_core.package_identification:_identify(.) by extension 'python_setup_py'
[1.001s] Level 1:colcon.colcon_core.package_identification:_identify(build) by extensions ['ignore', 'ignore_ament_install']
[1.002s] Level 1:colcon.colcon_core.package_identification:_identify(build) by extension 'ignore'
[1.002s] Level 1:colcon.colcon_core.package_identification:_identify(build) ignored
[1.002s] Level 1:colcon.colcon_core.package_identification:_identify(install) by extensions ['ignore', 'ignore_ament_install']
[1.002s] Level 1:colcon.colcon_core.package_identification:_identify(install) by extension 'ignore'
[1.002s] Level 1:colcon.colcon_core.package_identification:_identify(install) ignored
[1.002s] Level 1:colcon.colcon_core.package_identification:_identify(log) by extensions ['ignore', 'ignore_ament_install']
[1.002s] Level 1:colcon.colcon_core.package_identification:_identify(log) by extension 'ignore'
[1.002s] Level 1:colcon.colcon_core.package_identification:_identify(log) ignored
[1.002s] Level 1:colcon.colcon_core.package_identification:_identify(src) by extensions ['ignore', 'ignore_ament_install']
[1.002s] Level 1:colcon.colcon_core.package_identification:_identify(src) by extension 'ignore'
[1.002s] Level 1:colcon.colcon_core.package_identification:_identify(src) by extension 'ignore_ament_install'
[1.002s] Level 1:colcon.colcon_core.package_identification:_identify(src) by extensions ['colcon_pkg']
[1.002s] Level 1:colcon.colcon_core.package_identification:_identify(src) by extension 'colcon_pkg'
[1.002s] Level 1:colcon.colcon_core.package_identification:_identify(src) by extensions ['colcon_meta']
[1.002s] Level 1:colcon.colcon_core.package_identification:_identify(src) by extension 'colcon_meta'
[1.002s] Level 1:colcon.colcon_core.package_identification:_identify(src) by extensions ['ros']
[1.002s] Level 1:colcon.colcon_core.package_identification:_identify(src) by extension 'ros'
[1.003s] Level 1:colcon.colcon_core.package_identification:_identify(src) by extensions ['cmake', 'python']
[1.003s] Level 1:colcon.colcon_core.package_identification:_identify(src) by extension 'cmake'
[1.003s] Level 1:colcon.colcon_core.package_identification:_identify(src) by extension 'python'
[1.003s] Level 1:colcon.colcon_core.package_identification:_identify(src) by extensions ['python_setup_py']
[1.003s] Level 1:colcon.colcon_core.package_identification:_identify(src) by extension 'python_setup_py'
[1.003s] Level 1:colcon.colcon_core.package_identification:_identify(src/circle) by extensions ['ignore', 'ignore_ament_install']
[1.003s] Level 1:colcon.colcon_core.package_identification:_identify(src/circle) by extension 'ignore'
[1.003s] Level 1:colcon.colcon_core.package_identification:_identify(src/circle) by extension 'ignore_ament_install'
[1.003s] Level 1:colcon.colcon_core.package_identification:_identify(src/circle) by extensions ['colcon_pkg']
[1.003s] Level 1:colcon.colcon_core.package_identification:_identify(src/circle) by extension 'colcon_pkg'
[1.003s] Level 1:colcon.colcon_core.package_identification:_identify(src/circle) by extensions ['colcon_meta']
[1.003s] Level 1:colcon.colcon_core.package_identification:_identify(src/circle) by extension 'colcon_meta'
[1.003s] Level 1:colcon.colcon_core.package_identification:_identify(src/circle) by extensions ['ros']
[1.003s] Level 1:colcon.colcon_core.package_identification:_identify(src/circle) by extension 'ros'
[1.006s] DEBUG:colcon.colcon_core.package_identification:Package 'src/circle' with type 'ros.ament_python' and name 'circle'
[1.007s] Level 1:colcon.colcon_core.package_identification:_identify(src/sim) by extensions ['ignore', 'ignore_ament_install']
[1.007s] Level 1:colcon.colcon_core.package_identification:_identify(src/sim) by extension 'ignore'
[1.007s] Level 1:colcon.colcon_core.package_identification:_identify(src/sim) by extension 'ignore_ament_install'
[1.007s] Level 1:colcon.colcon_core.package_identification:_identify(src/sim) by extensions ['colcon_pkg']
[1.007s] Level 1:colcon.colcon_core.package_identification:_identify(src/sim) by extension 'colcon_pkg'
[1.007s] Level 1:colcon.colcon_core.package_identification:_identify(src/sim) by extensions ['colcon_meta']
[1.007s] Level 1:colcon.colcon_core.package_identification:_identify(src/sim) by extension 'colcon_meta'
[1.007s] Level 1:colcon.colcon_core.package_identification:_identify(src/sim) by extensions ['ros']
[1.007s] Level 1:colcon.colcon_core.package_identification:_identify(src/sim) by extension 'ros'
[1.007s] DEBUG:colcon.colcon_core.package_identification:Package 'src/sim' with type 'ros.ament_python' and name 'sim'
[1.008s] Level 1:colcon.colcon_core.package_discovery:discover_packages(recursive) using defaults
[1.008s] Level 1:colcon.colcon_core.package_discovery:discover_packages(ignore) discover
[1.008s] Level 1:colcon.colcon_core.package_discovery:discover_packages(ignore) using defaults
[1.008s] Level 1:colcon.colcon_core.package_discovery:discover_packages(path) discover
[1.008s] Level 1:colcon.colcon_core.package_discovery:discover_packages(path) using defaults
[1.115s] Level 1:colcon.colcon_core.package_discovery:discover_packages(prefix_path) check parameters
[1.115s] Level 1:colcon.colcon_core.package_discovery:discover_packages(prefix_path) discover
[1.152s] DEBUG:colcon.colcon_installed_package_information.package_discovery:Found 2 installed packages in /home/jash/ros2_ws2/install
[1.169s] DEBUG:colcon.colcon_installed_package_information.package_discovery:Found 270 installed packages in /opt/ros/humble
[1.170s] Level 1:colcon.colcon_core.package_discovery:discover_packages(prefix_path) using defaults
[1.280s] Level 5:colcon.colcon_core.verb:set package 'circle' build argument 'cmake_args' from command line to 'None'
[1.280s] Level 5:colcon.colcon_core.verb:set package 'circle' build argument 'cmake_target' from command line to 'None'
[1.280s] Level 5:colcon.colcon_core.verb:set package 'circle' build argument 'cmake_target_skip_unavailable' from command line to 'False'
[1.280s] Level 5:colcon.colcon_core.verb:set package 'circle' build argument 'cmake_clean_cache' from command line to 'False'
[1.280s] Level 5:colcon.colcon_core.verb:set package 'circle' build argument 'cmake_clean_first' from command line to 'False'
[1.280s] Level 5:colcon.colcon_core.verb:set package 'circle' build argument 'cmake_force_configure' from command line to 'False'
[1.280s] Level 5:colcon.colcon_core.verb:set package 'circle' build argument 'ament_cmake_args' from command line to 'None'
[1.280s] Level 5:colcon.colcon_core.verb:set package 'circle' build argument 'catkin_cmake_args' from command line to 'None'
[1.280s] Level 5:colcon.colcon_core.verb:set package 'circle' build argument 'catkin_skip_building_tests' from command line to 'False'
[1.280s] DEBUG:colcon.colcon_core.verb:Building package 'circle' with the following arguments: {'ament_cmake_args': None, 'build_base': '/home/jash/ros2_ws2/build/circle', 'catkin_cmake_args': None, 'catkin_skip_building_tests': False, 'cmake_args': None, 'cmake_clean_cache': False, 'cmake_clean_first': False, 'cmake_force_configure': False, 'cmake_target': None, 'cmake_target_skip_unavailable': False, 'install_base': '/home/jash/ros2_ws2/install/circle', 'merge_install': False, 'path': '/home/jash/ros2_ws2/src/circle', 'symlink_install': False, 'test_result_base': None}
[1.294s] Level 5:colcon.colcon_core.verb:set package 'sim' build argument 'cmake_args' from command line to 'None'
[1.295s] Level 5:colcon.colcon_core.verb:set package 'sim' build argument 'cmake_target' from command line to 'None'
[1.295s] Level 5:colcon.colcon_core.verb:set package 'sim' build argument 'cmake_target_skip_unavailable' from command line to 'False'
[1.295s] Level 5:colcon.colcon_core.verb:set package 'sim' build argument 'cmake_clean_cache' from command line to 'False'
[1.295s] Level 5:colcon.colcon_core.verb:set package 'sim' build argument 'cmake_clean_first' from command line to 'False'
[1.295s] Level 5:colcon.colcon_core.verb:set package 'sim' build argument 'cmake_force_configure' from command line to 'False'
[1.295s] Level 5:colcon.colcon_core.verb:set package 'sim' build argument 'ament_cmake_args' from command line to 'None'
[1.295s] Level 5:colcon.colcon_core.verb:set package 'sim' build argument 'catkin_cmake_args' from command line to 'None'
[1.295s] Level 5:colcon.colcon_core.verb:set package 'sim' build argument 'catkin_skip_building_tests' from command line to 'False'
[1.295s] DEBUG:colcon.colcon_core.verb:Building package 'sim' with the following arguments: {'ament_cmake_args': None, 'build_base': '/home/jash/ros2_ws2/build/sim', 'catkin_cmake_args': None, 'catkin_skip_building_tests': False, 'cmake_args': None, 'cmake_clean_cache': False, 'cmake_clean_first': False, 'cmake_force_configure': False, 'cmake_target': None, 'cmake_target_skip_unavailable': False, 'install_base': '/home/jash/ros2_ws2/install/sim', 'merge_install': False, 'path': '/home/jash/ros2_ws2/src/sim', 'symlink_install': False, 'test_result_base': None}
[1.310s] INFO:colcon.colcon_core.executor:Executing jobs using 'parallel' executor
[1.327s] DEBUG:colcon.colcon_parallel_executor.executor.parallel:run_until_complete
[1.328s] INFO:colcon.colcon_ros.task.ament_python.build:Building ROS package in '/home/jash/ros2_ws2/src/circle' with build type 'ament_python'
[1.328s] Level 1:colcon.colcon_core.shell:create_environment_hook('circle', 'ament_prefix_path')
[1.347s] INFO:colcon.colcon_core.plugin_system:Skipping extension 'colcon_core.shell.bat': Not used on non-Windows systems
[1.348s] INFO:colcon.colcon_core.shell:Creating environment hook '/home/jash/ros2_ws2/install/circle/share/circle/hook/ament_prefix_path.ps1'
[1.349s] INFO:colcon.colcon_core.shell:Creating environment descriptor '/home/jash/ros2_ws2/install/circle/share/circle/hook/ament_prefix_path.dsv'
[1.350s] INFO:colcon.colcon_core.shell:Creating environment hook '/home/jash/ros2_ws2/install/circle/share/circle/hook/ament_prefix_path.sh'
[1.367s] INFO:colcon.colcon_core.shell:Skip shell extension 'powershell' for command environment: Not usable outside of PowerShell
[1.367s] DEBUG:colcon.colcon_core.shell:Skip shell extension 'dsv' for command environment
[1.411s] INFO:colcon.colcon_ros.task.ament_python.build:Building ROS package in '/home/jash/ros2_ws2/src/sim' with build type 'ament_python'
[1.412s] Level 1:colcon.colcon_core.shell:create_environment_hook('sim', 'ament_prefix_path')
[1.434s] INFO:colcon.colcon_core.shell:Creating environment hook '/home/jash/ros2_ws2/install/sim/share/sim/hook/ament_prefix_path.ps1'
[1.436s] INFO:colcon.colcon_core.shell:Creating environment descriptor '/home/jash/ros2_ws2/install/sim/share/sim/hook/ament_prefix_path.dsv'
[1.436s] INFO:colcon.colcon_core.shell:Creating environment hook '/home/jash/ros2_ws2/install/sim/share/sim/hook/ament_prefix_path.sh'
[1.461s] INFO:colcon.colcon_core.shell:Skip shell extension 'powershell' for command environment: Not usable outside of PowerShell
[1.461s] DEBUG:colcon.colcon_core.shell:Skip shell extension 'dsv' for command environment
[1.904s] INFO:colcon.colcon_core.task.python.build:Building Python package in '/home/jash/ros2_ws2/src/circle'
[1.921s] INFO:colcon.colcon_core.shell:Skip shell extension 'powershell' for command environment: Not usable outside of PowerShell
[1.921s] DEBUG:colcon.colcon_core.shell:Skip shell extension 'dsv' for command environment
[2.255s] INFO:colcon.colcon_core.task.python.build:Building Python package in '/home/jash/ros2_ws2/src/sim'
[2.269s] INFO:colcon.colcon_core.shell:Skip shell extension 'powershell' for command environment: Not usable outside of PowerShell
[2.269s] DEBUG:colcon.colcon_core.shell:Skip shell extension 'dsv' for command environment
[2.855s] DEBUG:colcon.colcon_core.event_handler.log_command:Invoking command in '/home/jash/ros2_ws2/build/circle': PYTHONPATH=/home/jash/ros2_ws2/build/circle/prefix_override:/home/jash/ros2_ws2/install/circle/lib/python3.10/site-packages:${PYTHONPATH} /usr/bin/python3 setup.py develop --uninstall --editable --build-directory /home/jash/ros2_ws2/build/circle/build
[2.874s] DEBUG:colcon.colcon_core.event_handler.log_command:Invoking command in '/home/jash/ros2_ws2/build/sim': PYTHONPATH=/home/jash/ros2_ws2/build/sim/prefix_override:/home/jash/ros2_ws2/install/sim/lib/python3.10/site-packages:${PYTHONPATH} /usr/bin/python3 setup.py develop --uninstall --editable --build-directory /home/jash/ros2_ws2/build/sim/build
[3.402s] DEBUG:colcon.colcon_core.event_handler.log_command:Invoked command in '/home/jash/ros2_ws2/build/circle' returned '0': PYTHONPATH=/home/jash/ros2_ws2/build/circle/prefix_override:/home/jash/ros2_ws2/install/circle/lib/python3.10/site-packages:${PYTHONPATH} /usr/bin/python3 setup.py develop --uninstall --editable --build-directory /home/jash/ros2_ws2/build/circle/build
[3.406s] DEBUG:colcon.colcon_core.event_handler.log_command:Invoking command in '/home/jash/ros2_ws2/src/circle': PYTHONPATH=/home/jash/ros2_ws2/build/circle/prefix_override:/home/jash/ros2_ws2/install/circle/lib/python3.10/site-packages:${PYTHONPATH} /usr/bin/python3 setup.py egg_info --egg-base ../../build/circle build --build-base /home/jash/ros2_ws2/build/circle/build install --record /home/jash/ros2_ws2/build/circle/install.log --single-version-externally-managed
[3.468s] DEBUG:colcon.colcon_core.event_handler.log_command:Invoked command in '/home/jash/ros2_ws2/build/sim' returned '0': PYTHONPATH=/home/jash/ros2_ws2/build/sim/prefix_override:/home/jash/ros2_ws2/install/sim/lib/python3.10/site-packages:${PYTHONPATH} /usr/bin/python3 setup.py develop --uninstall --editable --build-directory /home/jash/ros2_ws2/build/sim/build
[3.469s] DEBUG:colcon.colcon_core.event_handler.log_command:Invoking command in '/home/jash/ros2_ws2/src/sim': PYTHONPATH=/home/jash/ros2_ws2/build/sim/prefix_override:/home/jash/ros2_ws2/install/sim/lib/python3.10/site-packages:${PYTHONPATH} /usr/bin/python3 setup.py egg_info --egg-base ../../build/sim build --build-base /home/jash/ros2_ws2/build/sim/build install --record /home/jash/ros2_ws2/build/sim/install.log --single-version-externally-managed
[3.905s] DEBUG:colcon.colcon_core.event_handler.log_command:Invoked command in '/home/jash/ros2_ws2/src/circle' returned '0': PYTHONPATH=/home/jash/ros2_ws2/build/circle/prefix_override:/home/jash/ros2_ws2/install/circle/lib/python3.10/site-packages:${PYTHONPATH} /usr/bin/python3 setup.py egg_info --egg-base ../../build/circle build --build-base /home/jash/ros2_ws2/build/circle/build install --record /home/jash/ros2_ws2/build/circle/install.log --single-version-externally-managed
[3.930s] Level 1:colcon.colcon_core.environment:checking '/home/jash/ros2_ws2/install/circle' for CMake module files
[3.931s] Level 1:colcon.colcon_core.environment:checking '/home/jash/ros2_ws2/install/circle' for CMake config files
[3.933s] Level 1:colcon.colcon_core.environment:checking '/home/jash/ros2_ws2/install/circle/lib'
[3.933s] Level 1:colcon.colcon_core.environment:checking '/home/jash/ros2_ws2/install/circle/bin'
[3.934s] Level 1:colcon.colcon_core.environment:checking '/home/jash/ros2_ws2/install/circle/lib/pkgconfig/circle.pc'
[3.934s] Level 1:colcon.colcon_core.environment:checking '/home/jash/ros2_ws2/install/circle/lib/python3.10/site-packages'
[3.934s] Level 1:colcon.colcon_core.shell:create_environment_hook('circle', 'pythonpath')
[3.956s] INFO:colcon.colcon_core.shell:Creating environment hook '/home/jash/ros2_ws2/install/circle/share/circle/hook/pythonpath.ps1'
[3.957s] INFO:colcon.colcon_core.shell:Creating environment descriptor '/home/jash/ros2_ws2/install/circle/share/circle/hook/pythonpath.dsv'
[3.959s] INFO:colcon.colcon_core.shell:Creating environment hook '/home/jash/ros2_ws2/install/circle/share/circle/hook/pythonpath.sh'
[3.960s] Level 1:colcon.colcon_core.environment:checking '/home/jash/ros2_ws2/install/circle/bin'
[3.960s] Level 1:colcon.colcon_core.environment:create_environment_scripts_only(circle)
[3.977s] INFO:colcon.colcon_core.shell:Creating package script '/home/jash/ros2_ws2/install/circle/share/circle/package.ps1'
[3.978s] INFO:colcon.colcon_core.shell:Creating package descriptor '/home/jash/ros2_ws2/install/circle/share/circle/package.dsv'
[3.979s] INFO:colcon.colcon_core.shell:Creating package script '/home/jash/ros2_ws2/install/circle/share/circle/package.sh'
[3.980s] INFO:colcon.colcon_core.shell:Creating package script '/home/jash/ros2_ws2/install/circle/share/circle/package.bash'
[3.981s] INFO:colcon.colcon_core.shell:Creating package script '/home/jash/ros2_ws2/install/circle/share/circle/package.zsh'
[3.982s] Level 1:colcon.colcon_core.environment:create_file_with_runtime_dependencies(/home/jash/ros2_ws2/install/circle/share/colcon-core/packages/circle)
[3.985s] DEBUG:colcon.colcon_core.event_handler.log_command:Invoked command in '/home/jash/ros2_ws2/src/sim' returned '0': PYTHONPATH=/home/jash/ros2_ws2/build/sim/prefix_override:/home/jash/ros2_ws2/install/sim/lib/python3.10/site-packages:${PYTHONPATH} /usr/bin/python3 setup.py egg_info --egg-base ../../build/sim build --build-base /home/jash/ros2_ws2/build/sim/build install --record /home/jash/ros2_ws2/build/sim/install.log --single-version-externally-managed
[4.000s] Level 1:colcon.colcon_core.environment:checking '/home/jash/ros2_ws2/install/sim' for CMake module files
[4.001s] Level 1:colcon.colcon_core.environment:checking '/home/jash/ros2_ws2/install/sim' for CMake config files
[4.002s] Level 1:colcon.colcon_core.environment:checking '/home/jash/ros2_ws2/install/sim/lib'
[4.002s] Level 1:colcon.colcon_core.environment:checking '/home/jash/ros2_ws2/install/sim/bin'
[4.002s] Level 1:colcon.colcon_core.environment:checking '/home/jash/ros2_ws2/install/sim/lib/pkgconfig/sim.pc'
[4.003s] Level 1:colcon.colcon_core.environment:checking '/home/jash/ros2_ws2/install/sim/lib/python3.10/site-packages'
[4.003s] Level 1:colcon.colcon_core.shell:create_environment_hook('sim', 'pythonpath')
[4.017s] INFO:colcon.colcon_core.shell:Creating environment hook '/home/jash/ros2_ws2/install/sim/share/sim/hook/pythonpath.ps1'
[4.017s] INFO:colcon.colcon_core.shell:Creating environment descriptor '/home/jash/ros2_ws2/install/sim/share/sim/hook/pythonpath.dsv'
[4.018s] INFO:colcon.colcon_core.shell:Creating environment hook '/home/jash/ros2_ws2/install/sim/share/sim/hook/pythonpath.sh'
[4.019s] Level 1:colcon.colcon_core.environment:checking '/home/jash/ros2_ws2/install/sim/bin'
[4.019s] Level 1:colcon.colcon_core.environment:create_environment_scripts_only(sim)
[4.033s] INFO:colcon.colcon_core.shell:Creating package script '/home/jash/ros2_ws2/install/sim/share/sim/package.ps1'
[4.034s] INFO:colcon.colcon_core.shell:Creating package descriptor '/home/jash/ros2_ws2/install/sim/share/sim/package.dsv'
[4.035s] INFO:colcon.colcon_core.shell:Creating package script '/home/jash/ros2_ws2/install/sim/share/sim/package.sh'
[4.036s] INFO:colcon.colcon_core.shell:Creating package script '/home/jash/ros2_ws2/install/sim/share/sim/package.bash'
[4.036s] INFO:colcon.colcon_core.shell:Creating package script '/home/jash/ros2_ws2/install/sim/share/sim/package.zsh'
[4.037s] Level 1:colcon.colcon_core.environment:create_file_with_runtime_dependencies(/home/jash/ros2_ws2/install/sim/share/colcon-core/packages/sim)
[4.037s] DEBUG:colcon.colcon_parallel_executor.executor.parallel:closing loop
[4.041s] DEBUG:colcon.colcon_parallel_executor.executor.parallel:loop closed
[4.041s] DEBUG:colcon.colcon_parallel_executor.executor.parallel:run_until_complete finished with '0'
[4.041s] DEBUG:colcon.colcon_core.event_reactor:joining thread
[4.071s] INFO:colcon.colcon_core.plugin_system:Skipping extension 'colcon_notification.desktop_notification.terminal_notifier': Not used on non-Darwin systems
[4.071s] INFO:colcon.colcon_core.plugin_system:Skipping extension 'colcon_notification.desktop_notification.win32': Not used on non-Windows systems
[4.071s] INFO:colcon.colcon_notification.desktop_notification:Sending desktop notification using 'notify2'
[4.104s] DEBUG:colcon.colcon_core.event_reactor:joined thread
[4.119s] INFO:colcon.colcon_core.shell:Creating prefix script '/home/jash/ros2_ws2/install/local_setup.ps1'
[4.120s] INFO:colcon.colcon_core.shell:Creating prefix util module '/home/jash/ros2_ws2/install/_local_setup_util_ps1.py'
[4.121s] INFO:colcon.colcon_core.shell:Creating prefix chain script '/home/jash/ros2_ws2/install/setup.ps1'
[4.141s] INFO:colcon.colcon_core.shell:Creating prefix script '/home/jash/ros2_ws2/install/local_setup.sh'
[4.142s] INFO:colcon.colcon_core.shell:Creating prefix util module '/home/jash/ros2_ws2/install/_local_setup_util_sh.py'
[4.143s] INFO:colcon.colcon_core.shell:Creating prefix chain script '/home/jash/ros2_ws2/install/setup.sh'
[4.162s] INFO:colcon.colcon_core.shell:Creating prefix script '/home/jash/ros2_ws2/install/local_setup.bash'
[4.163s] INFO:colcon.colcon_core.shell:Creating prefix chain script '/home/jash/ros2_ws2/install/setup.bash'
[4.177s] INFO:colcon.colcon_core.shell:Creating prefix script '/home/jash/ros2_ws2/install/local_setup.zsh'
[4.178s] INFO:colcon.colcon_core.shell:Creating prefix chain script '/home/jash/ros2_ws2/install/setup.zsh'
