[1.236s] Invoking command in '/home/jash/ros2_ws2/src/circle': PYTHONPATH=/home/jash/ros2_ws2/build/circle/prefix_override:/home/jash/ros2_ws2/install/circle/lib/python3.10/site-packages:${PYTHONPATH} /usr/bin/python3 setup.py egg_info --egg-base ../../build/circle build --build-base /home/jash/ros2_ws2/build/circle/build install --record /home/jash/ros2_ws2/build/circle/install.log --single-version-externally-managed
[1.519s] running egg_info
[1.522s] writing ../../build/circle/circle.egg-info/PKG-INFO
[1.523s] writing dependency_links to ../../build/circle/circle.egg-info/dependency_links.txt
[1.523s] writing entry points to ../../build/circle/circle.egg-info/entry_points.txt
[1.523s] writing requirements to ../../build/circle/circle.egg-info/requires.txt
[1.523s] writing top-level names to ../../build/circle/circle.egg-info/top_level.txt
[1.525s] reading manifest file '../../build/circle/circle.egg-info/SOURCES.txt'
[1.526s] writing manifest file '../../build/circle/circle.egg-info/SOURCES.txt'
[1.526s] running build
[1.526s] running build_py
[1.527s] copying circle/circle_drawing.py -> /home/jash/ros2_ws2/build/circle/build/lib/circle
[1.527s] running install
[1.527s] running install_lib
[1.528s] copying /home/jash/ros2_ws2/build/circle/build/lib/circle/circle_drawing.py -> /home/jash/ros2_ws2/install/circle/lib/python3.10/site-packages/circle
[1.529s] byte-compiling /home/jash/ros2_ws2/install/circle/lib/python3.10/site-packages/circle/circle_drawing.py to circle_drawing.cpython-310.pyc
[1.534s] running install_data
[1.538s] running install_egg_info
[1.538s] removing '/home/jash/ros2_ws2/install/circle/lib/python3.10/site-packages/circle-0.0.0-py3.10.egg-info' (and everything under it)
[1.539s] Copying ../../build/circle/circle.egg-info to /home/jash/ros2_ws2/install/circle/lib/python3.10/site-packages/circle-0.0.0-py3.10.egg-info
[1.539s] running install_scripts
[1.556s] Installing circle_drawing script to /home/jash/ros2_ws2/install/circle/lib/circle
[1.556s] Installing circle_drawing2 script to /home/jash/ros2_ws2/install/circle/lib/circle
[1.556s] writing list of installed files to '/home/jash/ros2_ws2/build/circle/install.log'
[1.613s] Invoked command in '/home/jash/ros2_ws2/src/circle' returned '0': PYTHONPATH=/home/jash/ros2_ws2/build/circle/prefix_override:/home/jash/ros2_ws2/install/circle/lib/python3.10/site-packages:${PYTHONPATH} /usr/bin/python3 setup.py egg_info --egg-base ../../build/circle build --build-base /home/jash/ros2_ws2/build/circle/build install --record /home/jash/ros2_ws2/build/circle/install.log --single-version-externally-managed
