[1.417s] Invoking command in '/home/jash/ros2_ws2/src/circle': PYTHONPATH=/home/jash/ros2_ws2/build/circle/prefix_override:/home/jash/ros2_ws2/install/circle/lib/python3.10/site-packages:${PYTHONPATH} /usr/bin/python3 setup.py egg_info --egg-base ../../build/circle build --build-base /home/jash/ros2_ws2/build/circle/build install --record /home/jash/ros2_ws2/build/circle/install.log --single-version-externally-managed
[1.707s] running egg_info
[1.707s] writing ../../build/circle/circle.egg-info/PKG-INFO
[1.708s] writing dependency_links to ../../build/circle/circle.egg-info/dependency_links.txt
[1.708s] writing entry points to ../../build/circle/circle.egg-info/entry_points.txt
[1.708s] writing requirements to ../../build/circle/circle.egg-info/requires.txt
[1.708s] writing top-level names to ../../build/circle/circle.egg-info/top_level.txt
[1.710s] reading manifest file '../../build/circle/circle.egg-info/SOURCES.txt'
[1.711s] writing manifest file '../../build/circle/circle.egg-info/SOURCES.txt'
[1.711s] running build
[1.711s] running build_py
[1.711s] copying circle/circle_drawing.py -> /home/jash/ros2_ws2/build/circle/build/lib/circle
[1.711s] running install
[1.711s] running install_lib
[1.712s] copying /home/jash/ros2_ws2/build/circle/build/lib/circle/circle_drawing.py -> /home/jash/ros2_ws2/install/circle/lib/python3.10/site-packages/circle
[1.713s] byte-compiling /home/jash/ros2_ws2/install/circle/lib/python3.10/site-packages/circle/circle_drawing.py to circle_drawing.cpython-310.pyc
[1.715s] running install_data
[1.716s] running install_egg_info
[1.718s] removing '/home/jash/ros2_ws2/install/circle/lib/python3.10/site-packages/circle-0.0.0-py3.10.egg-info' (and everything under it)
[1.719s] Copying ../../build/circle/circle.egg-info to /home/jash/ros2_ws2/install/circle/lib/python3.10/site-packages/circle-0.0.0-py3.10.egg-info
[1.720s] running install_scripts
[1.748s] Installing circle_drawing script to /home/jash/ros2_ws2/install/circle/lib/circle
[1.748s] Installing circle_drawing2 script to /home/jash/ros2_ws2/install/circle/lib/circle
[1.749s] writing list of installed files to '/home/jash/ros2_ws2/build/circle/install.log'
[1.812s] Invoked command in '/home/jash/ros2_ws2/src/circle' returned '0': PYTHONPATH=/home/jash/ros2_ws2/build/circle/prefix_override:/home/jash/ros2_ws2/install/circle/lib/python3.10/site-packages:${PYTHONPATH} /usr/bin/python3 setup.py egg_info --egg-base ../../build/circle build --build-base /home/jash/ros2_ws2/build/circle/build install --record /home/jash/ros2_ws2/build/circle/install.log --single-version-externally-managed
