[1.037s] Invoking command in '/home/jash/ros2_ws2/src/circle': PYTHONPATH=/home/jash/ros2_ws2/build/circle/prefix_override:/home/jash/ros2_ws2/install/circle/lib/python3.10/site-packages:${PYTHONPATH} /usr/bin/python3 setup.py egg_info --egg-base ../../build/circle build --build-base /home/jash/ros2_ws2/build/circle/build install --record /home/jash/ros2_ws2/build/circle/install.log --single-version-externally-managed
[1.349s] running egg_info
[1.349s] writing ../../build/circle/circle.egg-info/PKG-INFO
[1.349s] writing dependency_links to ../../build/circle/circle.egg-info/dependency_links.txt
[1.353s] writing entry points to ../../build/circle/circle.egg-info/entry_points.txt
[1.354s] writing requirements to ../../build/circle/circle.egg-info/requires.txt
[1.355s] writing top-level names to ../../build/circle/circle.egg-info/top_level.txt
[1.359s] reading manifest file '../../build/circle/circle.egg-info/SOURCES.txt'
[1.359s] writing manifest file '../../build/circle/circle.egg-info/SOURCES.txt'
[1.359s] running build
[1.359s] running build_py
[1.359s] running install
[1.359s] running install_lib
[1.360s] running install_data
[1.360s] running install_egg_info
[1.364s] removing '/home/jash/ros2_ws2/install/circle/lib/python3.10/site-packages/circle-0.0.0-py3.10.egg-info' (and everything under it)
[1.367s] Copying ../../build/circle/circle.egg-info to /home/jash/ros2_ws2/install/circle/lib/python3.10/site-packages/circle-0.0.0-py3.10.egg-info
[1.370s] running install_scripts
[1.397s] Installing circle_drawing script to /home/jash/ros2_ws2/install/circle/lib/circle
[1.398s] writing list of installed files to '/home/jash/ros2_ws2/build/circle/install.log'
[1.451s] Invoked command in '/home/jash/ros2_ws2/src/circle' returned '0': PYTHONPATH=/home/jash/ros2_ws2/build/circle/prefix_override:/home/jash/ros2_ws2/install/circle/lib/python3.10/site-packages:${PYTHONPATH} /usr/bin/python3 setup.py egg_info --egg-base ../../build/circle build --build-base /home/jash/ros2_ws2/build/circle/build install --record /home/jash/ros2_ws2/build/circle/install.log --single-version-externally-managed
