[0.920s] Invoking command in '/home/jash/ros2_ws2/src/circle': PYTHONPATH=/home/jash/ros2_ws2/build/circle/prefix_override:/home/jash/ros2_ws2/install/circle/lib/python3.10/site-packages:${PYTHONPATH} /usr/bin/python3 setup.py egg_info --egg-base ../../build/circle build --build-base /home/jash/ros2_ws2/build/circle/build install --record /home/jash/ros2_ws2/build/circle/install.log --single-version-externally-managed
[1.146s] running egg_info
[1.147s] writing ../../build/circle/circle.egg-info/PKG-INFO
[1.148s] writing dependency_links to ../../build/circle/circle.egg-info/dependency_links.txt
[1.149s] writing entry points to ../../build/circle/circle.egg-info/entry_points.txt
[1.149s] writing requirements to ../../build/circle/circle.egg-info/requires.txt
[1.149s] writing top-level names to ../../build/circle/circle.egg-info/top_level.txt
[1.151s] reading manifest file '../../build/circle/circle.egg-info/SOURCES.txt'
[1.151s] writing manifest file '../../build/circle/circle.egg-info/SOURCES.txt'
[1.151s] running build
[1.151s] running build_py
[1.151s] copying circle/circle_drawing.py -> /home/jash/ros2_ws2/build/circle/build/lib/circle
[1.151s] copying circle/tmu.py -> /home/jash/ros2_ws2/build/circle/build/lib/circle
[1.152s] running install
[1.152s] running install_lib
[1.152s] copying /home/jash/ros2_ws2/build/circle/build/lib/circle/circle_drawing.py -> /home/jash/ros2_ws2/install/circle/lib/python3.10/site-packages/circle
[1.153s] copying /home/jash/ros2_ws2/build/circle/build/lib/circle/tmu.py -> /home/jash/ros2_ws2/install/circle/lib/python3.10/site-packages/circle
[1.153s] byte-compiling /home/jash/ros2_ws2/install/circle/lib/python3.10/site-packages/circle/circle_drawing.py to circle_drawing.cpython-310.pyc
[1.154s] byte-compiling /home/jash/ros2_ws2/install/circle/lib/python3.10/site-packages/circle/tmu.py to tmu.cpython-310.pyc
[1.154s] running install_data
[1.155s] running install_egg_info
[1.156s] removing '/home/jash/ros2_ws2/install/circle/lib/python3.10/site-packages/circle-0.0.0-py3.10.egg-info' (and everything under it)
[1.162s] Copying ../../build/circle/circle.egg-info to /home/jash/ros2_ws2/install/circle/lib/python3.10/site-packages/circle-0.0.0-py3.10.egg-info
[1.167s] running install_scripts
[1.184s] Installing circle_drawing script to /home/jash/ros2_ws2/install/circle/lib/circle
[1.184s] writing list of installed files to '/home/jash/ros2_ws2/build/circle/install.log'
[1.208s] Invoked command in '/home/jash/ros2_ws2/src/circle' returned '0': PYTHONPATH=/home/jash/ros2_ws2/build/circle/prefix_override:/home/jash/ros2_ws2/install/circle/lib/python3.10/site-packages:${PYTHONPATH} /usr/bin/python3 setup.py egg_info --egg-base ../../build/circle build --build-base /home/jash/ros2_ws2/build/circle/build install --record /home/jash/ros2_ws2/build/circle/install.log --single-version-externally-managed
