[1.636s] Invoking command in '/home/jash/ros2_ws2/src/circle': PYTHONPATH=/home/jash/ros2_ws2/build/circle/prefix_override:/home/jash/ros2_ws2/install/circle/lib/python3.10/site-packages:${PYTHONPATH} /usr/bin/python3 setup.py egg_info --egg-base ../../build/circle build --build-base /home/jash/ros2_ws2/build/circle/build install --record /home/jash/ros2_ws2/build/circle/install.log --single-version-externally-managed
[1.976s] running egg_info
[1.977s] writing ../../build/circle/circle.egg-info/PKG-INFO
[1.978s] writing dependency_links to ../../build/circle/circle.egg-info/dependency_links.txt
[1.978s] writing entry points to ../../build/circle/circle.egg-info/entry_points.txt
[1.979s] writing requirements to ../../build/circle/circle.egg-info/requires.txt
[1.980s] writing top-level names to ../../build/circle/circle.egg-info/top_level.txt
[1.982s] reading manifest file '../../build/circle/circle.egg-info/SOURCES.txt'
[1.983s] writing manifest file '../../build/circle/circle.egg-info/SOURCES.txt'
[1.984s] running build
[1.984s] running build_py
[1.984s] copying circle/circle_drawing.py -> /home/jash/ros2_ws2/build/circle/build/lib/circle
[1.985s] running install
[1.986s] running install_lib
[1.987s] copying /home/jash/ros2_ws2/build/circle/build/lib/circle/circle_drawing.py -> /home/jash/ros2_ws2/install/circle/lib/python3.10/site-packages/circle
[1.988s] byte-compiling /home/jash/ros2_ws2/install/circle/lib/python3.10/site-packages/circle/circle_drawing.py to circle_drawing.cpython-310.pyc
[1.992s] running install_data
[1.996s] running install_egg_info
[1.999s] removing '/home/jash/ros2_ws2/install/circle/lib/python3.10/site-packages/circle-0.0.0-py3.10.egg-info' (and everything under it)
[2.001s] Copying ../../build/circle/circle.egg-info to /home/jash/ros2_ws2/install/circle/lib/python3.10/site-packages/circle-0.0.0-py3.10.egg-info
[2.002s] running install_scripts
[2.029s] Installing circle_drawing script to /home/jash/ros2_ws2/install/circle/lib/circle
[2.029s] Installing circle_drawing2 script to /home/jash/ros2_ws2/install/circle/lib/circle
[2.030s] writing list of installed files to '/home/jash/ros2_ws2/build/circle/install.log'
[2.078s] Invoked command in '/home/jash/ros2_ws2/src/circle' returned '0': PYTHONPATH=/home/jash/ros2_ws2/build/circle/prefix_override:/home/jash/ros2_ws2/install/circle/lib/python3.10/site-packages:${PYTHONPATH} /usr/bin/python3 setup.py egg_info --egg-base ../../build/circle build --build-base /home/jash/ros2_ws2/build/circle/build install --record /home/jash/ros2_ws2/build/circle/install.log --single-version-externally-managed
