[1.153s] Invoking command in '/home/jash/ros2_ws2/src/circle': PYTHONPATH=/home/jash/ros2_ws2/build/circle/prefix_override:/home/jash/ros2_ws2/install/circle/lib/python3.10/site-packages:${PYTHONPATH} /usr/bin/python3 setup.py egg_info --egg-base ../../build/circle build --build-base /home/jash/ros2_ws2/build/circle/build install --record /home/jash/ros2_ws2/build/circle/install.log --single-version-externally-managed
[1.415s] running egg_info
[1.416s] writing ../../build/circle/circle.egg-info/PKG-INFO
[1.416s] writing dependency_links to ../../build/circle/circle.egg-info/dependency_links.txt
[1.416s] writing entry points to ../../build/circle/circle.egg-info/entry_points.txt
[1.417s] writing requirements to ../../build/circle/circle.egg-info/requires.txt
[1.417s] writing top-level names to ../../build/circle/circle.egg-info/top_level.txt
[1.419s] reading manifest file '../../build/circle/circle.egg-info/SOURCES.txt'
[1.420s] writing manifest file '../../build/circle/circle.egg-info/SOURCES.txt'
[1.420s] running build
[1.420s] running build_py
[1.420s] running install
[1.421s] running install_lib
[1.422s] running install_data
[1.423s] running install_egg_info
[1.424s] removing '/home/jash/ros2_ws2/install/circle/lib/python3.10/site-packages/circle-0.0.0-py3.10.egg-info' (and everything under it)
[1.427s] Copying ../../build/circle/circle.egg-info to /home/jash/ros2_ws2/install/circle/lib/python3.10/site-packages/circle-0.0.0-py3.10.egg-info
[1.427s] running install_scripts
[1.451s] Installing circle_drawing script to /home/jash/ros2_ws2/install/circle/lib/circle
[1.452s] writing list of installed files to '/home/jash/ros2_ws2/build/circle/install.log'
[1.489s] Invoked command in '/home/jash/ros2_ws2/src/circle' returned '0': PYTHONPATH=/home/jash/ros2_ws2/build/circle/prefix_override:/home/jash/ros2_ws2/install/circle/lib/python3.10/site-packages:${PYTHONPATH} /usr/bin/python3 setup.py egg_info --egg-base ../../build/circle build --build-base /home/jash/ros2_ws2/build/circle/build install --record /home/jash/ros2_ws2/build/circle/install.log --single-version-externally-managed
