[1.532s] Invoking command in '/home/jash/ros2_ws2/src/circle': PYTHONPATH=/home/jash/ros2_ws2/build/circle/prefix_override:/home/jash/ros2_ws2/install/circle/lib/python3.10/site-packages:${PYTHONPATH} /usr/bin/python3 setup.py egg_info --egg-base ../../build/circle build --build-base /home/jash/ros2_ws2/build/circle/build install --record /home/jash/ros2_ws2/build/circle/install.log --single-version-externally-managed
[1.841s] running egg_info
[1.843s] writing ../../build/circle/circle.egg-info/PKG-INFO
[1.843s] writing dependency_links to ../../build/circle/circle.egg-info/dependency_links.txt
[1.844s] writing entry points to ../../build/circle/circle.egg-info/entry_points.txt
[1.844s] writing requirements to ../../build/circle/circle.egg-info/requires.txt
[1.845s] writing top-level names to ../../build/circle/circle.egg-info/top_level.txt
[1.849s] reading manifest file '../../build/circle/circle.egg-info/SOURCES.txt'
[1.849s] writing manifest file '../../build/circle/circle.egg-info/SOURCES.txt'
[1.849s] running build
[1.849s] running build_py
[1.849s] copying circle/circle_drawing.py -> /home/jash/ros2_ws2/build/circle/build/lib/circle
[1.851s] running install
[1.852s] running install_lib
[1.853s] copying /home/jash/ros2_ws2/build/circle/build/lib/circle/circle_drawing.py -> /home/jash/ros2_ws2/install/circle/lib/python3.10/site-packages/circle
[1.854s] byte-compiling /home/jash/ros2_ws2/install/circle/lib/python3.10/site-packages/circle/circle_drawing.py to circle_drawing.cpython-310.pyc
[1.859s] running install_data
[1.861s] running install_egg_info
[1.868s] removing '/home/jash/ros2_ws2/install/circle/lib/python3.10/site-packages/circle-0.0.0-py3.10.egg-info' (and everything under it)
[1.874s] Copying ../../build/circle/circle.egg-info to /home/jash/ros2_ws2/install/circle/lib/python3.10/site-packages/circle-0.0.0-py3.10.egg-info
[1.878s] running install_scripts
[1.909s] Installing circle_drawing script to /home/jash/ros2_ws2/install/circle/lib/circle
[1.909s] Installing circle_drawing2 script to /home/jash/ros2_ws2/install/circle/lib/circle
[1.910s] writing list of installed files to '/home/jash/ros2_ws2/build/circle/install.log'
[1.952s] Invoked command in '/home/jash/ros2_ws2/src/circle' returned '0': PYTHONPATH=/home/jash/ros2_ws2/build/circle/prefix_override:/home/jash/ros2_ws2/install/circle/lib/python3.10/site-packages:${PYTHONPATH} /usr/bin/python3 setup.py egg_info --egg-base ../../build/circle build --build-base /home/jash/ros2_ws2/build/circle/build install --record /home/jash/ros2_ws2/build/circle/install.log --single-version-externally-managed
