[1.085s] Invoking command in '/home/jash/ros2_ws2/src/circle': PYTHONPATH=/home/jash/ros2_ws2/build/circle/prefix_override:/home/jash/ros2_ws2/install/circle/lib/python3.10/site-packages:${PYTHONPATH} /usr/bin/python3 setup.py egg_info --egg-base ../../build/circle build --build-base /home/jash/ros2_ws2/build/circle/build install --record /home/jash/ros2_ws2/build/circle/install.log --single-version-externally-managed
[1.315s] running egg_info
[1.315s] writing ../../build/circle/circle.egg-info/PKG-INFO
[1.316s] writing dependency_links to ../../build/circle/circle.egg-info/dependency_links.txt
[1.317s] writing entry points to ../../build/circle/circle.egg-info/entry_points.txt
[1.317s] writing requirements to ../../build/circle/circle.egg-info/requires.txt
[1.317s] writing top-level names to ../../build/circle/circle.egg-info/top_level.txt
[1.322s] reading manifest file '../../build/circle/circle.egg-info/SOURCES.txt'
[1.324s] writing manifest file '../../build/circle/circle.egg-info/SOURCES.txt'
[1.324s] running build
[1.324s] running build_py
[1.327s] running install
[1.327s] running install_lib
[1.329s] running install_data
[1.329s] running install_egg_info
[1.331s] removing '/home/jash/ros2_ws2/install/circle/lib/python3.10/site-packages/circle-0.0.0-py3.10.egg-info' (and everything under it)
[1.335s] Copying ../../build/circle/circle.egg-info to /home/jash/ros2_ws2/install/circle/lib/python3.10/site-packages/circle-0.0.0-py3.10.egg-info
[1.337s] running install_scripts
[1.359s] Installing circle_drawing script to /home/jash/ros2_ws2/install/circle/lib/circle
[1.360s] Installing circle_drawing2 script to /home/jash/ros2_ws2/install/circle/lib/circle
[1.360s] writing list of installed files to '/home/jash/ros2_ws2/build/circle/install.log'
[1.457s] Invoked command in '/home/jash/ros2_ws2/src/circle' returned '0': PYTHONPATH=/home/jash/ros2_ws2/build/circle/prefix_override:/home/jash/ros2_ws2/install/circle/lib/python3.10/site-packages:${PYTHONPATH} /usr/bin/python3 setup.py egg_info --egg-base ../../build/circle build --build-base /home/jash/ros2_ws2/build/circle/build install --record /home/jash/ros2_ws2/build/circle/install.log --single-version-externally-managed
