[1.037s] Invoking command in '/home/jash/ros2_ws2/src/circle': PYTHONPATH=/home/jash/ros2_ws2/build/circle/prefix_override:/home/jash/ros2_ws2/install/circle/lib/python3.10/site-packages:${PYTHONPATH} /usr/bin/python3 setup.py egg_info --egg-base ../../build/circle build --build-base /home/jash/ros2_ws2/build/circle/build install --record /home/jash/ros2_ws2/build/circle/install.log --single-version-externally-managed
[1.265s] running egg_info
[1.266s] writing ../../build/circle/circle.egg-info/PKG-INFO
[1.266s] writing dependency_links to ../../build/circle/circle.egg-info/dependency_links.txt
[1.266s] writing entry points to ../../build/circle/circle.egg-info/entry_points.txt
[1.267s] writing requirements to ../../build/circle/circle.egg-info/requires.txt
[1.267s] writing top-level names to ../../build/circle/circle.egg-info/top_level.txt
[1.268s] reading manifest file '../../build/circle/circle.egg-info/SOURCES.txt'
[1.269s] writing manifest file '../../build/circle/circle.egg-info/SOURCES.txt'
[1.269s] running build
[1.269s] running build_py
[1.269s] running install
[1.270s] running install_lib
[1.270s] running install_data
[1.270s] running install_egg_info
[1.272s] removing '/home/jash/ros2_ws2/install/circle/lib/python3.10/site-packages/circle-0.0.0-py3.10.egg-info' (and everything under it)
[1.272s] Copying ../../build/circle/circle.egg-info to /home/jash/ros2_ws2/install/circle/lib/python3.10/site-packages/circle-0.0.0-py3.10.egg-info
[1.272s] running install_scripts
[1.287s] Installing circle_drawing script to /home/jash/ros2_ws2/install/circle/lib/circle
[1.288s] writing list of installed files to '/home/jash/ros2_ws2/build/circle/install.log'
[1.310s] Invoked command in '/home/jash/ros2_ws2/src/circle' returned '0': PYTHONPATH=/home/jash/ros2_ws2/build/circle/prefix_override:/home/jash/ros2_ws2/install/circle/lib/python3.10/site-packages:${PYTHONPATH} /usr/bin/python3 setup.py egg_info --egg-base ../../build/circle build --build-base /home/jash/ros2_ws2/build/circle/build install --record /home/jash/ros2_ws2/build/circle/install.log --single-version-externally-managed
