[0.873s] Invoking command in '/home/jash/ros2_ws2/src/sim': PYTHONPATH=/home/jash/ros2_ws2/build/sim/prefix_override:/home/jash/ros2_ws2/install/sim/lib/python3.10/site-packages:${PYTHONPATH} /usr/bin/python3 setup.py egg_info --egg-base ../../build/sim build --build-base /home/jash/ros2_ws2/build/sim/build install --record /home/jash/ros2_ws2/build/sim/install.log --single-version-externally-managed
[1.084s] running egg_info
[1.085s] writing ../../build/sim/sim.egg-info/PKG-INFO
[1.086s] writing dependency_links to ../../build/sim/sim.egg-info/dependency_links.txt
[1.086s] writing entry points to ../../build/sim/sim.egg-info/entry_points.txt
[1.087s] writing requirements to ../../build/sim/sim.egg-info/requires.txt
[1.088s] writing top-level names to ../../build/sim/sim.egg-info/top_level.txt
[1.093s] reading manifest file '../../build/sim/sim.egg-info/SOURCES.txt'
[1.099s] adding license file 'LICENSE'
[1.099s] writing manifest file '../../build/sim/sim.egg-info/SOURCES.txt'
[1.099s] running build
[1.099s] running build_py
[1.100s] running install
[1.100s] running install_lib
[1.100s] running install_data
[1.101s] running install_egg_info
[1.103s] removing '/home/jash/ros2_ws2/install/sim/lib/python3.10/site-packages/sim-0.0.0-py3.10.egg-info' (and everything under it)
[1.104s] Copying ../../build/sim/sim.egg-info to /home/jash/ros2_ws2/install/sim/lib/python3.10/site-packages/sim-0.0.0-py3.10.egg-info
[1.108s] running install_scripts
[1.132s] Installing circle script to /home/jash/ros2_ws2/install/sim/lib/sim
[1.133s] Installing sim0 script to /home/jash/ros2_ws2/install/sim/lib/sim
[1.133s] Installing sim1 script to /home/jash/ros2_ws2/install/sim/lib/sim
[1.133s] writing list of installed files to '/home/jash/ros2_ws2/build/sim/install.log'
[1.191s] Invoked command in '/home/jash/ros2_ws2/src/sim' returned '0': PYTHONPATH=/home/jash/ros2_ws2/build/sim/prefix_override:/home/jash/ros2_ws2/install/sim/lib/python3.10/site-packages:${PYTHONPATH} /usr/bin/python3 setup.py egg_info --egg-base ../../build/sim build --build-base /home/jash/ros2_ws2/build/sim/build install --record /home/jash/ros2_ws2/build/sim/install.log --single-version-externally-managed
