[0.852s] Invoking command in '/home/jash/ros2_ws2/build/circle': PYTHONPATH=/home/jash/ros2_ws2/build/circle/prefix_override:/home/jash/ros2_ws2/install/circle/lib/python3.10/site-packages:${PYTHONPATH} /usr/bin/python3 setup.py develop --uninstall --editable --build-directory /home/jash/ros2_ws2/build/circle/build
[1.073s] running develop
[1.203s] Removing /home/jash/ros2_ws2/install/circle/lib/python3.10/site-packages/circle.egg-link (link to .)
[1.252s] Invoked command in '/home/jash/ros2_ws2/build/circle' returned '0': PYTHONPATH=/home/jash/ros2_ws2/build/circle/prefix_override:/home/jash/ros2_ws2/install/circle/lib/python3.10/site-packages:${PYTHONPATH} /usr/bin/python3 setup.py develop --uninstall --editable --build-directory /home/jash/ros2_ws2/build/circle/build
[1.253s] Invoking command in '/home/jash/ros2_ws2/src/circle': PYTHONPATH=/home/jash/ros2_ws2/build/circle/prefix_override:/home/jash/ros2_ws2/install/circle/lib/python3.10/site-packages:${PYTHONPATH} /usr/bin/python3 setup.py egg_info --egg-base ../../build/circle build --build-base /home/jash/ros2_ws2/build/circle/build install --record /home/jash/ros2_ws2/build/circle/install.log --single-version-externally-managed
[1.438s] running egg_info
[1.438s] writing ../../build/circle/circle.egg-info/PKG-INFO
[1.440s] writing dependency_links to ../../build/circle/circle.egg-info/dependency_links.txt
[1.440s] writing entry points to ../../build/circle/circle.egg-info/entry_points.txt
[1.441s] writing requirements to ../../build/circle/circle.egg-info/requires.txt
[1.441s] writing top-level names to ../../build/circle/circle.egg-info/top_level.txt
[1.444s] reading manifest file '../../build/circle/circle.egg-info/SOURCES.txt'
[1.446s] writing manifest file '../../build/circle/circle.egg-info/SOURCES.txt'
[1.446s] running build
[1.446s] running build_py
[1.447s] running install
[1.447s] running install_lib
[1.447s] creating /home/jash/ros2_ws2/install/circle/lib/python3.10/site-packages/circle
[1.447s] copying /home/jash/ros2_ws2/build/circle/build/lib/circle/__init__.py -> /home/jash/ros2_ws2/install/circle/lib/python3.10/site-packages/circle
[1.448s] copying /home/jash/ros2_ws2/build/circle/build/lib/circle/circle_drawing.py -> /home/jash/ros2_ws2/install/circle/lib/python3.10/site-packages/circle
[1.448s] byte-compiling /home/jash/ros2_ws2/install/circle/lib/python3.10/site-packages/circle/__init__.py to __init__.cpython-310.pyc
[1.448s] byte-compiling /home/jash/ros2_ws2/install/circle/lib/python3.10/site-packages/circle/circle_drawing.py to circle_drawing.cpython-310.pyc
[1.448s] running install_data
[1.449s] running install_egg_info
[1.449s] Copying ../../build/circle/circle.egg-info to /home/jash/ros2_ws2/install/circle/lib/python3.10/site-packages/circle-0.0.0-py3.10.egg-info
[1.450s] running install_scripts
[1.464s] Installing circle_drawing script to /home/jash/ros2_ws2/install/circle/lib/circle
[1.464s] writing list of installed files to '/home/jash/ros2_ws2/build/circle/install.log'
[1.532s] Invoked command in '/home/jash/ros2_ws2/src/circle' returned '0': PYTHONPATH=/home/jash/ros2_ws2/build/circle/prefix_override:/home/jash/ros2_ws2/install/circle/lib/python3.10/site-packages:${PYTHONPATH} /usr/bin/python3 setup.py egg_info --egg-base ../../build/circle build --build-base /home/jash/ros2_ws2/build/circle/build install --record /home/jash/ros2_ws2/build/circle/install.log --single-version-externally-managed
