[1.839s] Invoking command in '/home/jash/ros2_ws2/src/sim': PYTHONPATH=/home/jash/ros2_ws2/build/sim/prefix_override:/home/jash/ros2_ws2/install/sim/lib/python3.10/site-packages:${PYTHONPATH} /usr/bin/python3 setup.py egg_info --egg-base ../../build/sim build --build-base /home/jash/ros2_ws2/build/sim/build install --record /home/jash/ros2_ws2/build/sim/install.log --single-version-externally-managed
[2.243s] running egg_info
[2.245s] writing ../../build/sim/sim.egg-info/PKG-INFO
[2.246s] writing dependency_links to ../../build/sim/sim.egg-info/dependency_links.txt
[2.247s] writing entry points to ../../build/sim/sim.egg-info/entry_points.txt
[2.249s] writing requirements to ../../build/sim/sim.egg-info/requires.txt
[2.250s] writing top-level names to ../../build/sim/sim.egg-info/top_level.txt
[2.253s] reading manifest file '../../build/sim/sim.egg-info/SOURCES.txt'
[2.254s] adding license file 'LICENSE'
[2.255s] writing manifest file '../../build/sim/sim.egg-info/SOURCES.txt'
[2.257s] running build
[2.257s] running build_py
[2.258s] running install
[2.259s] running install_lib
[2.261s] running install_data
[2.262s] running install_egg_info
[2.266s] removing '/home/jash/ros2_ws2/install/sim/lib/python3.10/site-packages/sim-0.0.0-py3.10.egg-info' (and everything under it)
[2.269s] Copying ../../build/sim/sim.egg-info to /home/jash/ros2_ws2/install/sim/lib/python3.10/site-packages/sim-0.0.0-py3.10.egg-info
[2.278s] running install_scripts
[2.318s] Installing circle script to /home/jash/ros2_ws2/install/sim/lib/sim
[2.318s] Installing sim0 script to /home/jash/ros2_ws2/install/sim/lib/sim
[2.318s] Installing sim1 script to /home/jash/ros2_ws2/install/sim/lib/sim
[2.318s] writing list of installed files to '/home/jash/ros2_ws2/build/sim/install.log'
[2.376s] Invoked command in '/home/jash/ros2_ws2/src/sim' returned '0': PYTHONPATH=/home/jash/ros2_ws2/build/sim/prefix_override:/home/jash/ros2_ws2/install/sim/lib/python3.10/site-packages:${PYTHONPATH} /usr/bin/python3 setup.py egg_info --egg-base ../../build/sim build --build-base /home/jash/ros2_ws2/build/sim/build install --record /home/jash/ros2_ws2/build/sim/install.log --single-version-externally-managed
