[1.002s] Invoking command in '/home/jash/ros2_ws2/src/circle': PYTHONPATH=/home/jash/ros2_ws2/build/circle/prefix_override:/home/jash/ros2_ws2/install/circle/lib/python3.10/site-packages:${PYTHONPATH} /usr/bin/python3 setup.py egg_info --egg-base ../../build/circle build --build-base /home/jash/ros2_ws2/build/circle/build install --record /home/jash/ros2_ws2/build/circle/install.log --single-version-externally-managed
[1.200s] running egg_info
[1.201s] writing ../../build/circle/circle.egg-info/PKG-INFO
[1.202s] writing dependency_links to ../../build/circle/circle.egg-info/dependency_links.txt
[1.202s] writing entry points to ../../build/circle/circle.egg-info/entry_points.txt
[1.203s] writing requirements to ../../build/circle/circle.egg-info/requires.txt
[1.203s] writing top-level names to ../../build/circle/circle.egg-info/top_level.txt
[1.205s] reading manifest file '../../build/circle/circle.egg-info/SOURCES.txt'
[1.206s] writing manifest file '../../build/circle/circle.egg-info/SOURCES.txt'
[1.206s] running build
[1.206s] running build_py
[1.207s] running install
[1.208s] running install_lib
[1.209s] running install_data
[1.210s] running install_egg_info
[1.211s] removing '/home/jash/ros2_ws2/install/circle/lib/python3.10/site-packages/circle-0.0.0-py3.10.egg-info' (and everything under it)
[1.213s] Copying ../../build/circle/circle.egg-info to /home/jash/ros2_ws2/install/circle/lib/python3.10/site-packages/circle-0.0.0-py3.10.egg-info
[1.216s] running install_scripts
[1.233s] Installing circle_drawing script to /home/jash/ros2_ws2/install/circle/lib/circle
[1.233s] Installing circle_drawing2 script to /home/jash/ros2_ws2/install/circle/lib/circle
[1.234s] writing list of installed files to '/home/jash/ros2_ws2/build/circle/install.log'
[1.259s] Invoked command in '/home/jash/ros2_ws2/src/circle' returned '0': PYTHONPATH=/home/jash/ros2_ws2/build/circle/prefix_override:/home/jash/ros2_ws2/install/circle/lib/python3.10/site-packages:${PYTHONPATH} /usr/bin/python3 setup.py egg_info --egg-base ../../build/circle build --build-base /home/jash/ros2_ws2/build/circle/build install --record /home/jash/ros2_ws2/build/circle/install.log --single-version-externally-managed
