[1.807s] Invoking command in '/home/jash/ros2_ws2/src/circle': PYTHONPATH=/home/jash/ros2_ws2/build/circle/prefix_override:/home/jash/ros2_ws2/install/circle/lib/python3.10/site-packages:${PYTHONPATH} /usr/bin/python3 setup.py egg_info --egg-base ../../build/circle build --build-base /home/jash/ros2_ws2/build/circle/build install --record /home/jash/ros2_ws2/build/circle/install.log --single-version-externally-managed
[2.217s] running egg_info
[2.218s] writing ../../build/circle/circle.egg-info/PKG-INFO
[2.221s] writing dependency_links to ../../build/circle/circle.egg-info/dependency_links.txt
[2.221s] writing entry points to ../../build/circle/circle.egg-info/entry_points.txt
[2.222s] writing requirements to ../../build/circle/circle.egg-info/requires.txt
[2.222s] writing top-level names to ../../build/circle/circle.egg-info/top_level.txt
[2.223s] reading manifest file '../../build/circle/circle.egg-info/SOURCES.txt'
[2.224s] writing manifest file '../../build/circle/circle.egg-info/SOURCES.txt'
[2.225s] running build
[2.225s] running build_py
[2.226s] copying circle/circle_drawing.py -> /home/jash/ros2_ws2/build/circle/build/lib/circle
[2.226s] running install
[2.226s] running install_lib
[2.230s] copying /home/jash/ros2_ws2/build/circle/build/lib/circle/circle_drawing.py -> /home/jash/ros2_ws2/install/circle/lib/python3.10/site-packages/circle
[2.230s] byte-compiling /home/jash/ros2_ws2/install/circle/lib/python3.10/site-packages/circle/circle_drawing.py to circle_drawing.cpython-310.pyc
[2.230s] running install_data
[2.231s] running install_egg_info
[2.236s] removing '/home/jash/ros2_ws2/install/circle/lib/python3.10/site-packages/circle-0.0.0-py3.10.egg-info' (and everything under it)
[2.236s] Copying ../../build/circle/circle.egg-info to /home/jash/ros2_ws2/install/circle/lib/python3.10/site-packages/circle-0.0.0-py3.10.egg-info
[2.240s] running install_scripts
[2.273s] Installing circle_drawing script to /home/jash/ros2_ws2/install/circle/lib/circle
[2.274s] Installing circle_drawing2 script to /home/jash/ros2_ws2/install/circle/lib/circle
[2.275s] writing list of installed files to '/home/jash/ros2_ws2/build/circle/install.log'
[2.363s] Invoked command in '/home/jash/ros2_ws2/src/circle' returned '0': PYTHONPATH=/home/jash/ros2_ws2/build/circle/prefix_override:/home/jash/ros2_ws2/install/circle/lib/python3.10/site-packages:${PYTHONPATH} /usr/bin/python3 setup.py egg_info --egg-base ../../build/circle build --build-base /home/jash/ros2_ws2/build/circle/build install --record /home/jash/ros2_ws2/build/circle/install.log --single-version-externally-managed
