[0.864s] Invoking command in '/home/jash/ros2_ws2/src/sim': PYTHONPATH=/home/jash/ros2_ws2/build/sim/prefix_override:/home/jash/ros2_ws2/install/sim/lib/python3.10/site-packages:${PYTHONPATH} /usr/bin/python3 setup.py egg_info --egg-base ../../build/sim build --build-base /home/jash/ros2_ws2/build/sim/build install --record /home/jash/ros2_ws2/build/sim/install.log --single-version-externally-managed
[1.048s] running egg_info
[1.048s] writing ../../build/sim/sim.egg-info/PKG-INFO
[1.049s] writing dependency_links to ../../build/sim/sim.egg-info/dependency_links.txt
[1.049s] writing entry points to ../../build/sim/sim.egg-info/entry_points.txt
[1.050s] writing requirements to ../../build/sim/sim.egg-info/requires.txt
[1.050s] writing top-level names to ../../build/sim/sim.egg-info/top_level.txt
[1.052s] reading manifest file '../../build/sim/sim.egg-info/SOURCES.txt'
[1.053s] adding license file 'LICENSE'
[1.053s] writing manifest file '../../build/sim/sim.egg-info/SOURCES.txt'
[1.054s] running build
[1.054s] running build_py
[1.054s] running install
[1.054s] running install_lib
[1.055s] running install_data
[1.056s] running install_egg_info
[1.058s] removing '/home/jash/ros2_ws2/install/sim/lib/python3.10/site-packages/sim-0.0.0-py3.10.egg-info' (and everything under it)
[1.058s] Copying ../../build/sim/sim.egg-info to /home/jash/ros2_ws2/install/sim/lib/python3.10/site-packages/sim-0.0.0-py3.10.egg-info
[1.058s] running install_scripts
[1.073s] Installing circle script to /home/jash/ros2_ws2/install/sim/lib/sim
[1.073s] Installing sim0 script to /home/jash/ros2_ws2/install/sim/lib/sim
[1.073s] Installing sim1 script to /home/jash/ros2_ws2/install/sim/lib/sim
[1.073s] writing list of installed files to '/home/jash/ros2_ws2/build/sim/install.log'
[1.099s] Invoked command in '/home/jash/ros2_ws2/src/sim' returned '0': PYTHONPATH=/home/jash/ros2_ws2/build/sim/prefix_override:/home/jash/ros2_ws2/install/sim/lib/python3.10/site-packages:${PYTHONPATH} /usr/bin/python3 setup.py egg_info --egg-base ../../build/sim build --build-base /home/jash/ros2_ws2/build/sim/build install --record /home/jash/ros2_ws2/build/sim/install.log --single-version-externally-managed
