running egg_info
writing ../../build/circle/circle.egg-info/PKG-INFO
writing dependency_links to ../../build/circle/circle.egg-info/dependency_links.txt
writing entry points to ../../build/circle/circle.egg-info/entry_points.txt
writing requirements to ../../build/circle/circle.egg-info/requires.txt
writing top-level names to ../../build/circle/circle.egg-info/top_level.txt
reading manifest file '../../build/circle/circle.egg-info/SOURCES.txt'
writing manifest file '../../build/circle/circle.egg-info/SOURCES.txt'
running build
running build_py
copying circle/circle_drawing.py -> /home/jash/ros2_ws2/build/circle/build/lib/circle
running install
running install_lib
copying /home/jash/ros2_ws2/build/circle/build/lib/circle/circle_drawing.py -> /home/jash/ros2_ws2/install/circle/lib/python3.10/site-packages/circle
byte-compiling /home/jash/ros2_ws2/install/circle/lib/python3.10/site-packages/circle/circle_drawing.py to circle_drawing.cpython-310.pyc
/home/jash/ros2_ws2/install/circle/lib/python3.10/site-packages/circle/circle_drawing.py:80: SyntaxWarning: 'tuple' object is not callable; perhaps you missed a comma?
  (-3.73,0.0885),(-3.73,-0.532),(-3.568,-0.532),(-4.39,-2.43),(-4.866,-2.43),(-4.866,-3.22),(-3.417,-3.22),(-3.417,-2.43),(-3.57,-2.43),(-3.394,-2.126),(-2.626,-2.126),(-2.46,-2.43),(-2.6,-2.43),(-2.6,-3.22),(-1.185,-3.22),(-1.185,-2.43),(-1.49,-2.43),(-2.456,-0.532),(-2.296,-0.532),(-2.296,0.0886),(-3.73,0.086),(-2.997,-1.067),(-2.779,-1.479),(-3.224,-1.475),(-2.997,-1.067)
running install_data
running install_egg_info
removing '/home/jash/ros2_ws2/install/circle/lib/python3.10/site-packages/circle-0.0.0-py3.10.egg-info' (and everything under it)
Copying ../../build/circle/circle.egg-info to /home/jash/ros2_ws2/install/circle/lib/python3.10/site-packages/circle-0.0.0-py3.10.egg-info
running install_scripts
Installing circle_drawing script to /home/jash/ros2_ws2/install/circle/lib/circle
Installing circle_drawing2 script to /home/jash/ros2_ws2/install/circle/lib/circle
writing list of installed files to '/home/jash/ros2_ws2/build/circle/install.log'
