[0.668s] DEBUG:colcon:Command line arguments: ['/usr/bin/colcon', 'build']
[0.668s] DEBUG:colcon:Parsed command line arguments: Namespace(log_base=None, log_level=None, verb_name='build', build_base='build', install_base='install', merge_install=False, symlink_install=False, test_result_base=None, continue_on_error=False, executor='parallel', parallel_workers=4, event_handlers=None, ignore_user_meta=False, metas=['./colcon.meta'], base_paths=['.'], packages_ignore=None, packages_ignore_regex=None, paths=None, packages_up_to=None, packages_up_to_regex=None, packages_above=None, packages_above_and_dependencies=None, packages_above_depth=None, packages_select_by_dep=None, packages_skip_by_dep=None, packages_skip_up_to=None, packages_select_build_failed=False, packages_skip_build_finished=False, packages_select_test_failures=False, packages_skip_test_passed=False, packages_select=None, packages_skip=None, packages_select_regex=None, packages_skip_regex=None, packages_start=None, packages_end=None, allow_overriding=[], cmake_args=None, cmake_target=None, cmake_target_skip_unavailable=False, cmake_clean_cache=False, cmake_clean_first=False, cmake_force_configure=False, ament_cmake_args=None, catkin_cmake_args=None, catkin_skip_building_tests=False, verb_parser=<colcon_defaults.argument_parser.defaults.DefaultArgumentsDecorator object at 0x7fcb0027c9a0>, verb_extension=<colcon_core.verb.build.BuildVerb object at 0x7fcb0027f400>, main=<bound method BuildVerb.main of <colcon_core.verb.build.BuildVerb object at 0x7fcb0027f400>>)
[0.701s] Level 1:colcon.colcon_core.package_discovery:discover_packages(colcon_meta) check parameters
[0.702s] Level 1:colcon.colcon_core.package_discovery:discover_packages(recursive) check parameters
[0.702s] Level 1:colcon.colcon_core.package_discovery:discover_packages(ignore) check parameters
[0.702s] Level 1:colcon.colcon_core.package_discovery:discover_packages(path) check parameters
[0.702s] Level 1:colcon.colcon_core.package_discovery:discover_packages(colcon_meta) discover
[0.702s] Level 1:colcon.colcon_core.package_discovery:discover_packages(recursive) discover
[0.702s] INFO:colcon.colcon_core.package_discovery:Crawling recursively for packages in '/home/jash/ros2_ws2'
[0.702s] Level 1:colcon.colcon_core.package_identification:_identify(.) by extensions ['ignore', 'ignore_ament_install']
[0.702s] Level 1:colcon.colcon_core.package_identification:_identify(.) by extension 'ignore'
[0.702s] Level 1:colcon.colcon_core.package_identification:_identify(.) by extension 'ignore_ament_install'
[0.702s] Level 1:colcon.colcon_core.package_identification:_identify(.) by extensions ['colcon_pkg']
[0.702s] Level 1:colcon.colcon_core.package_identification:_identify(.) by extension 'colcon_pkg'
[0.702s] Level 1:colcon.colcon_core.package_identification:_identify(.) by extensions ['colcon_meta']
[0.702s] Level 1:colcon.colcon_core.package_identification:_identify(.) by extension 'colcon_meta'
[0.702s] Level 1:colcon.colcon_core.package_identification:_identify(.) by extensions ['ros']
[0.702s] Level 1:colcon.colcon_core.package_identification:_identify(.) by extension 'ros'
[0.710s] Level 1:colcon.colcon_core.package_identification:_identify(.) by extensions ['cmake', 'python']
[0.710s] Level 1:colcon.colcon_core.package_identification:_identify(.) by extension 'cmake'
[0.710s] Level 1:colcon.colcon_core.package_identification:_identify(.) by extension 'python'
[0.710s] Level 1:colcon.colcon_core.package_identification:_identify(.) by extensions ['python_setup_py']
[0.710s] Level 1:colcon.colcon_core.package_identification:_identify(.) by extension 'python_setup_py'
[0.710s] Level 1:colcon.colcon_core.package_identification:_identify(build) by extensions ['ignore', 'ignore_ament_install']
[0.710s] Level 1:colcon.colcon_core.package_identification:_identify(build) by extension 'ignore'
[0.710s] Level 1:colcon.colcon_core.package_identification:_identify(build) ignored
[0.710s] Level 1:colcon.colcon_core.package_identification:_identify(install) by extensions ['ignore', 'ignore_ament_install']
[0.710s] Level 1:colcon.colcon_core.package_identification:_identify(install) by extension 'ignore'
[0.710s] Level 1:colcon.colcon_core.package_identification:_identify(install) ignored
[0.711s] Level 1:colcon.colcon_core.package_identification:_identify(log) by extensions ['ignore', 'ignore_ament_install']
[0.711s] Level 1:colcon.colcon_core.package_identification:_identify(log) by extension 'ignore'
[0.711s] Level 1:colcon.colcon_core.package_identification:_identify(log) ignored
[0.711s] Level 1:colcon.colcon_core.package_identification:_identify(src) by extensions ['ignore', 'ignore_ament_install']
[0.711s] Level 1:colcon.colcon_core.package_identification:_identify(src) by extension 'ignore'
[0.711s] Level 1:colcon.colcon_core.package_identification:_identify(src) by extension 'ignore_ament_install'
[0.711s] Level 1:colcon.colcon_core.package_identification:_identify(src) by extensions ['colcon_pkg']
[0.711s] Level 1:colcon.colcon_core.package_identification:_identify(src) by extension 'colcon_pkg'
[0.711s] Level 1:colcon.colcon_core.package_identification:_identify(src) by extensions ['colcon_meta']
[0.711s] Level 1:colcon.colcon_core.package_identification:_identify(src) by extension 'colcon_meta'
[0.711s] Level 1:colcon.colcon_core.package_identification:_identify(src) by extensions ['ros']
[0.711s] Level 1:colcon.colcon_core.package_identification:_identify(src) by extension 'ros'
[0.711s] Level 1:colcon.colcon_core.package_identification:_identify(src) by extensions ['cmake', 'python']
[0.711s] Level 1:colcon.colcon_core.package_identification:_identify(src) by extension 'cmake'
[0.711s] Level 1:colcon.colcon_core.package_identification:_identify(src) by extension 'python'
[0.711s] Level 1:colcon.colcon_core.package_identification:_identify(src) by extensions ['python_setup_py']
[0.711s] Level 1:colcon.colcon_core.package_identification:_identify(src) by extension 'python_setup_py'
[0.711s] Level 1:colcon.colcon_core.package_identification:_identify(src/circle) by extensions ['ignore', 'ignore_ament_install']
[0.711s] Level 1:colcon.colcon_core.package_identification:_identify(src/circle) by extension 'ignore'
[0.711s] Level 1:colcon.colcon_core.package_identification:_identify(src/circle) by extension 'ignore_ament_install'
[0.711s] Level 1:colcon.colcon_core.package_identification:_identify(src/circle) by extensions ['colcon_pkg']
[0.711s] Level 1:colcon.colcon_core.package_identification:_identify(src/circle) by extension 'colcon_pkg'
[0.711s] Level 1:colcon.colcon_core.package_identification:_identify(src/circle) by extensions ['colcon_meta']
[0.711s] Level 1:colcon.colcon_core.package_identification:_identify(src/circle) by extension 'colcon_meta'
[0.711s] Level 1:colcon.colcon_core.package_identification:_identify(src/circle) by extensions ['ros']
[0.711s] Level 1:colcon.colcon_core.package_identification:_identify(src/circle) by extension 'ros'
[0.713s] DEBUG:colcon.colcon_core.package_identification:Package 'src/circle' with type 'ros.ament_python' and name 'circle'
[0.713s] Level 1:colcon.colcon_core.package_identification:_identify(src/sim) by extensions ['ignore', 'ignore_ament_install']
[0.713s] Level 1:colcon.colcon_core.package_identification:_identify(src/sim) by extension 'ignore'
[0.713s] Level 1:colcon.colcon_core.package_identification:_identify(src/sim) by extension 'ignore_ament_install'
[0.713s] Level 1:colcon.colcon_core.package_identification:_identify(src/sim) by extensions ['colcon_pkg']
[0.713s] Level 1:colcon.colcon_core.package_identification:_identify(src/sim) by extension 'colcon_pkg'
[0.713s] Level 1:colcon.colcon_core.package_identification:_identify(src/sim) by extensions ['colcon_meta']
[0.713s] Level 1:colcon.colcon_core.package_identification:_identify(src/sim) by extension 'colcon_meta'
[0.713s] Level 1:colcon.colcon_core.package_identification:_identify(src/sim) by extensions ['ros']
[0.713s] Level 1:colcon.colcon_core.package_identification:_identify(src/sim) by extension 'ros'
[0.714s] DEBUG:colcon.colcon_core.package_identification:Package 'src/sim' with type 'ros.ament_python' and name 'sim'
[0.714s] Level 1:colcon.colcon_core.package_discovery:discover_packages(recursive) using defaults
[0.714s] Level 1:colcon.colcon_core.package_discovery:discover_packages(ignore) discover
[0.714s] Level 1:colcon.colcon_core.package_discovery:discover_packages(ignore) using defaults
[0.714s] Level 1:colcon.colcon_core.package_discovery:discover_packages(path) discover
[0.714s] Level 1:colcon.colcon_core.package_discovery:discover_packages(path) using defaults
[0.774s] Level 1:colcon.colcon_core.package_discovery:discover_packages(prefix_path) check parameters
[0.775s] Level 1:colcon.colcon_core.package_discovery:discover_packages(prefix_path) discover
[0.794s] DEBUG:colcon.colcon_installed_package_information.package_discovery:Found 2 installed packages in /home/jash/ros2_ws2/install
[0.804s] DEBUG:colcon.colcon_installed_package_information.package_discovery:Found 335 installed packages in /opt/ros/humble
[0.813s] Level 1:colcon.colcon_core.package_discovery:discover_packages(prefix_path) using defaults
[0.877s] Level 5:colcon.colcon_core.verb:set package 'circle' build argument 'cmake_args' from command line to 'None'
[0.877s] Level 5:colcon.colcon_core.verb:set package 'circle' build argument 'cmake_target' from command line to 'None'
[0.877s] Level 5:colcon.colcon_core.verb:set package 'circle' build argument 'cmake_target_skip_unavailable' from command line to 'False'
[0.877s] Level 5:colcon.colcon_core.verb:set package 'circle' build argument 'cmake_clean_cache' from command line to 'False'
[0.877s] Level 5:colcon.colcon_core.verb:set package 'circle' build argument 'cmake_clean_first' from command line to 'False'
[0.877s] Level 5:colcon.colcon_core.verb:set package 'circle' build argument 'cmake_force_configure' from command line to 'False'
[0.877s] Level 5:colcon.colcon_core.verb:set package 'circle' build argument 'ament_cmake_args' from command line to 'None'
[0.877s] Level 5:colcon.colcon_core.verb:set package 'circle' build argument 'catkin_cmake_args' from command line to 'None'
[0.877s] Level 5:colcon.colcon_core.verb:set package 'circle' build argument 'catkin_skip_building_tests' from command line to 'False'
[0.877s] DEBUG:colcon.colcon_core.verb:Building package 'circle' with the following arguments: {'ament_cmake_args': None, 'build_base': '/home/jash/ros2_ws2/build/circle', 'catkin_cmake_args': None, 'catkin_skip_building_tests': False, 'cmake_args': None, 'cmake_clean_cache': False, 'cmake_clean_first': False, 'cmake_force_configure': False, 'cmake_target': None, 'cmake_target_skip_unavailable': False, 'install_base': '/home/jash/ros2_ws2/install/circle', 'merge_install': False, 'path': '/home/jash/ros2_ws2/src/circle', 'symlink_install': False, 'test_result_base': None}
[0.887s] Level 5:colcon.colcon_core.verb:set package 'sim' build argument 'cmake_args' from command line to 'None'
[0.887s] Level 5:colcon.colcon_core.verb:set package 'sim' build argument 'cmake_target' from command line to 'None'
[0.887s] Level 5:colcon.colcon_core.verb:set package 'sim' build argument 'cmake_target_skip_unavailable' from command line to 'False'
[0.887s] Level 5:colcon.colcon_core.verb:set package 'sim' build argument 'cmake_clean_cache' from command line to 'False'
[0.887s] Level 5:colcon.colcon_core.verb:set package 'sim' build argument 'cmake_clean_first' from command line to 'False'
[0.887s] Level 5:colcon.colcon_core.verb:set package 'sim' build argument 'cmake_force_configure' from command line to 'False'
[0.887s] Level 5:colcon.colcon_core.verb:set package 'sim' build argument 'ament_cmake_args' from command line to 'None'
[0.887s] Level 5:colcon.colcon_core.verb:set package 'sim' build argument 'catkin_cmake_args' from command line to 'None'
[0.887s] Level 5:colcon.colcon_core.verb:set package 'sim' build argument 'catkin_skip_building_tests' from command line to 'False'
[0.887s] DEBUG:colcon.colcon_core.verb:Building package 'sim' with the following arguments: {'ament_cmake_args': None, 'build_base': '/home/jash/ros2_ws2/build/sim', 'catkin_cmake_args': None, 'catkin_skip_building_tests': False, 'cmake_args': None, 'cmake_clean_cache': False, 'cmake_clean_first': False, 'cmake_force_configure': False, 'cmake_target': None, 'cmake_target_skip_unavailable': False, 'install_base': '/home/jash/ros2_ws2/install/sim', 'merge_install': False, 'path': '/home/jash/ros2_ws2/src/sim', 'symlink_install': False, 'test_result_base': None}
[0.896s] INFO:colcon.colcon_core.executor:Executing jobs using 'parallel' executor
[0.908s] DEBUG:colcon.colcon_parallel_executor.executor.parallel:run_until_complete
[0.908s] INFO:colcon.colcon_ros.task.ament_python.build:Building ROS package in '/home/jash/ros2_ws2/src/circle' with build type 'ament_python'
[0.908s] Level 1:colcon.colcon_core.shell:create_environment_hook('circle', 'ament_prefix_path')
[0.919s] INFO:colcon.colcon_core.plugin_system:Skipping extension 'colcon_core.shell.bat': Not used on non-Windows systems
[0.919s] INFO:colcon.colcon_core.shell:Creating environment hook '/home/jash/ros2_ws2/install/circle/share/circle/hook/ament_prefix_path.ps1'
[0.919s] INFO:colcon.colcon_core.shell:Creating environment descriptor '/home/jash/ros2_ws2/install/circle/share/circle/hook/ament_prefix_path.dsv'
[0.920s] INFO:colcon.colcon_core.shell:Creating environment hook '/home/jash/ros2_ws2/install/circle/share/circle/hook/ament_prefix_path.sh'
[0.931s] INFO:colcon.colcon_core.shell:Skip shell extension 'powershell' for command environment: Not usable outside of PowerShell
[0.931s] DEBUG:colcon.colcon_core.shell:Skip shell extension 'dsv' for command environment
[0.965s] INFO:colcon.colcon_ros.task.ament_python.build:Building ROS package in '/home/jash/ros2_ws2/src/sim' with build type 'ament_python'
[0.965s] Level 1:colcon.colcon_core.shell:create_environment_hook('sim', 'ament_prefix_path')
[0.975s] INFO:colcon.colcon_core.shell:Creating environment hook '/home/jash/ros2_ws2/install/sim/share/sim/hook/ament_prefix_path.ps1'
[0.977s] INFO:colcon.colcon_core.shell:Creating environment descriptor '/home/jash/ros2_ws2/install/sim/share/sim/hook/ament_prefix_path.dsv'
[0.978s] INFO:colcon.colcon_core.shell:Creating environment hook '/home/jash/ros2_ws2/install/sim/share/sim/hook/ament_prefix_path.sh'
[0.988s] INFO:colcon.colcon_core.shell:Skip shell extension 'powershell' for command environment: Not usable outside of PowerShell
[0.988s] DEBUG:colcon.colcon_core.shell:Skip shell extension 'dsv' for command environment
[1.221s] INFO:colcon.colcon_core.task.python.build:Building Python package in '/home/jash/ros2_ws2/src/circle'
[1.232s] INFO:colcon.colcon_core.shell:Skip shell extension 'powershell' for command environment: Not usable outside of PowerShell
[1.232s] DEBUG:colcon.colcon_core.shell:Skip shell extension 'dsv' for command environment
[1.514s] INFO:colcon.colcon_core.task.python.build:Building Python package in '/home/jash/ros2_ws2/src/sim'
[1.524s] INFO:colcon.colcon_core.shell:Skip shell extension 'powershell' for command environment: Not usable outside of PowerShell
[1.524s] DEBUG:colcon.colcon_core.shell:Skip shell extension 'dsv' for command environment
[1.835s] DEBUG:colcon.colcon_core.event_handler.log_command:Invoking command in '/home/jash/ros2_ws2/src/circle': PYTHONPATH=/home/jash/ros2_ws2/build/circle/prefix_override:/home/jash/ros2_ws2/install/circle/lib/python3.10/site-packages:${PYTHONPATH} /usr/bin/python3 setup.py egg_info --egg-base ../../build/circle build --build-base /home/jash/ros2_ws2/build/circle/build install --record /home/jash/ros2_ws2/build/circle/install.log --single-version-externally-managed
[1.837s] DEBUG:colcon.colcon_core.event_handler.log_command:Invoking command in '/home/jash/ros2_ws2/src/sim': PYTHONPATH=/home/jash/ros2_ws2/build/sim/prefix_override:/home/jash/ros2_ws2/install/sim/lib/python3.10/site-packages:${PYTHONPATH} /usr/bin/python3 setup.py egg_info --egg-base ../../build/sim build --build-base /home/jash/ros2_ws2/build/sim/build install --record /home/jash/ros2_ws2/build/sim/install.log --single-version-externally-managed
[2.108s] DEBUG:colcon.colcon_core.event_handler.log_command:Invoked command in '/home/jash/ros2_ws2/src/circle' returned '0': PYTHONPATH=/home/jash/ros2_ws2/build/circle/prefix_override:/home/jash/ros2_ws2/install/circle/lib/python3.10/site-packages:${PYTHONPATH} /usr/bin/python3 setup.py egg_info --egg-base ../../build/circle build --build-base /home/jash/ros2_ws2/build/circle/build install --record /home/jash/ros2_ws2/build/circle/install.log --single-version-externally-managed
[2.122s] Level 1:colcon.colcon_core.environment:checking '/home/jash/ros2_ws2/install/circle' for CMake module files
[2.122s] Level 1:colcon.colcon_core.environment:checking '/home/jash/ros2_ws2/install/circle' for CMake config files
[2.122s] Level 1:colcon.colcon_core.environment:checking '/home/jash/ros2_ws2/install/circle/lib'
[2.122s] Level 1:colcon.colcon_core.environment:checking '/home/jash/ros2_ws2/install/circle/bin'
[2.123s] Level 1:colcon.colcon_core.environment:checking '/home/jash/ros2_ws2/install/circle/lib/pkgconfig/circle.pc'
[2.123s] Level 1:colcon.colcon_core.environment:checking '/home/jash/ros2_ws2/install/circle/lib/python3.10/site-packages'
[2.123s] Level 1:colcon.colcon_core.shell:create_environment_hook('circle', 'pythonpath')
[2.132s] INFO:colcon.colcon_core.shell:Creating environment hook '/home/jash/ros2_ws2/install/circle/share/circle/hook/pythonpath.ps1'
[2.133s] INFO:colcon.colcon_core.shell:Creating environment descriptor '/home/jash/ros2_ws2/install/circle/share/circle/hook/pythonpath.dsv'
[2.133s] INFO:colcon.colcon_core.shell:Creating environment hook '/home/jash/ros2_ws2/install/circle/share/circle/hook/pythonpath.sh'
[2.134s] Level 1:colcon.colcon_core.environment:checking '/home/jash/ros2_ws2/install/circle/bin'
[2.134s] Level 1:colcon.colcon_core.environment:create_environment_scripts_only(circle)
[2.143s] INFO:colcon.colcon_core.shell:Creating package script '/home/jash/ros2_ws2/install/circle/share/circle/package.ps1'
[2.144s] INFO:colcon.colcon_core.shell:Creating package descriptor '/home/jash/ros2_ws2/install/circle/share/circle/package.dsv'
[2.144s] INFO:colcon.colcon_core.shell:Creating package script '/home/jash/ros2_ws2/install/circle/share/circle/package.sh'
[2.144s] INFO:colcon.colcon_core.shell:Creating package script '/home/jash/ros2_ws2/install/circle/share/circle/package.bash'
[2.145s] INFO:colcon.colcon_core.shell:Creating package script '/home/jash/ros2_ws2/install/circle/share/circle/package.zsh'
[2.146s] Level 1:colcon.colcon_core.environment:create_file_with_runtime_dependencies(/home/jash/ros2_ws2/install/circle/share/colcon-core/packages/circle)
[2.148s] DEBUG:colcon.colcon_core.event_handler.log_command:Invoked command in '/home/jash/ros2_ws2/src/sim' returned '0': PYTHONPATH=/home/jash/ros2_ws2/build/sim/prefix_override:/home/jash/ros2_ws2/install/sim/lib/python3.10/site-packages:${PYTHONPATH} /usr/bin/python3 setup.py egg_info --egg-base ../../build/sim build --build-base /home/jash/ros2_ws2/build/sim/build install --record /home/jash/ros2_ws2/build/sim/install.log --single-version-externally-managed
[2.158s] Level 1:colcon.colcon_core.environment:checking '/home/jash/ros2_ws2/install/sim' for CMake module files
[2.158s] Level 1:colcon.colcon_core.environment:checking '/home/jash/ros2_ws2/install/sim' for CMake config files
[2.159s] Level 1:colcon.colcon_core.environment:checking '/home/jash/ros2_ws2/install/sim/lib'
[2.159s] Level 1:colcon.colcon_core.environment:checking '/home/jash/ros2_ws2/install/sim/bin'
[2.159s] Level 1:colcon.colcon_core.environment:checking '/home/jash/ros2_ws2/install/sim/lib/pkgconfig/sim.pc'
[2.159s] Level 1:colcon.colcon_core.environment:checking '/home/jash/ros2_ws2/install/sim/lib/python3.10/site-packages'
[2.159s] Level 1:colcon.colcon_core.shell:create_environment_hook('sim', 'pythonpath')
[2.170s] INFO:colcon.colcon_core.shell:Creating environment hook '/home/jash/ros2_ws2/install/sim/share/sim/hook/pythonpath.ps1'
[2.171s] INFO:colcon.colcon_core.shell:Creating environment descriptor '/home/jash/ros2_ws2/install/sim/share/sim/hook/pythonpath.dsv'
[2.171s] INFO:colcon.colcon_core.shell:Creating environment hook '/home/jash/ros2_ws2/install/sim/share/sim/hook/pythonpath.sh'
[2.171s] Level 1:colcon.colcon_core.environment:checking '/home/jash/ros2_ws2/install/sim/bin'
[2.172s] Level 1:colcon.colcon_core.environment:create_environment_scripts_only(sim)
[2.181s] INFO:colcon.colcon_core.shell:Creating package script '/home/jash/ros2_ws2/install/sim/share/sim/package.ps1'
[2.182s] INFO:colcon.colcon_core.shell:Creating package descriptor '/home/jash/ros2_ws2/install/sim/share/sim/package.dsv'
[2.183s] INFO:colcon.colcon_core.shell:Creating package script '/home/jash/ros2_ws2/install/sim/share/sim/package.sh'
[2.183s] INFO:colcon.colcon_core.shell:Creating package script '/home/jash/ros2_ws2/install/sim/share/sim/package.bash'
[2.183s] INFO:colcon.colcon_core.shell:Creating package script '/home/jash/ros2_ws2/install/sim/share/sim/package.zsh'
[2.184s] Level 1:colcon.colcon_core.environment:create_file_with_runtime_dependencies(/home/jash/ros2_ws2/install/sim/share/colcon-core/packages/sim)
[2.184s] DEBUG:colcon.colcon_parallel_executor.executor.parallel:closing loop
[2.185s] DEBUG:colcon.colcon_parallel_executor.executor.parallel:loop closed
[2.185s] DEBUG:colcon.colcon_parallel_executor.executor.parallel:run_until_complete finished with '0'
[2.185s] DEBUG:colcon.colcon_core.event_reactor:joining thread
[2.200s] INFO:colcon.colcon_core.plugin_system:Skipping extension 'colcon_notification.desktop_notification.terminal_notifier': Not used on non-Darwin systems
[2.200s] INFO:colcon.colcon_core.plugin_system:Skipping extension 'colcon_notification.desktop_notification.win32': Not used on non-Windows systems
[2.200s] INFO:colcon.colcon_notification.desktop_notification:Sending desktop notification using 'notify2'
[2.210s] DEBUG:colcon.colcon_core.event_reactor:joined thread
[2.223s] INFO:colcon.colcon_core.shell:Creating prefix script '/home/jash/ros2_ws2/install/local_setup.ps1'
[2.224s] INFO:colcon.colcon_core.shell:Creating prefix util module '/home/jash/ros2_ws2/install/_local_setup_util_ps1.py'
[2.225s] INFO:colcon.colcon_core.shell:Creating prefix chain script '/home/jash/ros2_ws2/install/setup.ps1'
[2.237s] INFO:colcon.colcon_core.shell:Creating prefix script '/home/jash/ros2_ws2/install/local_setup.sh'
[2.238s] INFO:colcon.colcon_core.shell:Creating prefix util module '/home/jash/ros2_ws2/install/_local_setup_util_sh.py'
[2.238s] INFO:colcon.colcon_core.shell:Creating prefix chain script '/home/jash/ros2_ws2/install/setup.sh'
[2.251s] INFO:colcon.colcon_core.shell:Creating prefix script '/home/jash/ros2_ws2/install/local_setup.bash'
[2.252s] INFO:colcon.colcon_core.shell:Creating prefix chain script '/home/jash/ros2_ws2/install/setup.bash'
[2.262s] INFO:colcon.colcon_core.shell:Creating prefix script '/home/jash/ros2_ws2/install/local_setup.zsh'
[2.263s] INFO:colcon.colcon_core.shell:Creating prefix chain script '/home/jash/ros2_ws2/install/setup.zsh'
