running egg_info
creating ../../build/circle/circle.egg-info
writing ../../build/circle/circle.egg-info/PKG-INFO
writing dependency_links to ../../build/circle/circle.egg-info/dependency_links.txt
writing entry points to ../../build/circle/circle.egg-info/entry_points.txt
writing requirements to ../../build/circle/circle.egg-info/requires.txt
writing top-level names to ../../build/circle/circle.egg-info/top_level.txt
writing manifest file '../../build/circle/circle.egg-info/SOURCES.txt'
reading manifest file '../../build/circle/circle.egg-info/SOURCES.txt'
writing manifest file '../../build/circle/circle.egg-info/SOURCES.txt'
running build
running build_py
creating /home/jash/ros2_ws2/build/circle/build
creating /home/jash/ros2_ws2/build/circle/build/lib
creating /home/jash/ros2_ws2/build/circle/build/lib/circle
copying circle/__init__.py -> /home/jash/ros2_ws2/build/circle/build/lib/circle
copying circle/circle_drawing.py -> /home/jash/ros2_ws2/build/circle/build/lib/circle
running install
running install_lib
creating /home/jash/ros2_ws2/install/circle/lib/python3.10/site-packages/circle
copying /home/jash/ros2_ws2/build/circle/build/lib/circle/__init__.py -> /home/jash/ros2_ws2/install/circle/lib/python3.10/site-packages/circle
copying /home/jash/ros2_ws2/build/circle/build/lib/circle/circle_drawing.py -> /home/jash/ros2_ws2/install/circle/lib/python3.10/site-packages/circle
byte-compiling /home/jash/ros2_ws2/install/circle/lib/python3.10/site-packages/circle/__init__.py to __init__.cpython-310.pyc
byte-compiling /home/jash/ros2_ws2/install/circle/lib/python3.10/site-packages/circle/circle_drawing.py to circle_drawing.cpython-310.pyc
running install_data
creating /home/jash/ros2_ws2/install/circle/share/ament_index
creating /home/jash/ros2_ws2/install/circle/share/ament_index/resource_index
creating /home/jash/ros2_ws2/install/circle/share/ament_index/resource_index/packages
copying resource/circle -> /home/jash/ros2_ws2/install/circle/share/ament_index/resource_index/packages
copying package.xml -> /home/jash/ros2_ws2/install/circle/share/circle
running install_egg_info
Copying ../../build/circle/circle.egg-info to /home/jash/ros2_ws2/install/circle/lib/python3.10/site-packages/circle-0.0.0-py3.10.egg-info
running install_scripts
writing list of installed files to '/home/jash/ros2_ws2/build/circle/install.log'
