[1.646s] Invoking command in '/home/jash/ros2_ws2/src/circle': PYTHONPATH=/home/jash/ros2_ws2/build/circle/prefix_override:/home/jash/ros2_ws2/install/circle/lib/python3.10/site-packages:${PYTHONPATH} /usr/bin/python3 setup.py egg_info --egg-base ../../build/circle build --build-base /home/jash/ros2_ws2/build/circle/build install --record /home/jash/ros2_ws2/build/circle/install.log --single-version-externally-managed
[1.993s] running egg_info
[1.994s] writing ../../build/circle/circle.egg-info/PKG-INFO
[1.995s] writing dependency_links to ../../build/circle/circle.egg-info/dependency_links.txt
[1.996s] writing entry points to ../../build/circle/circle.egg-info/entry_points.txt
[1.996s] writing requirements to ../../build/circle/circle.egg-info/requires.txt
[1.996s] writing top-level names to ../../build/circle/circle.egg-info/top_level.txt
[1.998s] reading manifest file '../../build/circle/circle.egg-info/SOURCES.txt'
[1.999s] writing manifest file '../../build/circle/circle.egg-info/SOURCES.txt'
[2.000s] running build
[2.000s] running build_py
[2.000s] copying circle/circle_drawing.py -> /home/jash/ros2_ws2/build/circle/build/lib/circle
[2.000s] running install
[2.002s] running install_lib
[2.002s] copying /home/jash/ros2_ws2/build/circle/build/lib/circle/circle_drawing.py -> /home/jash/ros2_ws2/install/circle/lib/python3.10/site-packages/circle
[2.003s] byte-compiling /home/jash/ros2_ws2/install/circle/lib/python3.10/site-packages/circle/circle_drawing.py to circle_drawing.cpython-310.pyc
[2.006s] running install_data
[2.007s] running install_egg_info
[2.009s] removing '/home/jash/ros2_ws2/install/circle/lib/python3.10/site-packages/circle-0.0.0-py3.10.egg-info' (and everything under it)
[2.011s] Copying ../../build/circle/circle.egg-info to /home/jash/ros2_ws2/install/circle/lib/python3.10/site-packages/circle-0.0.0-py3.10.egg-info
[2.011s] running install_scripts
[2.049s] Installing circle_drawing script to /home/jash/ros2_ws2/install/circle/lib/circle
[2.049s] Installing circle_drawing2 script to /home/jash/ros2_ws2/install/circle/lib/circle
[2.050s] writing list of installed files to '/home/jash/ros2_ws2/build/circle/install.log'
[2.178s] Invoked command in '/home/jash/ros2_ws2/src/circle' returned '0': PYTHONPATH=/home/jash/ros2_ws2/build/circle/prefix_override:/home/jash/ros2_ws2/install/circle/lib/python3.10/site-packages:${PYTHONPATH} /usr/bin/python3 setup.py egg_info --egg-base ../../build/circle build --build-base /home/jash/ros2_ws2/build/circle/build install --record /home/jash/ros2_ws2/build/circle/install.log --single-version-externally-managed
