[0.575s] Invoking command in '/home/jash/ros2_ws2/src/circle': PYTHONPATH=/home/jash/ros2_ws2/build/circle/prefix_override:/home/jash/ros2_ws2/install/circle/lib/python3.10/site-packages:${PYTHONPATH} /usr/bin/python3 setup.py egg_info --egg-base ../../build/circle build --build-base /home/jash/ros2_ws2/build/circle/build install --record /home/jash/ros2_ws2/build/circle/install.log --single-version-externally-managed
[0.743s] running egg_info
[0.744s] writing ../../build/circle/circle.egg-info/PKG-INFO
[0.744s] writing dependency_links to ../../build/circle/circle.egg-info/dependency_links.txt
[0.744s] writing entry points to ../../build/circle/circle.egg-info/entry_points.txt
[0.744s] writing requirements to ../../build/circle/circle.egg-info/requires.txt
[0.744s] writing top-level names to ../../build/circle/circle.egg-info/top_level.txt
[0.746s] reading manifest file '../../build/circle/circle.egg-info/SOURCES.txt'
[0.747s] writing manifest file '../../build/circle/circle.egg-info/SOURCES.txt'
[0.747s] running build
[0.747s] running build_py
[0.747s] running install
[0.747s] running install_lib
[0.749s] running install_data
[0.749s] running install_egg_info
[0.750s] removing '/home/jash/ros2_ws2/install/circle/lib/python3.10/site-packages/circle-0.0.0-py3.10.egg-info' (and everything under it)
[0.750s] Copying ../../build/circle/circle.egg-info to /home/jash/ros2_ws2/install/circle/lib/python3.10/site-packages/circle-0.0.0-py3.10.egg-info
[0.751s] running install_scripts
[0.767s] Installing circle_drawing script to /home/jash/ros2_ws2/install/circle/lib/circle
[0.767s] writing list of installed files to '/home/jash/ros2_ws2/build/circle/install.log'
[0.786s] Invoked command in '/home/jash/ros2_ws2/src/circle' returned '0': PYTHONPATH=/home/jash/ros2_ws2/build/circle/prefix_override:/home/jash/ros2_ws2/install/circle/lib/python3.10/site-packages:${PYTHONPATH} /usr/bin/python3 setup.py egg_info --egg-base ../../build/circle build --build-base /home/jash/ros2_ws2/build/circle/build install --record /home/jash/ros2_ws2/build/circle/install.log --single-version-externally-managed
