[1.558s] Invoking command in '/home/jash/ros2_ws2/src/circle': PYTHONPATH=/home/jash/ros2_ws2/build/circle/prefix_override:/home/jash/ros2_ws2/install/circle/lib/python3.10/site-packages:${PYTHONPATH} /usr/bin/python3 setup.py egg_info --egg-base ../../build/circle build --build-base /home/jash/ros2_ws2/build/circle/build install --record /home/jash/ros2_ws2/build/circle/install.log --single-version-externally-managed
[1.928s] running egg_info
[1.930s] writing ../../build/circle/circle.egg-info/PKG-INFO
[1.931s] writing dependency_links to ../../build/circle/circle.egg-info/dependency_links.txt
[1.931s] writing entry points to ../../build/circle/circle.egg-info/entry_points.txt
[1.932s] writing requirements to ../../build/circle/circle.egg-info/requires.txt
[1.933s] writing top-level names to ../../build/circle/circle.egg-info/top_level.txt
[1.936s] reading manifest file '../../build/circle/circle.egg-info/SOURCES.txt'
[1.937s] writing manifest file '../../build/circle/circle.egg-info/SOURCES.txt'
[1.938s] running build
[1.938s] running build_py
[1.939s] copying circle/circle_drawing.py -> /home/jash/ros2_ws2/build/circle/build/lib/circle
[1.944s] running install
[1.944s] running install_lib
[1.948s] copying /home/jash/ros2_ws2/build/circle/build/lib/circle/circle_drawing.py -> /home/jash/ros2_ws2/install/circle/lib/python3.10/site-packages/circle
[1.956s] byte-compiling /home/jash/ros2_ws2/install/circle/lib/python3.10/site-packages/circle/circle_drawing.py to circle_drawing.cpython-310.pyc
[1.965s] running install_data
[1.966s] running install_egg_info
[1.969s] removing '/home/jash/ros2_ws2/install/circle/lib/python3.10/site-packages/circle-0.0.0-py3.10.egg-info' (and everything under it)
[1.969s] Copying ../../build/circle/circle.egg-info to /home/jash/ros2_ws2/install/circle/lib/python3.10/site-packages/circle-0.0.0-py3.10.egg-info
[1.970s] running install_scripts
[2.000s] Installing circle_drawing script to /home/jash/ros2_ws2/install/circle/lib/circle
[2.000s] Installing circle_drawing2 script to /home/jash/ros2_ws2/install/circle/lib/circle
[2.001s] writing list of installed files to '/home/jash/ros2_ws2/build/circle/install.log'
[2.109s] Invoked command in '/home/jash/ros2_ws2/src/circle' returned '0': PYTHONPATH=/home/jash/ros2_ws2/build/circle/prefix_override:/home/jash/ros2_ws2/install/circle/lib/python3.10/site-packages:${PYTHONPATH} /usr/bin/python3 setup.py egg_info --egg-base ../../build/circle build --build-base /home/jash/ros2_ws2/build/circle/build install --record /home/jash/ros2_ws2/build/circle/install.log --single-version-externally-managed
