[1.660s] Invoking command in '/home/jash/ros2_ws2/src/sim': PYTHONPATH=/home/jash/ros2_ws2/build/sim/prefix_override:/home/jash/ros2_ws2/install/sim/lib/python3.10/site-packages:${PYTHONPATH} /usr/bin/python3 setup.py egg_info --egg-base ../../build/sim build --build-base /home/jash/ros2_ws2/build/sim/build install --record /home/jash/ros2_ws2/build/sim/install.log --single-version-externally-managed
[1.991s] running egg_info
[1.991s] writing ../../build/sim/sim.egg-info/PKG-INFO
[1.994s] writing dependency_links to ../../build/sim/sim.egg-info/dependency_links.txt
[1.997s] writing entry points to ../../build/sim/sim.egg-info/entry_points.txt
[1.999s] writing requirements to ../../build/sim/sim.egg-info/requires.txt
[1.999s] writing top-level names to ../../build/sim/sim.egg-info/top_level.txt
[1.999s] reading manifest file '../../build/sim/sim.egg-info/SOURCES.txt'
[1.999s] adding license file 'LICENSE'
[2.000s] writing manifest file '../../build/sim/sim.egg-info/SOURCES.txt'
[2.000s] running build
[2.000s] running build_py
[2.002s] running install
[2.002s] running install_lib
[2.002s] running install_data
[2.002s] running install_egg_info
[2.002s] removing '/home/jash/ros2_ws2/install/sim/lib/python3.10/site-packages/sim-0.0.0-py3.10.egg-info' (and everything under it)
[2.005s] Copying ../../build/sim/sim.egg-info to /home/jash/ros2_ws2/install/sim/lib/python3.10/site-packages/sim-0.0.0-py3.10.egg-info
[2.005s] running install_scripts
[2.039s] Installing sim0 script to /home/jash/ros2_ws2/install/sim/lib/sim
[2.040s] Installing sim1 script to /home/jash/ros2_ws2/install/sim/lib/sim
[2.040s] writing list of installed files to '/home/jash/ros2_ws2/build/sim/install.log'
[2.080s] Invoked command in '/home/jash/ros2_ws2/src/sim' returned '0': PYTHONPATH=/home/jash/ros2_ws2/build/sim/prefix_override:/home/jash/ros2_ws2/install/sim/lib/python3.10/site-packages:${PYTHONPATH} /usr/bin/python3 setup.py egg_info --egg-base ../../build/sim build --build-base /home/jash/ros2_ws2/build/sim/build install --record /home/jash/ros2_ws2/build/sim/install.log --single-version-externally-managed
