[1.042s] Invoking command in '/home/jash/ros2_ws2/src/sim': PYTHONPATH=/home/jash/ros2_ws2/build/sim/prefix_override:/home/jash/ros2_ws2/install/sim/lib/python3.10/site-packages:${PYTHONPATH} /usr/bin/python3 setup.py egg_info --egg-base ../../build/sim build --build-base /home/jash/ros2_ws2/build/sim/build install --record /home/jash/ros2_ws2/build/sim/install.log --single-version-externally-managed
[1.300s] running egg_info
[1.301s] writing ../../build/sim/sim.egg-info/PKG-INFO
[1.301s] writing dependency_links to ../../build/sim/sim.egg-info/dependency_links.txt
[1.301s] writing entry points to ../../build/sim/sim.egg-info/entry_points.txt
[1.302s] writing requirements to ../../build/sim/sim.egg-info/requires.txt
[1.302s] writing top-level names to ../../build/sim/sim.egg-info/top_level.txt
[1.313s] reading manifest file '../../build/sim/sim.egg-info/SOURCES.txt'
[1.313s] adding license file 'LICENSE'
[1.313s] writing manifest file '../../build/sim/sim.egg-info/SOURCES.txt'
[1.313s] running build
[1.313s] running build_py
[1.313s] running install
[1.313s] running install_lib
[1.313s] running install_data
[1.313s] running install_egg_info
[1.314s] removing '/home/jash/ros2_ws2/install/sim/lib/python3.10/site-packages/sim-0.0.0-py3.10.egg-info' (and everything under it)
[1.317s] Copying ../../build/sim/sim.egg-info to /home/jash/ros2_ws2/install/sim/lib/python3.10/site-packages/sim-0.0.0-py3.10.egg-info
[1.317s] running install_scripts
[1.336s] Installing circle script to /home/jash/ros2_ws2/install/sim/lib/sim
[1.336s] Installing sim0 script to /home/jash/ros2_ws2/install/sim/lib/sim
[1.337s] Installing sim1 script to /home/jash/ros2_ws2/install/sim/lib/sim
[1.339s] writing list of installed files to '/home/jash/ros2_ws2/build/sim/install.log'
[1.412s] Invoked command in '/home/jash/ros2_ws2/src/sim' returned '0': PYTHONPATH=/home/jash/ros2_ws2/build/sim/prefix_override:/home/jash/ros2_ws2/install/sim/lib/python3.10/site-packages:${PYTHONPATH} /usr/bin/python3 setup.py egg_info --egg-base ../../build/sim build --build-base /home/jash/ros2_ws2/build/sim/build install --record /home/jash/ros2_ws2/build/sim/install.log --single-version-externally-managed
