[1.944s] Invoking command in '/home/jash/ros2_ws2/src/sim': PYTHONPATH=/home/jash/ros2_ws2/build/sim/prefix_override:/home/jash/ros2_ws2/install/sim/lib/python3.10/site-packages:${PYTHONPATH} /usr/bin/python3 setup.py egg_info --egg-base ../../build/sim build --build-base /home/jash/ros2_ws2/build/sim/build install --record /home/jash/ros2_ws2/build/sim/install.log --single-version-externally-managed
[2.384s] running egg_info
[2.389s] writing ../../build/sim/sim.egg-info/PKG-INFO
[2.390s] writing dependency_links to ../../build/sim/sim.egg-info/dependency_links.txt
[2.391s] writing entry points to ../../build/sim/sim.egg-info/entry_points.txt
[2.391s] writing requirements to ../../build/sim/sim.egg-info/requires.txt
[2.392s] writing top-level names to ../../build/sim/sim.egg-info/top_level.txt
[2.397s] reading manifest file '../../build/sim/sim.egg-info/SOURCES.txt'
[2.398s] adding license file 'LICENSE'
[2.400s] writing manifest file '../../build/sim/sim.egg-info/SOURCES.txt'
[2.400s] running build
[2.401s] running build_py
[2.402s] running install
[2.403s] running install_lib
[2.405s] running install_data
[2.406s] running install_egg_info
[2.411s] removing '/home/jash/ros2_ws2/install/sim/lib/python3.10/site-packages/sim-0.0.0-py3.10.egg-info' (and everything under it)
[2.412s] Copying ../../build/sim/sim.egg-info to /home/jash/ros2_ws2/install/sim/lib/python3.10/site-packages/sim-0.0.0-py3.10.egg-info
[2.414s] running install_scripts
[2.464s] Installing circle script to /home/jash/ros2_ws2/install/sim/lib/sim
[2.466s] Installing sim0 script to /home/jash/ros2_ws2/install/sim/lib/sim
[2.467s] Installing sim1 script to /home/jash/ros2_ws2/install/sim/lib/sim
[2.470s] writing list of installed files to '/home/jash/ros2_ws2/build/sim/install.log'
[2.656s] Invoked command in '/home/jash/ros2_ws2/src/sim' returned '0': PYTHONPATH=/home/jash/ros2_ws2/build/sim/prefix_override:/home/jash/ros2_ws2/install/sim/lib/python3.10/site-packages:${PYTHONPATH} /usr/bin/python3 setup.py egg_info --egg-base ../../build/sim build --build-base /home/jash/ros2_ws2/build/sim/build install --record /home/jash/ros2_ws2/build/sim/install.log --single-version-externally-managed
