[1.527s] Invoking command in '/home/jash/ros2_ws2/build/circle': PYTHONPATH=/home/jash/ros2_ws2/build/circle/prefix_override:/home/jash/ros2_ws2/install/circle/lib/python3.10/site-packages:${PYTHONPATH} /usr/bin/python3 setup.py develop --uninstall --editable --build-directory /home/jash/ros2_ws2/build/circle/build
[1.847s] running develop
[2.017s] Removing /home/jash/ros2_ws2/install/circle/lib/python3.10/site-packages/circle.egg-link (link to .)
[2.074s] Invoked command in '/home/jash/ros2_ws2/build/circle' returned '0': PYTHONPATH=/home/jash/ros2_ws2/build/circle/prefix_override:/home/jash/ros2_ws2/install/circle/lib/python3.10/site-packages:${PYTHONPATH} /usr/bin/python3 setup.py develop --uninstall --editable --build-directory /home/jash/ros2_ws2/build/circle/build
[2.078s] Invoking command in '/home/jash/ros2_ws2/src/circle': PYTHONPATH=/home/jash/ros2_ws2/build/circle/prefix_override:/home/jash/ros2_ws2/install/circle/lib/python3.10/site-packages:${PYTHONPATH} /usr/bin/python3 setup.py egg_info --egg-base ../../build/circle build --build-base /home/jash/ros2_ws2/build/circle/build install --record /home/jash/ros2_ws2/build/circle/install.log --single-version-externally-managed
[2.454s] running egg_info
[2.455s] writing ../../build/circle/circle.egg-info/PKG-INFO
[2.458s] writing dependency_links to ../../build/circle/circle.egg-info/dependency_links.txt
[2.458s] writing entry points to ../../build/circle/circle.egg-info/entry_points.txt
[2.458s] writing requirements to ../../build/circle/circle.egg-info/requires.txt
[2.458s] writing top-level names to ../../build/circle/circle.egg-info/top_level.txt
[2.462s] reading manifest file '../../build/circle/circle.egg-info/SOURCES.txt'
[2.466s] writing manifest file '../../build/circle/circle.egg-info/SOURCES.txt'
[2.467s] running build
[2.467s] running build_py
[2.467s] running install
[2.469s] running install_lib
[2.469s] creating /home/jash/ros2_ws2/install/circle/lib/python3.10/site-packages/circle
[2.469s] copying /home/jash/ros2_ws2/build/circle/build/lib/circle/__init__.py -> /home/jash/ros2_ws2/install/circle/lib/python3.10/site-packages/circle
[2.477s] copying /home/jash/ros2_ws2/build/circle/build/lib/circle/circle_drawing.py -> /home/jash/ros2_ws2/install/circle/lib/python3.10/site-packages/circle
[2.477s] byte-compiling /home/jash/ros2_ws2/install/circle/lib/python3.10/site-packages/circle/__init__.py to __init__.cpython-310.pyc
[2.477s] byte-compiling /home/jash/ros2_ws2/install/circle/lib/python3.10/site-packages/circle/circle_drawing.py to circle_drawing.cpython-310.pyc
[2.478s] running install_data
[2.478s] running install_egg_info
[2.480s] Copying ../../build/circle/circle.egg-info to /home/jash/ros2_ws2/install/circle/lib/python3.10/site-packages/circle-0.0.0-py3.10.egg-info
[2.485s] running install_scripts
[2.517s] Installing circle_drawing script to /home/jash/ros2_ws2/install/circle/lib/circle
[2.517s] writing list of installed files to '/home/jash/ros2_ws2/build/circle/install.log'
[2.577s] Invoked command in '/home/jash/ros2_ws2/src/circle' returned '0': PYTHONPATH=/home/jash/ros2_ws2/build/circle/prefix_override:/home/jash/ros2_ws2/install/circle/lib/python3.10/site-packages:${PYTHONPATH} /usr/bin/python3 setup.py egg_info --egg-base ../../build/circle build --build-base /home/jash/ros2_ws2/build/circle/build install --record /home/jash/ros2_ws2/build/circle/install.log --single-version-externally-managed
